[35m[1mConsolidate compiler generated dependencies of target vimbax_camera_events[0m
[  0%] Built target ament_cmake_python_copy_vimbax_camera_events
[100%] Built target vimbax_camera_events
running egg_info
writing vimbax_camera_events.egg-info/PKG-INFO
writing dependency_links to vimbax_camera_events.egg-info/dependency_links.txt
writing top-level names to vimbax_camera_events.egg-info/top_level.txt
reading manifest file 'vimbax_camera_events.egg-info/SOURCES.txt'
writing manifest file 'vimbax_camera_events.egg-info/SOURCES.txt'
[100%] Built target ament_cmake_python_build_vimbax_camera_events_egg
-- Install configuration: ""
-- Up-to-date: /home/root1/lzx_ws/project/vimbax_ros_camera/install/vimbax_camera_events/include
-- Up-to-date: /home/root1/lzx_ws/project/vimbax_ros_camera/install/vimbax_camera_events/include/vimbax_camera_events
-- Up-to-date: /home/root1/lzx_ws/project/vimbax_ros_camera/install/vimbax_camera_events/include/vimbax_camera_events/event_publisher_base.hpp
-- Up-to-date: /home/root1/lzx_ws/project/vimbax_ros_camera/install/vimbax_camera_events/include/vimbax_camera_events/vimbax_camera_events.hpp
-- Up-to-date: /home/root1/lzx_ws/project/vimbax_ros_camera/install/vimbax_camera_events/include/vimbax_camera_events/visibility_control.h
-- Up-to-date: /home/root1/lzx_ws/project/vimbax_ros_camera/install/vimbax_camera_events/include/vimbax_camera_events/event_subscriber_base.hpp
-- Up-to-date: /home/root1/lzx_ws/project/vimbax_ros_camera/install/vimbax_camera_events/include/vimbax_camera_events/event_publisher.hpp
-- Up-to-date: /home/root1/lzx_ws/project/vimbax_ros_camera/install/vimbax_camera_events/include/vimbax_camera_events/event_subscriber.hpp
-- Up-to-date: /home/root1/lzx_ws/project/vimbax_ros_camera/install/vimbax_camera_events/lib/libvimbax_camera_events.so
-- Up-to-date: /home/root1/lzx_ws/project/vimbax_ros_camera/install/vimbax_camera_events/share/vimbax_camera_events/environment/pythonpath.sh
-- Up-to-date: /home/root1/lzx_ws/project/vimbax_ros_camera/install/vimbax_camera_events/share/vimbax_camera_events/environment/pythonpath.dsv
-- Up-to-date: /home/root1/lzx_ws/project/vimbax_ros_camera/install/vimbax_camera_events/local/lib/python3.10/dist-packages/vimbax_camera_events-1.0.2-py3.10.egg-info
-- Installing: /home/root1/lzx_ws/project/vimbax_ros_camera/install/vimbax_camera_events/local/lib/python3.10/dist-packages/vimbax_camera_events-1.0.2-py3.10.egg-info/dependency_links.txt
-- Installing: /home/root1/lzx_ws/project/vimbax_ros_camera/install/vimbax_camera_events/local/lib/python3.10/dist-packages/vimbax_camera_events-1.0.2-py3.10.egg-info/PKG-INFO
-- Installing: /home/root1/lzx_ws/project/vimbax_ros_camera/install/vimbax_camera_events/local/lib/python3.10/dist-packages/vimbax_camera_events-1.0.2-py3.10.egg-info/top_level.txt
-- Installing: /home/root1/lzx_ws/project/vimbax_ros_camera/install/vimbax_camera_events/local/lib/python3.10/dist-packages/vimbax_camera_events-1.0.2-py3.10.egg-info/SOURCES.txt
-- Up-to-date: /home/root1/lzx_ws/project/vimbax_ros_camera/install/vimbax_camera_events/local/lib/python3.10/dist-packages/vimbax_camera_events
-- Up-to-date: /home/root1/lzx_ws/project/vimbax_ros_camera/install/vimbax_camera_events/local/lib/python3.10/dist-packages/vimbax_camera_events/event_subscriber.py
-- Up-to-date: /home/root1/lzx_ws/project/vimbax_ros_camera/install/vimbax_camera_events/local/lib/python3.10/dist-packages/vimbax_camera_events/__init__.py
Listing '/home/root1/lzx_ws/project/vimbax_ros_camera/install/vimbax_camera_events/local/lib/python3.10/dist-packages/vimbax_camera_events'...
-- Up-to-date: /home/root1/lzx_ws/project/vimbax_ros_camera/install/vimbax_camera_events/share/vimbax_camera_events/environment/library_path.sh
-- Up-to-date: /home/root1/lzx_ws/project/vimbax_ros_camera/install/vimbax_camera_events/share/vimbax_camera_events/environment/library_path.dsv
-- Up-to-date: /home/root1/lzx_ws/project/vimbax_ros_camera/install/vimbax_camera_events/share/ament_index/resource_index/package_run_dependencies/vimbax_camera_events
-- Up-to-date: /home/root1/lzx_ws/project/vimbax_ros_camera/install/vimbax_camera_events/share/ament_index/resource_index/parent_prefix_path/vimbax_camera_events
-- Up-to-date: /home/root1/lzx_ws/project/vimbax_ros_camera/install/vimbax_camera_events/share/vimbax_camera_events/environment/ament_prefix_path.sh
-- Up-to-date: /home/root1/lzx_ws/project/vimbax_ros_camera/install/vimbax_camera_events/share/vimbax_camera_events/environment/ament_prefix_path.dsv
-- Up-to-date: /home/root1/lzx_ws/project/vimbax_ros_camera/install/vimbax_camera_events/share/vimbax_camera_events/environment/path.sh
-- Up-to-date: /home/root1/lzx_ws/project/vimbax_ros_camera/install/vimbax_camera_events/share/vimbax_camera_events/environment/path.dsv
-- Up-to-date: /home/root1/lzx_ws/project/vimbax_ros_camera/install/vimbax_camera_events/share/vimbax_camera_events/local_setup.bash
-- Up-to-date: /home/root1/lzx_ws/project/vimbax_ros_camera/install/vimbax_camera_events/share/vimbax_camera_events/local_setup.sh
-- Up-to-date: /home/root1/lzx_ws/project/vimbax_ros_camera/install/vimbax_camera_events/share/vimbax_camera_events/local_setup.zsh
-- Up-to-date: /home/root1/lzx_ws/project/vimbax_ros_camera/install/vimbax_camera_events/share/vimbax_camera_events/local_setup.dsv
-- Installing: /home/root1/lzx_ws/project/vimbax_ros_camera/install/vimbax_camera_events/share/vimbax_camera_events/package.dsv
-- Up-to-date: /home/root1/lzx_ws/project/vimbax_ros_camera/install/vimbax_camera_events/share/ament_index/resource_index/packages/vimbax_camera_events
-- Up-to-date: /home/root1/lzx_ws/project/vimbax_ros_camera/install/vimbax_camera_events/share/vimbax_camera_events/cmake/export_vimbax_camera_eventsExport.cmake
-- Up-to-date: /home/root1/lzx_ws/project/vimbax_ros_camera/install/vimbax_camera_events/share/vimbax_camera_events/cmake/export_vimbax_camera_eventsExport-noconfig.cmake
-- Up-to-date: /home/root1/lzx_ws/project/vimbax_ros_camera/install/vimbax_camera_events/share/vimbax_camera_events/cmake/ament_cmake_export_include_directories-extras.cmake
-- Up-to-date: /home/root1/lzx_ws/project/vimbax_ros_camera/install/vimbax_camera_events/share/vimbax_camera_events/cmake/ament_cmake_export_libraries-extras.cmake
-- Up-to-date: /home/root1/lzx_ws/project/vimbax_ros_camera/install/vimbax_camera_events/share/vimbax_camera_events/cmake/ament_cmake_export_targets-extras.cmake
-- Up-to-date: /home/root1/lzx_ws/project/vimbax_ros_camera/install/vimbax_camera_events/share/vimbax_camera_events/cmake/vimbax_camera_eventsConfig.cmake
-- Up-to-date: /home/root1/lzx_ws/project/vimbax_ros_camera/install/vimbax_camera_events/share/vimbax_camera_events/cmake/vimbax_camera_eventsConfig-version.cmake
-- Up-to-date: /home/root1/lzx_ws/project/vimbax_ros_camera/install/vimbax_camera_events/share/vimbax_camera_events/package.xml
