[0.022s] Invoking command in '/home/root1/lzx_ws/project/vimbax_ros_camera/build/vimbax_camera_events': CMAKE_PREFIX_PATH=/home/root1/lzx_ws/project/vimbax_ros_camera/install/vimbax_camera_msgs:/home/root1/lzx_ws/project/vimbax_ros_camera/install/vimbax_camera:/home/root1/lzx_ws/project/vimbax_ros_camera/install/vmbc_interface:/home/root1/lzx_ws/project/vimbax_ros_camera/install/vimbax_camera_examples:/home/root1/lzx_ws/project/vimbax_ros_camera/install/vimbax_camera_events:/home/root1/ros2_ws/install/robot_interface:/opt/ros/humble:/home/root1/lzx_ws/project/vimbax_ros_camera/install/vimbax_camera_color_correction LD_LIBRARY_PATH=/home/root1/lzx_ws/project/vimbax_ros_camera/install/vimbax_camera_msgs/lib:/home/root1/lzx_ws/project/vimbax_ros_camera/install/vimbax_camera/lib:/home/root1/lzx_ws/project/vimbax_ros_camera/install/vimbax_camera_examples/lib:/home/root1/lzx_ws/project/vimbax_ros_camera/install/vimbax_camera_events/lib:/home/root1/.local/lib:/home/root1/ros2_ws/install/robot_interface/lib:/opt/ros/humble/opt/rviz_ogre_vendor/lib:/opt/ros/humble/lib/x86_64-linux-gnu:/opt/ros/humble/lib:/usr/local/cuda-12.2/lib64:/usr/local/cuda-12.2/lib64:/usr/local/cuda-12.2/lib64 /usr/bin/cmake --build /home/root1/lzx_ws/project/vimbax_ros_camera/build/vimbax_camera_events -- -j16 -l16
[0.050s] [  0%] Built target ament_cmake_python_copy_vimbax_camera_events
[0.055s] [100%] Built target vimbax_camera_events
[0.319s] running egg_info
[0.342s] writing vimbax_camera_events.egg-info/PKG-INFO
[0.342s] writing dependency_links to vimbax_camera_events.egg-info/dependency_links.txt
[0.342s] writing top-level names to vimbax_camera_events.egg-info/top_level.txt
[0.533s] reading manifest file 'vimbax_camera_events.egg-info/SOURCES.txt'
[0.533s] writing manifest file 'vimbax_camera_events.egg-info/SOURCES.txt'
[0.569s] [100%] Built target ament_cmake_python_build_vimbax_camera_events_egg
[0.574s] Invoked command in '/home/root1/lzx_ws/project/vimbax_ros_camera/build/vimbax_camera_events' returned '0': CMAKE_PREFIX_PATH=/home/root1/lzx_ws/project/vimbax_ros_camera/install/vimbax_camera_msgs:/home/root1/lzx_ws/project/vimbax_ros_camera/install/vimbax_camera:/home/root1/lzx_ws/project/vimbax_ros_camera/install/vmbc_interface:/home/root1/lzx_ws/project/vimbax_ros_camera/install/vimbax_camera_examples:/home/root1/lzx_ws/project/vimbax_ros_camera/install/vimbax_camera_events:/home/root1/ros2_ws/install/robot_interface:/opt/ros/humble:/home/root1/lzx_ws/project/vimbax_ros_camera/install/vimbax_camera_color_correction LD_LIBRARY_PATH=/home/root1/lzx_ws/project/vimbax_ros_camera/install/vimbax_camera_msgs/lib:/home/root1/lzx_ws/project/vimbax_ros_camera/install/vimbax_camera/lib:/home/root1/lzx_ws/project/vimbax_ros_camera/install/vimbax_camera_examples/lib:/home/root1/lzx_ws/project/vimbax_ros_camera/install/vimbax_camera_events/lib:/home/root1/.local/lib:/home/root1/ros2_ws/install/robot_interface/lib:/opt/ros/humble/opt/rviz_ogre_vendor/lib:/opt/ros/humble/lib/x86_64-linux-gnu:/opt/ros/humble/lib:/usr/local/cuda-12.2/lib64:/usr/local/cuda-12.2/lib64:/usr/local/cuda-12.2/lib64 /usr/bin/cmake --build /home/root1/lzx_ws/project/vimbax_ros_camera/build/vimbax_camera_events -- -j16 -l16
[0.575s] Invoking command in '/home/root1/lzx_ws/project/vimbax_ros_camera/build/vimbax_camera_events': CMAKE_PREFIX_PATH=/home/root1/lzx_ws/project/vimbax_ros_camera/install/vimbax_camera_msgs:/home/root1/lzx_ws/project/vimbax_ros_camera/install/vimbax_camera:/home/root1/lzx_ws/project/vimbax_ros_camera/install/vmbc_interface:/home/root1/lzx_ws/project/vimbax_ros_camera/install/vimbax_camera_examples:/home/root1/lzx_ws/project/vimbax_ros_camera/install/vimbax_camera_events:/home/root1/ros2_ws/install/robot_interface:/opt/ros/humble:/home/root1/lzx_ws/project/vimbax_ros_camera/install/vimbax_camera_color_correction LD_LIBRARY_PATH=/home/root1/lzx_ws/project/vimbax_ros_camera/install/vimbax_camera_msgs/lib:/home/root1/lzx_ws/project/vimbax_ros_camera/install/vimbax_camera/lib:/home/root1/lzx_ws/project/vimbax_ros_camera/install/vimbax_camera_examples/lib:/home/root1/lzx_ws/project/vimbax_ros_camera/install/vimbax_camera_events/lib:/home/root1/.local/lib:/home/root1/ros2_ws/install/robot_interface/lib:/opt/ros/humble/opt/rviz_ogre_vendor/lib:/opt/ros/humble/lib/x86_64-linux-gnu:/opt/ros/humble/lib:/usr/local/cuda-12.2/lib64:/usr/local/cuda-12.2/lib64:/usr/local/cuda-12.2/lib64 /usr/bin/cmake --install /home/root1/lzx_ws/project/vimbax_ros_camera/build/vimbax_camera_events
[0.578s] -- Install configuration: ""
[0.578s] -- Up-to-date: /home/root1/lzx_ws/project/vimbax_ros_camera/install/vimbax_camera_events/include
[0.578s] -- Up-to-date: /home/root1/lzx_ws/project/vimbax_ros_camera/install/vimbax_camera_events/include/vimbax_camera_events
[0.578s] -- Up-to-date: /home/root1/lzx_ws/project/vimbax_ros_camera/install/vimbax_camera_events/include/vimbax_camera_events/event_publisher_base.hpp
[0.578s] -- Up-to-date: /home/root1/lzx_ws/project/vimbax_ros_camera/install/vimbax_camera_events/include/vimbax_camera_events/vimbax_camera_events.hpp
[0.579s] -- Up-to-date: /home/root1/lzx_ws/project/vimbax_ros_camera/install/vimbax_camera_events/include/vimbax_camera_events/visibility_control.h
[0.579s] -- Up-to-date: /home/root1/lzx_ws/project/vimbax_ros_camera/install/vimbax_camera_events/include/vimbax_camera_events/event_subscriber_base.hpp
[0.579s] -- Up-to-date: /home/root1/lzx_ws/project/vimbax_ros_camera/install/vimbax_camera_events/include/vimbax_camera_events/event_publisher.hpp
[0.579s] -- Up-to-date: /home/root1/lzx_ws/project/vimbax_ros_camera/install/vimbax_camera_events/include/vimbax_camera_events/event_subscriber.hpp
[0.579s] -- Up-to-date: /home/root1/lzx_ws/project/vimbax_ros_camera/install/vimbax_camera_events/lib/libvimbax_camera_events.so
[0.579s] -- Up-to-date: /home/root1/lzx_ws/project/vimbax_ros_camera/install/vimbax_camera_events/share/vimbax_camera_events/environment/pythonpath.sh
[0.579s] -- Up-to-date: /home/root1/lzx_ws/project/vimbax_ros_camera/install/vimbax_camera_events/share/vimbax_camera_events/environment/pythonpath.dsv
[0.579s] -- Up-to-date: /home/root1/lzx_ws/project/vimbax_ros_camera/install/vimbax_camera_events/local/lib/python3.10/dist-packages/vimbax_camera_events-1.0.2-py3.10.egg-info
[0.579s] -- Installing: /home/root1/lzx_ws/project/vimbax_ros_camera/install/vimbax_camera_events/local/lib/python3.10/dist-packages/vimbax_camera_events-1.0.2-py3.10.egg-info/dependency_links.txt
[0.579s] -- Installing: /home/root1/lzx_ws/project/vimbax_ros_camera/install/vimbax_camera_events/local/lib/python3.10/dist-packages/vimbax_camera_events-1.0.2-py3.10.egg-info/PKG-INFO
[0.579s] -- Installing: /home/root1/lzx_ws/project/vimbax_ros_camera/install/vimbax_camera_events/local/lib/python3.10/dist-packages/vimbax_camera_events-1.0.2-py3.10.egg-info/top_level.txt
[0.579s] -- Installing: /home/root1/lzx_ws/project/vimbax_ros_camera/install/vimbax_camera_events/local/lib/python3.10/dist-packages/vimbax_camera_events-1.0.2-py3.10.egg-info/SOURCES.txt
[0.580s] -- Up-to-date: /home/root1/lzx_ws/project/vimbax_ros_camera/install/vimbax_camera_events/local/lib/python3.10/dist-packages/vimbax_camera_events
[0.580s] -- Up-to-date: /home/root1/lzx_ws/project/vimbax_ros_camera/install/vimbax_camera_events/local/lib/python3.10/dist-packages/vimbax_camera_events/event_subscriber.py
[0.580s] -- Up-to-date: /home/root1/lzx_ws/project/vimbax_ros_camera/install/vimbax_camera_events/local/lib/python3.10/dist-packages/vimbax_camera_events/__init__.py
[0.614s] Listing '/home/root1/lzx_ws/project/vimbax_ros_camera/install/vimbax_camera_events/local/lib/python3.10/dist-packages/vimbax_camera_events'...
[0.619s] -- Up-to-date: /home/root1/lzx_ws/project/vimbax_ros_camera/install/vimbax_camera_events/share/vimbax_camera_events/environment/library_path.sh
[0.620s] -- Up-to-date: /home/root1/lzx_ws/project/vimbax_ros_camera/install/vimbax_camera_events/share/vimbax_camera_events/environment/library_path.dsv
[0.620s] -- Up-to-date: /home/root1/lzx_ws/project/vimbax_ros_camera/install/vimbax_camera_events/share/ament_index/resource_index/package_run_dependencies/vimbax_camera_events
[0.620s] -- Up-to-date: /home/root1/lzx_ws/project/vimbax_ros_camera/install/vimbax_camera_events/share/ament_index/resource_index/parent_prefix_path/vimbax_camera_events
[0.620s] -- Up-to-date: /home/root1/lzx_ws/project/vimbax_ros_camera/install/vimbax_camera_events/share/vimbax_camera_events/environment/ament_prefix_path.sh
[0.620s] -- Up-to-date: /home/root1/lzx_ws/project/vimbax_ros_camera/install/vimbax_camera_events/share/vimbax_camera_events/environment/ament_prefix_path.dsv
[0.620s] -- Up-to-date: /home/root1/lzx_ws/project/vimbax_ros_camera/install/vimbax_camera_events/share/vimbax_camera_events/environment/path.sh
[0.620s] -- Up-to-date: /home/root1/lzx_ws/project/vimbax_ros_camera/install/vimbax_camera_events/share/vimbax_camera_events/environment/path.dsv
[0.620s] -- Up-to-date: /home/root1/lzx_ws/project/vimbax_ros_camera/install/vimbax_camera_events/share/vimbax_camera_events/local_setup.bash
[0.620s] -- Up-to-date: /home/root1/lzx_ws/project/vimbax_ros_camera/install/vimbax_camera_events/share/vimbax_camera_events/local_setup.sh
[0.621s] -- Up-to-date: /home/root1/lzx_ws/project/vimbax_ros_camera/install/vimbax_camera_events/share/vimbax_camera_events/local_setup.zsh
[0.621s] -- Up-to-date: /home/root1/lzx_ws/project/vimbax_ros_camera/install/vimbax_camera_events/share/vimbax_camera_events/local_setup.dsv
[0.621s] -- Installing: /home/root1/lzx_ws/project/vimbax_ros_camera/install/vimbax_camera_events/share/vimbax_camera_events/package.dsv
[0.621s] -- Up-to-date: /home/root1/lzx_ws/project/vimbax_ros_camera/install/vimbax_camera_events/share/ament_index/resource_index/packages/vimbax_camera_events
[0.621s] -- Up-to-date: /home/root1/lzx_ws/project/vimbax_ros_camera/install/vimbax_camera_events/share/vimbax_camera_events/cmake/export_vimbax_camera_eventsExport.cmake
[0.621s] -- Up-to-date: /home/root1/lzx_ws/project/vimbax_ros_camera/install/vimbax_camera_events/share/vimbax_camera_events/cmake/export_vimbax_camera_eventsExport-noconfig.cmake
[0.621s] -- Up-to-date: /home/root1/lzx_ws/project/vimbax_ros_camera/install/vimbax_camera_events/share/vimbax_camera_events/cmake/ament_cmake_export_include_directories-extras.cmake
[0.621s] -- Up-to-date: /home/root1/lzx_ws/project/vimbax_ros_camera/install/vimbax_camera_events/share/vimbax_camera_events/cmake/ament_cmake_export_libraries-extras.cmake
[0.621s] -- Up-to-date: /home/root1/lzx_ws/project/vimbax_ros_camera/install/vimbax_camera_events/share/vimbax_camera_events/cmake/ament_cmake_export_targets-extras.cmake
[0.621s] -- Up-to-date: /home/root1/lzx_ws/project/vimbax_ros_camera/install/vimbax_camera_events/share/vimbax_camera_events/cmake/vimbax_camera_eventsConfig.cmake
[0.621s] -- Up-to-date: /home/root1/lzx_ws/project/vimbax_ros_camera/install/vimbax_camera_events/share/vimbax_camera_events/cmake/vimbax_camera_eventsConfig-version.cmake
[0.621s] -- Up-to-date: /home/root1/lzx_ws/project/vimbax_ros_camera/install/vimbax_camera_events/share/vimbax_camera_events/package.xml
[0.623s] Invoked command in '/home/root1/lzx_ws/project/vimbax_ros_camera/build/vimbax_camera_events' returned '0': CMAKE_PREFIX_PATH=/home/root1/lzx_ws/project/vimbax_ros_camera/install/vimbax_camera_msgs:/home/root1/lzx_ws/project/vimbax_ros_camera/install/vimbax_camera:/home/root1/lzx_ws/project/vimbax_ros_camera/install/vmbc_interface:/home/root1/lzx_ws/project/vimbax_ros_camera/install/vimbax_camera_examples:/home/root1/lzx_ws/project/vimbax_ros_camera/install/vimbax_camera_events:/home/root1/ros2_ws/install/robot_interface:/opt/ros/humble:/home/root1/lzx_ws/project/vimbax_ros_camera/install/vimbax_camera_color_correction LD_LIBRARY_PATH=/home/root1/lzx_ws/project/vimbax_ros_camera/install/vimbax_camera_msgs/lib:/home/root1/lzx_ws/project/vimbax_ros_camera/install/vimbax_camera/lib:/home/root1/lzx_ws/project/vimbax_ros_camera/install/vimbax_camera_examples/lib:/home/root1/lzx_ws/project/vimbax_ros_camera/install/vimbax_camera_events/lib:/home/root1/.local/lib:/home/root1/ros2_ws/install/robot_interface/lib:/opt/ros/humble/opt/rviz_ogre_vendor/lib:/opt/ros/humble/lib/x86_64-linux-gnu:/opt/ros/humble/lib:/usr/local/cuda-12.2/lib64:/usr/local/cuda-12.2/lib64:/usr/local/cuda-12.2/lib64 /usr/bin/cmake --install /home/root1/lzx_ws/project/vimbax_ros_camera/build/vimbax_camera_events
