-- The C compiler identification is GNU 11.4.0
-- The CXX compiler identification is GNU 11.4.0
-- Detecting C compiler ABI info
-- Detecting C compiler ABI info - done
-- Check for working C compiler: /usr/bin/cc - skipped
-- Detecting C compile features
-- Detecting C compile features - done
-- Detecting CXX compiler ABI info
-- Detecting CXX compiler ABI info - done
-- Check for working CXX compiler: /usr/bin/c++ - skipped
-- Detecting CXX compile features
-- Detecting CXX compile features - done
-- Found ament_cmake: 1.3.12 (/opt/ros/humble/share/ament_cmake/cmake)
-- Found Python3: /usr/bin/python3 (found version "3.10.12") found components: Interpreter 
-- Found ament_cmake_ros: 0.10.0 (/opt/ros/humble/share/ament_cmake_ros/cmake)
-- Found rclcpp: 16.0.16 (/opt/ros/humble/share/rclcpp/cmake)
-- Found rosidl_generator_c: 3.1.7 (/opt/ros/humble/share/rosidl_generator_c/cmake)
-- Found rosidl_adapter: 3.1.7 (/opt/ros/humble/share/rosidl_adapter/cmake)
-- Found rosidl_generator_cpp: 3.1.7 (/opt/ros/humble/share/rosidl_generator_cpp/cmake)
-- Using all available rosidl_typesupport_c: rosidl_typesupport_fastrtps_c;rosidl_typesupport_introspection_c
-- Using all available rosidl_typesupport_cpp: rosidl_typesupport_fastrtps_cpp;rosidl_typesupport_introspection_cpp
-- Found rmw_implementation_cmake: 6.1.2 (/opt/ros/humble/share/rmw_implementation_cmake/cmake)
-- Found rmw_cyclonedds_cpp: 1.3.4 (/opt/ros/humble/share/rmw_cyclonedds_cpp/cmake)
-- Using RMW implementation 'rmw_cyclonedds_cpp' as default
-- Performing Test CMAKE_HAVE_LIBC_PTHREAD
-- Performing Test CMAKE_HAVE_LIBC_PTHREAD - Success
-- Found Threads: TRUE  
-- Found vimbax_camera_msgs: 1.0.2 (/home/root1/lzx_ws/project/vimbax_ros_camera/install/vimbax_camera_msgs/share/vimbax_camera_msgs/cmake)
-- Found ament_lint_auto: 0.12.14 (/opt/ros/humble/share/ament_lint_auto/cmake)
-- Added test 'copyright' to check source files copyright and LICENSE
-- Added test 'cppcheck' to perform static code analysis on C / C++ code
-- Configured cppcheck include dirs: $<BUILD_INTERFACE:/home/root1/lzx_ws/project/vimbax_ros_camera/src/vimbax_ros2_driver/vimbax_camera_events/include>
-- Configured cppcheck exclude dirs and/or files: 
-- Added test 'cpplint' to check C / C++ code against the Google style
-- Configured cpplint exclude dirs and/or files: 
-- Added test 'flake8' to check Python code syntax and style conventions
-- Added test 'lint_cmake' to check CMake code style
-- Added test 'pep257' to check Python code against some of the docstring style conventions in PEP 257
-- Added test 'uncrustify' to check C / C++ code style
-- Configured uncrustify additional arguments: 
-- Added test 'xmllint' to check XML markup files
-- Configuring done
-- Generating done
-- Build files have been written to: /home/root1/lzx_ws/project/vimbax_ros_camera/build/vimbax_camera_events
[ 25%] [32mBuilding CXX object CMakeFiles/vimbax_camera_events.dir/src/vimbax_camera_events.cpp.o[0m
[ 50%] [32mBuilding CXX object CMakeFiles/vimbax_camera_events.dir/src/event_subscriber_base.cpp.o[0m
[ 75%] [32mBuilding CXX object CMakeFiles/vimbax_camera_events.dir/src/event_publisher_base.cpp.o[0m
[ 75%] Built target ament_cmake_python_copy_vimbax_camera_events
running egg_info
creating vimbax_camera_events.egg-info
writing vimbax_camera_events.egg-info/PKG-INFO
writing dependency_links to vimbax_camera_events.egg-info/dependency_links.txt
writing top-level names to vimbax_camera_events.egg-info/top_level.txt
writing manifest file 'vimbax_camera_events.egg-info/SOURCES.txt'
reading manifest file 'vimbax_camera_events.egg-info/SOURCES.txt'
writing manifest file 'vimbax_camera_events.egg-info/SOURCES.txt'
[ 75%] Built target ament_cmake_python_build_vimbax_camera_events_egg
[100%] [32m[1mLinking CXX shared library libvimbax_camera_events.so[0m
[100%] Built target vimbax_camera_events
-- Install configuration: ""
-- Installing: /home/root1/lzx_ws/project/vimbax_ros_camera/install/vimbax_camera_events/include
-- Installing: /home/root1/lzx_ws/project/vimbax_ros_camera/install/vimbax_camera_events/include/vimbax_camera_events
-- Installing: /home/root1/lzx_ws/project/vimbax_ros_camera/install/vimbax_camera_events/include/vimbax_camera_events/event_publisher_base.hpp
-- Installing: /home/root1/lzx_ws/project/vimbax_ros_camera/install/vimbax_camera_events/include/vimbax_camera_events/vimbax_camera_events.hpp
-- Installing: /home/root1/lzx_ws/project/vimbax_ros_camera/install/vimbax_camera_events/include/vimbax_camera_events/visibility_control.h
-- Installing: /home/root1/lzx_ws/project/vimbax_ros_camera/install/vimbax_camera_events/include/vimbax_camera_events/event_subscriber_base.hpp
-- Installing: /home/root1/lzx_ws/project/vimbax_ros_camera/install/vimbax_camera_events/include/vimbax_camera_events/event_publisher.hpp
-- Installing: /home/root1/lzx_ws/project/vimbax_ros_camera/install/vimbax_camera_events/include/vimbax_camera_events/event_subscriber.hpp
-- Installing: /home/root1/lzx_ws/project/vimbax_ros_camera/install/vimbax_camera_events/lib/libvimbax_camera_events.so
-- Set runtime path of "/home/root1/lzx_ws/project/vimbax_ros_camera/install/vimbax_camera_events/lib/libvimbax_camera_events.so" to ""
-- Installing: /home/root1/lzx_ws/project/vimbax_ros_camera/install/vimbax_camera_events/share/vimbax_camera_events/environment/pythonpath.sh
-- Installing: /home/root1/lzx_ws/project/vimbax_ros_camera/install/vimbax_camera_events/share/vimbax_camera_events/environment/pythonpath.dsv
-- Installing: /home/root1/lzx_ws/project/vimbax_ros_camera/install/vimbax_camera_events/local/lib/python3.10/dist-packages/vimbax_camera_events-1.0.2-py3.10.egg-info
-- Installing: /home/root1/lzx_ws/project/vimbax_ros_camera/install/vimbax_camera_events/local/lib/python3.10/dist-packages/vimbax_camera_events-1.0.2-py3.10.egg-info/dependency_links.txt
-- Installing: /home/root1/lzx_ws/project/vimbax_ros_camera/install/vimbax_camera_events/local/lib/python3.10/dist-packages/vimbax_camera_events-1.0.2-py3.10.egg-info/PKG-INFO
-- Installing: /home/root1/lzx_ws/project/vimbax_ros_camera/install/vimbax_camera_events/local/lib/python3.10/dist-packages/vimbax_camera_events-1.0.2-py3.10.egg-info/top_level.txt
-- Installing: /home/root1/lzx_ws/project/vimbax_ros_camera/install/vimbax_camera_events/local/lib/python3.10/dist-packages/vimbax_camera_events-1.0.2-py3.10.egg-info/SOURCES.txt
-- Installing: /home/root1/lzx_ws/project/vimbax_ros_camera/install/vimbax_camera_events/local/lib/python3.10/dist-packages/vimbax_camera_events
-- Installing: /home/root1/lzx_ws/project/vimbax_ros_camera/install/vimbax_camera_events/local/lib/python3.10/dist-packages/vimbax_camera_events/event_subscriber.py
-- Installing: /home/root1/lzx_ws/project/vimbax_ros_camera/install/vimbax_camera_events/local/lib/python3.10/dist-packages/vimbax_camera_events/__init__.py
Listing '/home/root1/lzx_ws/project/vimbax_ros_camera/install/vimbax_camera_events/local/lib/python3.10/dist-packages/vimbax_camera_events'...
Compiling '/home/root1/lzx_ws/project/vimbax_ros_camera/install/vimbax_camera_events/local/lib/python3.10/dist-packages/vimbax_camera_events/__init__.py'...
Compiling '/home/root1/lzx_ws/project/vimbax_ros_camera/install/vimbax_camera_events/local/lib/python3.10/dist-packages/vimbax_camera_events/event_subscriber.py'...
-- Installing: /home/root1/lzx_ws/project/vimbax_ros_camera/install/vimbax_camera_events/share/vimbax_camera_events/environment/library_path.sh
-- Installing: /home/root1/lzx_ws/project/vimbax_ros_camera/install/vimbax_camera_events/share/vimbax_camera_events/environment/library_path.dsv
-- Installing: /home/root1/lzx_ws/project/vimbax_ros_camera/install/vimbax_camera_events/share/ament_index/resource_index/package_run_dependencies/vimbax_camera_events
-- Installing: /home/root1/lzx_ws/project/vimbax_ros_camera/install/vimbax_camera_events/share/ament_index/resource_index/parent_prefix_path/vimbax_camera_events
-- Installing: /home/root1/lzx_ws/project/vimbax_ros_camera/install/vimbax_camera_events/share/vimbax_camera_events/environment/ament_prefix_path.sh
-- Installing: /home/root1/lzx_ws/project/vimbax_ros_camera/install/vimbax_camera_events/share/vimbax_camera_events/environment/ament_prefix_path.dsv
-- Installing: /home/root1/lzx_ws/project/vimbax_ros_camera/install/vimbax_camera_events/share/vimbax_camera_events/environment/path.sh
-- Installing: /home/root1/lzx_ws/project/vimbax_ros_camera/install/vimbax_camera_events/share/vimbax_camera_events/environment/path.dsv
-- Installing: /home/root1/lzx_ws/project/vimbax_ros_camera/install/vimbax_camera_events/share/vimbax_camera_events/local_setup.bash
-- Installing: /home/root1/lzx_ws/project/vimbax_ros_camera/install/vimbax_camera_events/share/vimbax_camera_events/local_setup.sh
-- Installing: /home/root1/lzx_ws/project/vimbax_ros_camera/install/vimbax_camera_events/share/vimbax_camera_events/local_setup.zsh
-- Installing: /home/root1/lzx_ws/project/vimbax_ros_camera/install/vimbax_camera_events/share/vimbax_camera_events/local_setup.dsv
-- Installing: /home/root1/lzx_ws/project/vimbax_ros_camera/install/vimbax_camera_events/share/vimbax_camera_events/package.dsv
-- Installing: /home/root1/lzx_ws/project/vimbax_ros_camera/install/vimbax_camera_events/share/ament_index/resource_index/packages/vimbax_camera_events
-- Installing: /home/root1/lzx_ws/project/vimbax_ros_camera/install/vimbax_camera_events/share/vimbax_camera_events/cmake/export_vimbax_camera_eventsExport.cmake
-- Installing: /home/root1/lzx_ws/project/vimbax_ros_camera/install/vimbax_camera_events/share/vimbax_camera_events/cmake/export_vimbax_camera_eventsExport-noconfig.cmake
-- Installing: /home/root1/lzx_ws/project/vimbax_ros_camera/install/vimbax_camera_events/share/vimbax_camera_events/cmake/ament_cmake_export_include_directories-extras.cmake
-- Installing: /home/root1/lzx_ws/project/vimbax_ros_camera/install/vimbax_camera_events/share/vimbax_camera_events/cmake/ament_cmake_export_libraries-extras.cmake
-- Installing: /home/root1/lzx_ws/project/vimbax_ros_camera/install/vimbax_camera_events/share/vimbax_camera_events/cmake/ament_cmake_export_targets-extras.cmake
-- Installing: /home/root1/lzx_ws/project/vimbax_ros_camera/install/vimbax_camera_events/share/vimbax_camera_events/cmake/vimbax_camera_eventsConfig.cmake
-- Installing: /home/root1/lzx_ws/project/vimbax_ros_camera/install/vimbax_camera_events/share/vimbax_camera_events/cmake/vimbax_camera_eventsConfig-version.cmake
-- Installing: /home/root1/lzx_ws/project/vimbax_ros_camera/install/vimbax_camera_events/share/vimbax_camera_events/package.xml
