[0.009s] Invoking command in '/home/root1/lzx_ws/project/vimbax_ros_camera/build/vimbax_camera_events': CMAKE_PREFIX_PATH=/home/root1/lzx_ws/project/vimbax_ros_camera/install/vimbax_camera_msgs:/home/root1/lzx_ws/project/vimbax_ros_camera/install/vimbax_camera_lut:/home/root1/lzx_ws/project/vimbax_ros_camera/install/vimbax_camera:/home/root1/lzx_ws/project/vimbax_ros_camera/install/vmbc_interface:/home/root1/lzx_ws/project/vimbax_ros_camera/install/vimbax_camera_examples:/home/root1/lzx_ws/project/vimbax_ros_camera/install/vimbax_camera_events:/home/root1/ros2_ws/install/robot_interface:/opt/ros/humble:/home/root1/lzx_ws/project/vimbax_ros_camera/install/vimbax_camera_color_correction LD_LIBRARY_PATH=/home/root1/lzx_ws/project/vimbax_ros_camera/install/vimbax_camera_msgs/lib:/home/root1/lzx_ws/project/vimbax_ros_camera/install/vimbax_camera/lib:/home/root1/lzx_ws/project/vimbax_ros_camera/install/vimbax_camera_examples/lib:/home/root1/lzx_ws/project/vimbax_ros_camera/install/vimbax_camera_events/lib:/home/root1/.local/lib:/home/root1/ros2_ws/install/robot_interface/lib:/opt/ros/humble/opt/rviz_ogre_vendor/lib:/opt/ros/humble/lib/x86_64-linux-gnu:/opt/ros/humble/lib:/usr/local/cuda-12.2/lib64:/usr/local/cuda-12.2/lib64:/usr/local/cuda-12.2/lib64 /usr/bin/cmake /home/root1/lzx_ws/project/vimbax_ros_camera/src/vimbax_ros2_driver/vimbax_camera_events -DCMAKE_INSTALL_PREFIX=/home/root1/lzx_ws/project/vimbax_ros_camera/install/vimbax_camera_events
[0.055s] -- The C compiler identification is GNU 11.4.0
[0.106s] -- The CXX compiler identification is GNU 11.4.0
[0.116s] -- Detecting C compiler ABI info
[0.167s] -- Detecting C compiler ABI info - done
[0.174s] -- Check for working C compiler: /usr/bin/cc - skipped
[0.174s] -- Detecting C compile features
[0.175s] -- Detecting C compile features - done
[0.177s] -- Detecting CXX compiler ABI info
[0.238s] -- Detecting CXX compiler ABI info - done
[0.246s] -- Check for working CXX compiler: /usr/bin/c++ - skipped
[0.246s] -- Detecting CXX compile features
[0.247s] -- Detecting CXX compile features - done
[0.249s] -- Found ament_cmake: 1.3.12 (/opt/ros/humble/share/ament_cmake/cmake)
[0.560s] -- Found Python3: /usr/bin/python3 (found version "3.10.12") found components: Interpreter 
[0.646s] -- Found ament_cmake_ros: 0.10.0 (/opt/ros/humble/share/ament_cmake_ros/cmake)
[0.656s] -- Found rclcpp: 16.0.16 (/opt/ros/humble/share/rclcpp/cmake)
[0.716s] -- Found rosidl_generator_c: 3.1.7 (/opt/ros/humble/share/rosidl_generator_c/cmake)
[0.721s] -- Found rosidl_adapter: 3.1.7 (/opt/ros/humble/share/rosidl_adapter/cmake)
[0.730s] -- Found rosidl_generator_cpp: 3.1.7 (/opt/ros/humble/share/rosidl_generator_cpp/cmake)
[0.743s] -- Using all available rosidl_typesupport_c: rosidl_typesupport_fastrtps_c;rosidl_typesupport_introspection_c
[0.761s] -- Using all available rosidl_typesupport_cpp: rosidl_typesupport_fastrtps_cpp;rosidl_typesupport_introspection_cpp
[0.836s] -- Found rmw_implementation_cmake: 6.1.2 (/opt/ros/humble/share/rmw_implementation_cmake/cmake)
[0.841s] -- Found rmw_cyclonedds_cpp: 1.3.4 (/opt/ros/humble/share/rmw_cyclonedds_cpp/cmake)
[0.908s] -- Using RMW implementation 'rmw_cyclonedds_cpp' as default
[1.008s] -- Performing Test CMAKE_HAVE_LIBC_PTHREAD
[1.076s] -- Performing Test CMAKE_HAVE_LIBC_PTHREAD - Success
[1.077s] -- Found Threads: TRUE  
[1.163s] -- Found vimbax_camera_msgs: 1.0.2 (/home/root1/lzx_ws/project/vimbax_ros_camera/install/vimbax_camera_msgs/share/vimbax_camera_msgs/cmake)
[1.175s] -- Found ament_lint_auto: 0.12.14 (/opt/ros/humble/share/ament_lint_auto/cmake)
[1.298s] -- Added test 'copyright' to check source files copyright and LICENSE
[1.300s] -- Added test 'cppcheck' to perform static code analysis on C / C++ code
[1.300s] -- Configured cppcheck include dirs: $<BUILD_INTERFACE:/home/root1/lzx_ws/project/vimbax_ros_camera/src/vimbax_ros2_driver/vimbax_camera_events/include>
[1.300s] -- Configured cppcheck exclude dirs and/or files: 
[1.301s] -- Added test 'cpplint' to check C / C++ code against the Google style
[1.301s] -- Configured cpplint exclude dirs and/or files: 
[1.302s] -- Added test 'flake8' to check Python code syntax and style conventions
[1.303s] -- Added test 'lint_cmake' to check CMake code style
[1.303s] -- Added test 'pep257' to check Python code against some of the docstring style conventions in PEP 257
[1.305s] -- Added test 'uncrustify' to check C / C++ code style
[1.305s] -- Configured uncrustify additional arguments: 
[1.305s] -- Added test 'xmllint' to check XML markup files
[1.308s] -- Configuring done
[1.319s] -- Generating done
[1.324s] -- Build files have been written to: /home/root1/lzx_ws/project/vimbax_ros_camera/build/vimbax_camera_events
[1.332s] Invoked command in '/home/root1/lzx_ws/project/vimbax_ros_camera/build/vimbax_camera_events' returned '0': CMAKE_PREFIX_PATH=/home/root1/lzx_ws/project/vimbax_ros_camera/install/vimbax_camera_msgs:/home/root1/lzx_ws/project/vimbax_ros_camera/install/vimbax_camera_lut:/home/root1/lzx_ws/project/vimbax_ros_camera/install/vimbax_camera:/home/root1/lzx_ws/project/vimbax_ros_camera/install/vmbc_interface:/home/root1/lzx_ws/project/vimbax_ros_camera/install/vimbax_camera_examples:/home/root1/lzx_ws/project/vimbax_ros_camera/install/vimbax_camera_events:/home/root1/ros2_ws/install/robot_interface:/opt/ros/humble:/home/root1/lzx_ws/project/vimbax_ros_camera/install/vimbax_camera_color_correction LD_LIBRARY_PATH=/home/root1/lzx_ws/project/vimbax_ros_camera/install/vimbax_camera_msgs/lib:/home/root1/lzx_ws/project/vimbax_ros_camera/install/vimbax_camera/lib:/home/root1/lzx_ws/project/vimbax_ros_camera/install/vimbax_camera_examples/lib:/home/root1/lzx_ws/project/vimbax_ros_camera/install/vimbax_camera_events/lib:/home/root1/.local/lib:/home/root1/ros2_ws/install/robot_interface/lib:/opt/ros/humble/opt/rviz_ogre_vendor/lib:/opt/ros/humble/lib/x86_64-linux-gnu:/opt/ros/humble/lib:/usr/local/cuda-12.2/lib64:/usr/local/cuda-12.2/lib64:/usr/local/cuda-12.2/lib64 /usr/bin/cmake /home/root1/lzx_ws/project/vimbax_ros_camera/src/vimbax_ros2_driver/vimbax_camera_events -DCMAKE_INSTALL_PREFIX=/home/root1/lzx_ws/project/vimbax_ros_camera/install/vimbax_camera_events
[1.334s] Invoking command in '/home/root1/lzx_ws/project/vimbax_ros_camera/build/vimbax_camera_events': CMAKE_PREFIX_PATH=/home/root1/lzx_ws/project/vimbax_ros_camera/install/vimbax_camera_msgs:/home/root1/lzx_ws/project/vimbax_ros_camera/install/vimbax_camera_lut:/home/root1/lzx_ws/project/vimbax_ros_camera/install/vimbax_camera:/home/root1/lzx_ws/project/vimbax_ros_camera/install/vmbc_interface:/home/root1/lzx_ws/project/vimbax_ros_camera/install/vimbax_camera_examples:/home/root1/lzx_ws/project/vimbax_ros_camera/install/vimbax_camera_events:/home/root1/ros2_ws/install/robot_interface:/opt/ros/humble:/home/root1/lzx_ws/project/vimbax_ros_camera/install/vimbax_camera_color_correction LD_LIBRARY_PATH=/home/root1/lzx_ws/project/vimbax_ros_camera/install/vimbax_camera_msgs/lib:/home/root1/lzx_ws/project/vimbax_ros_camera/install/vimbax_camera/lib:/home/root1/lzx_ws/project/vimbax_ros_camera/install/vimbax_camera_examples/lib:/home/root1/lzx_ws/project/vimbax_ros_camera/install/vimbax_camera_events/lib:/home/root1/.local/lib:/home/root1/ros2_ws/install/robot_interface/lib:/opt/ros/humble/opt/rviz_ogre_vendor/lib:/opt/ros/humble/lib/x86_64-linux-gnu:/opt/ros/humble/lib:/usr/local/cuda-12.2/lib64:/usr/local/cuda-12.2/lib64:/usr/local/cuda-12.2/lib64 /usr/bin/cmake --build /home/root1/lzx_ws/project/vimbax_ros_camera/build/vimbax_camera_events -- -j16 -l16
[1.354s] [ 25%] [32mBuilding CXX object CMakeFiles/vimbax_camera_events.dir/src/vimbax_camera_events.cpp.o[0m
[1.355s] [ 50%] [32mBuilding CXX object CMakeFiles/vimbax_camera_events.dir/src/event_publisher_base.cpp.o[0m
[1.355s] [ 75%] [32mBuilding CXX object CMakeFiles/vimbax_camera_events.dir/src/event_subscriber_base.cpp.o[0m
[1.356s] [ 75%] Built target ament_cmake_python_copy_vimbax_camera_events
[1.572s] running egg_info
[1.573s] creating vimbax_camera_events.egg-info
[1.592s] writing vimbax_camera_events.egg-info/PKG-INFO
[1.593s] writing dependency_links to vimbax_camera_events.egg-info/dependency_links.txt
[1.593s] writing top-level names to vimbax_camera_events.egg-info/top_level.txt
[1.707s] writing manifest file 'vimbax_camera_events.egg-info/SOURCES.txt'
[1.761s] reading manifest file 'vimbax_camera_events.egg-info/SOURCES.txt'
[1.762s] writing manifest file 'vimbax_camera_events.egg-info/SOURCES.txt'
[1.789s] [ 75%] Built target ament_cmake_python_build_vimbax_camera_events_egg
[5.119s] [100%] [32m[1mLinking CXX shared library libvimbax_camera_events.so[0m
[5.304s] [100%] Built target vimbax_camera_events
[5.308s] Invoked command in '/home/root1/lzx_ws/project/vimbax_ros_camera/build/vimbax_camera_events' returned '0': CMAKE_PREFIX_PATH=/home/root1/lzx_ws/project/vimbax_ros_camera/install/vimbax_camera_msgs:/home/root1/lzx_ws/project/vimbax_ros_camera/install/vimbax_camera_lut:/home/root1/lzx_ws/project/vimbax_ros_camera/install/vimbax_camera:/home/root1/lzx_ws/project/vimbax_ros_camera/install/vmbc_interface:/home/root1/lzx_ws/project/vimbax_ros_camera/install/vimbax_camera_examples:/home/root1/lzx_ws/project/vimbax_ros_camera/install/vimbax_camera_events:/home/root1/ros2_ws/install/robot_interface:/opt/ros/humble:/home/root1/lzx_ws/project/vimbax_ros_camera/install/vimbax_camera_color_correction LD_LIBRARY_PATH=/home/root1/lzx_ws/project/vimbax_ros_camera/install/vimbax_camera_msgs/lib:/home/root1/lzx_ws/project/vimbax_ros_camera/install/vimbax_camera/lib:/home/root1/lzx_ws/project/vimbax_ros_camera/install/vimbax_camera_examples/lib:/home/root1/lzx_ws/project/vimbax_ros_camera/install/vimbax_camera_events/lib:/home/root1/.local/lib:/home/root1/ros2_ws/install/robot_interface/lib:/opt/ros/humble/opt/rviz_ogre_vendor/lib:/opt/ros/humble/lib/x86_64-linux-gnu:/opt/ros/humble/lib:/usr/local/cuda-12.2/lib64:/usr/local/cuda-12.2/lib64:/usr/local/cuda-12.2/lib64 /usr/bin/cmake --build /home/root1/lzx_ws/project/vimbax_ros_camera/build/vimbax_camera_events -- -j16 -l16
[5.309s] Invoking command in '/home/root1/lzx_ws/project/vimbax_ros_camera/build/vimbax_camera_events': CMAKE_PREFIX_PATH=/home/root1/lzx_ws/project/vimbax_ros_camera/install/vimbax_camera_msgs:/home/root1/lzx_ws/project/vimbax_ros_camera/install/vimbax_camera_lut:/home/root1/lzx_ws/project/vimbax_ros_camera/install/vimbax_camera:/home/root1/lzx_ws/project/vimbax_ros_camera/install/vmbc_interface:/home/root1/lzx_ws/project/vimbax_ros_camera/install/vimbax_camera_examples:/home/root1/lzx_ws/project/vimbax_ros_camera/install/vimbax_camera_events:/home/root1/ros2_ws/install/robot_interface:/opt/ros/humble:/home/root1/lzx_ws/project/vimbax_ros_camera/install/vimbax_camera_color_correction LD_LIBRARY_PATH=/home/root1/lzx_ws/project/vimbax_ros_camera/install/vimbax_camera_msgs/lib:/home/root1/lzx_ws/project/vimbax_ros_camera/install/vimbax_camera/lib:/home/root1/lzx_ws/project/vimbax_ros_camera/install/vimbax_camera_examples/lib:/home/root1/lzx_ws/project/vimbax_ros_camera/install/vimbax_camera_events/lib:/home/root1/.local/lib:/home/root1/ros2_ws/install/robot_interface/lib:/opt/ros/humble/opt/rviz_ogre_vendor/lib:/opt/ros/humble/lib/x86_64-linux-gnu:/opt/ros/humble/lib:/usr/local/cuda-12.2/lib64:/usr/local/cuda-12.2/lib64:/usr/local/cuda-12.2/lib64 /usr/bin/cmake --install /home/root1/lzx_ws/project/vimbax_ros_camera/build/vimbax_camera_events
[5.311s] -- Install configuration: ""
[5.311s] -- Installing: /home/root1/lzx_ws/project/vimbax_ros_camera/install/vimbax_camera_events/include
[5.311s] -- Installing: /home/root1/lzx_ws/project/vimbax_ros_camera/install/vimbax_camera_events/include/vimbax_camera_events
[5.311s] -- Installing: /home/root1/lzx_ws/project/vimbax_ros_camera/install/vimbax_camera_events/include/vimbax_camera_events/event_publisher_base.hpp
[5.311s] -- Installing: /home/root1/lzx_ws/project/vimbax_ros_camera/install/vimbax_camera_events/include/vimbax_camera_events/vimbax_camera_events.hpp
[5.311s] -- Installing: /home/root1/lzx_ws/project/vimbax_ros_camera/install/vimbax_camera_events/include/vimbax_camera_events/visibility_control.h
[5.311s] -- Installing: /home/root1/lzx_ws/project/vimbax_ros_camera/install/vimbax_camera_events/include/vimbax_camera_events/event_subscriber_base.hpp
[5.311s] -- Installing: /home/root1/lzx_ws/project/vimbax_ros_camera/install/vimbax_camera_events/include/vimbax_camera_events/event_publisher.hpp
[5.312s] -- Installing: /home/root1/lzx_ws/project/vimbax_ros_camera/install/vimbax_camera_events/include/vimbax_camera_events/event_subscriber.hpp
[5.312s] -- Installing: /home/root1/lzx_ws/project/vimbax_ros_camera/install/vimbax_camera_events/lib/libvimbax_camera_events.so
[5.316s] -- Set runtime path of "/home/root1/lzx_ws/project/vimbax_ros_camera/install/vimbax_camera_events/lib/libvimbax_camera_events.so" to ""
[5.316s] -- Installing: /home/root1/lzx_ws/project/vimbax_ros_camera/install/vimbax_camera_events/share/vimbax_camera_events/environment/pythonpath.sh
[5.316s] -- Installing: /home/root1/lzx_ws/project/vimbax_ros_camera/install/vimbax_camera_events/share/vimbax_camera_events/environment/pythonpath.dsv
[5.316s] -- Installing: /home/root1/lzx_ws/project/vimbax_ros_camera/install/vimbax_camera_events/local/lib/python3.10/dist-packages/vimbax_camera_events-1.0.2-py3.10.egg-info
[5.317s] -- Installing: /home/root1/lzx_ws/project/vimbax_ros_camera/install/vimbax_camera_events/local/lib/python3.10/dist-packages/vimbax_camera_events-1.0.2-py3.10.egg-info/dependency_links.txt
[5.317s] -- Installing: /home/root1/lzx_ws/project/vimbax_ros_camera/install/vimbax_camera_events/local/lib/python3.10/dist-packages/vimbax_camera_events-1.0.2-py3.10.egg-info/PKG-INFO
[5.317s] -- Installing: /home/root1/lzx_ws/project/vimbax_ros_camera/install/vimbax_camera_events/local/lib/python3.10/dist-packages/vimbax_camera_events-1.0.2-py3.10.egg-info/top_level.txt
[5.317s] -- Installing: /home/root1/lzx_ws/project/vimbax_ros_camera/install/vimbax_camera_events/local/lib/python3.10/dist-packages/vimbax_camera_events-1.0.2-py3.10.egg-info/SOURCES.txt
[5.317s] -- Installing: /home/root1/lzx_ws/project/vimbax_ros_camera/install/vimbax_camera_events/local/lib/python3.10/dist-packages/vimbax_camera_events
[5.317s] -- Installing: /home/root1/lzx_ws/project/vimbax_ros_camera/install/vimbax_camera_events/local/lib/python3.10/dist-packages/vimbax_camera_events/event_subscriber.py
[5.317s] -- Installing: /home/root1/lzx_ws/project/vimbax_ros_camera/install/vimbax_camera_events/local/lib/python3.10/dist-packages/vimbax_camera_events/__init__.py
[5.348s] Listing '/home/root1/lzx_ws/project/vimbax_ros_camera/install/vimbax_camera_events/local/lib/python3.10/dist-packages/vimbax_camera_events'...
[5.348s] Compiling '/home/root1/lzx_ws/project/vimbax_ros_camera/install/vimbax_camera_events/local/lib/python3.10/dist-packages/vimbax_camera_events/__init__.py'...
[5.348s] Compiling '/home/root1/lzx_ws/project/vimbax_ros_camera/install/vimbax_camera_events/local/lib/python3.10/dist-packages/vimbax_camera_events/event_subscriber.py'...
[5.352s] -- Installing: /home/root1/lzx_ws/project/vimbax_ros_camera/install/vimbax_camera_events/share/vimbax_camera_events/environment/library_path.sh
[5.352s] -- Installing: /home/root1/lzx_ws/project/vimbax_ros_camera/install/vimbax_camera_events/share/vimbax_camera_events/environment/library_path.dsv
[5.353s] -- Installing: /home/root1/lzx_ws/project/vimbax_ros_camera/install/vimbax_camera_events/share/ament_index/resource_index/package_run_dependencies/vimbax_camera_events
[5.353s] -- Installing: /home/root1/lzx_ws/project/vimbax_ros_camera/install/vimbax_camera_events/share/ament_index/resource_index/parent_prefix_path/vimbax_camera_events
[5.353s] -- Installing: /home/root1/lzx_ws/project/vimbax_ros_camera/install/vimbax_camera_events/share/vimbax_camera_events/environment/ament_prefix_path.sh
[5.353s] -- Installing: /home/root1/lzx_ws/project/vimbax_ros_camera/install/vimbax_camera_events/share/vimbax_camera_events/environment/ament_prefix_path.dsv
[5.353s] -- Installing: /home/root1/lzx_ws/project/vimbax_ros_camera/install/vimbax_camera_events/share/vimbax_camera_events/environment/path.sh
[5.353s] -- Installing: /home/root1/lzx_ws/project/vimbax_ros_camera/install/vimbax_camera_events/share/vimbax_camera_events/environment/path.dsv
[5.353s] -- Installing: /home/root1/lzx_ws/project/vimbax_ros_camera/install/vimbax_camera_events/share/vimbax_camera_events/local_setup.bash
[5.353s] -- Installing: /home/root1/lzx_ws/project/vimbax_ros_camera/install/vimbax_camera_events/share/vimbax_camera_events/local_setup.sh
[5.353s] -- Installing: /home/root1/lzx_ws/project/vimbax_ros_camera/install/vimbax_camera_events/share/vimbax_camera_events/local_setup.zsh
[5.354s] -- Installing: /home/root1/lzx_ws/project/vimbax_ros_camera/install/vimbax_camera_events/share/vimbax_camera_events/local_setup.dsv
[5.354s] -- Installing: /home/root1/lzx_ws/project/vimbax_ros_camera/install/vimbax_camera_events/share/vimbax_camera_events/package.dsv
[5.354s] -- Installing: /home/root1/lzx_ws/project/vimbax_ros_camera/install/vimbax_camera_events/share/ament_index/resource_index/packages/vimbax_camera_events
[5.354s] -- Installing: /home/root1/lzx_ws/project/vimbax_ros_camera/install/vimbax_camera_events/share/vimbax_camera_events/cmake/export_vimbax_camera_eventsExport.cmake
[5.354s] -- Installing: /home/root1/lzx_ws/project/vimbax_ros_camera/install/vimbax_camera_events/share/vimbax_camera_events/cmake/export_vimbax_camera_eventsExport-noconfig.cmake
[5.354s] -- Installing: /home/root1/lzx_ws/project/vimbax_ros_camera/install/vimbax_camera_events/share/vimbax_camera_events/cmake/ament_cmake_export_include_directories-extras.cmake
[5.354s] -- Installing: /home/root1/lzx_ws/project/vimbax_ros_camera/install/vimbax_camera_events/share/vimbax_camera_events/cmake/ament_cmake_export_libraries-extras.cmake
[5.354s] -- Installing: /home/root1/lzx_ws/project/vimbax_ros_camera/install/vimbax_camera_events/share/vimbax_camera_events/cmake/ament_cmake_export_targets-extras.cmake
[5.355s] -- Installing: /home/root1/lzx_ws/project/vimbax_ros_camera/install/vimbax_camera_events/share/vimbax_camera_events/cmake/vimbax_camera_eventsConfig.cmake
[5.355s] -- Installing: /home/root1/lzx_ws/project/vimbax_ros_camera/install/vimbax_camera_events/share/vimbax_camera_events/cmake/vimbax_camera_eventsConfig-version.cmake
[5.355s] -- Installing: /home/root1/lzx_ws/project/vimbax_ros_camera/install/vimbax_camera_events/share/vimbax_camera_events/package.xml
[5.357s] Invoked command in '/home/root1/lzx_ws/project/vimbax_ros_camera/build/vimbax_camera_events' returned '0': CMAKE_PREFIX_PATH=/home/root1/lzx_ws/project/vimbax_ros_camera/install/vimbax_camera_msgs:/home/root1/lzx_ws/project/vimbax_ros_camera/install/vimbax_camera_lut:/home/root1/lzx_ws/project/vimbax_ros_camera/install/vimbax_camera:/home/root1/lzx_ws/project/vimbax_ros_camera/install/vmbc_interface:/home/root1/lzx_ws/project/vimbax_ros_camera/install/vimbax_camera_examples:/home/root1/lzx_ws/project/vimbax_ros_camera/install/vimbax_camera_events:/home/root1/ros2_ws/install/robot_interface:/opt/ros/humble:/home/root1/lzx_ws/project/vimbax_ros_camera/install/vimbax_camera_color_correction LD_LIBRARY_PATH=/home/root1/lzx_ws/project/vimbax_ros_camera/install/vimbax_camera_msgs/lib:/home/root1/lzx_ws/project/vimbax_ros_camera/install/vimbax_camera/lib:/home/root1/lzx_ws/project/vimbax_ros_camera/install/vimbax_camera_examples/lib:/home/root1/lzx_ws/project/vimbax_ros_camera/install/vimbax_camera_events/lib:/home/root1/.local/lib:/home/root1/ros2_ws/install/robot_interface/lib:/opt/ros/humble/opt/rviz_ogre_vendor/lib:/opt/ros/humble/lib/x86_64-linux-gnu:/opt/ros/humble/lib:/usr/local/cuda-12.2/lib64:/usr/local/cuda-12.2/lib64:/usr/local/cuda-12.2/lib64 /usr/bin/cmake --install /home/root1/lzx_ws/project/vimbax_ros_camera/build/vimbax_camera_events
