-- The C compiler identification is GNU 11.4.0
-- The CXX compiler identification is GNU 11.4.0
-- Detecting C compiler ABI info
-- Detecting C compiler ABI info - done
-- Check for working C compiler: /usr/bin/cc - skipped
-- Detecting C compile features
-- Detecting C compile features - done
-- Detecting CXX compiler ABI info
-- Detecting CXX compiler ABI info - done
-- Check for working CXX compiler: /usr/bin/c++ - skipped
-- Detecting CXX compile features
-- Detecting CXX compile features - done
-- Found ament_cmake: 1.3.12 (/opt/ros/humble/share/ament_cmake/cmake)
-- Found Python3: /usr/bin/python3 (found version "3.10.12") found components: Interpreter 
-- Found rclcpp: 16.0.16 (/opt/ros/humble/share/rclcpp/cmake)
-- Found rosidl_generator_c: 3.1.7 (/opt/ros/humble/share/rosidl_generator_c/cmake)
-- Found rosidl_adapter: 3.1.7 (/opt/ros/humble/share/rosidl_adapter/cmake)
-- Found rosidl_generator_cpp: 3.1.7 (/opt/ros/humble/share/rosidl_generator_cpp/cmake)
-- Using all available rosidl_typesupport_c: rosidl_typesupport_fastrtps_c;rosidl_typesupport_introspection_c
-- Using all available rosidl_typesupport_cpp: rosidl_typesupport_fastrtps_cpp;rosidl_typesupport_introspection_cpp
-- Found rmw_implementation_cmake: 6.1.2 (/opt/ros/humble/share/rmw_implementation_cmake/cmake)
-- Found rmw_cyclonedds_cpp: 1.3.4 (/opt/ros/humble/share/rmw_cyclonedds_cpp/cmake)
-- Using RMW implementation 'rmw_cyclonedds_cpp' as default
-- Performing Test CMAKE_HAVE_LIBC_PTHREAD
-- Performing Test CMAKE_HAVE_LIBC_PTHREAD - Success
-- Found Threads: TRUE  
-- Found rclcpp_components: 16.0.16 (/opt/ros/humble/share/rclcpp_components/cmake)
-- Found image_transport: 3.1.12 (/opt/ros/humble/share/image_transport/cmake)
-- Found camera_info_manager: 3.1.12 (/opt/ros/humble/share/camera_info_manager/cmake)
-- Found vimbax_camera_msgs: 1.0.2 (/home/root1/lzx_ws/project/vimbax_ros_camera/install/vimbax_camera_msgs/share/vimbax_camera_msgs/cmake)
-- Found vimbax_camera_events: 1.0.2 (/home/root1/lzx_ws/project/vimbax_ros_camera/install/vimbax_camera_events/share/vimbax_camera_events/cmake)
-- Found vmbc_interface: 1.0.2 (/home/root1/lzx_ws/project/vimbax_ros_camera/install/vmbc_interface/share/vmbc_interface/cmake)
-- Setting executor non-default value MultiThreadedExecutor
-- Found ament_lint_auto: 0.12.14 (/opt/ros/humble/share/ament_lint_auto/cmake)
-- Found ament_cmake_gtest: 1.3.12 (/opt/ros/humble/share/ament_cmake_gtest/cmake)
-- Found ament_cmake_gmock: 1.3.12 (/opt/ros/humble/share/ament_cmake_gmock/cmake)
-- Found gtest sources under '/opt/ros/humble/src/gtest_vendor': C++ tests using 'Google Test' will be built
-- Found gmock sources under '/opt/ros/humble/src/gmock_vendor': C++ tests using 'Google Mock' will be built
-- Found gtest sources under '/opt/ros/humble/src/gtest_vendor': C++ tests using 'Google Test' will be built
-- Added test 'copyright' to check source files copyright and LICENSE
-- Added test 'cppcheck' to perform static code analysis on C / C++ code
-- Configured cppcheck include dirs: $<BUILD_INTERFACE:/home/root1/lzx_ws/project/vimbax_ros_camera/src/vimbax_ros2_driver/vimbax_camera/include>
-- Configured cppcheck exclude dirs and/or files: 
-- Added test 'cpplint' to check C / C++ code against the Google style
-- Configured cpplint exclude dirs and/or files: 
-- Added test 'flake8' to check Python code syntax and style conventions
-- Added test 'lint_cmake' to check CMake code style
-- Added test 'pep257' to check Python code against some of the docstring style conventions in PEP 257
-- Added test 'uncrustify' to check C / C++ code style
-- Configured uncrustify additional arguments: 
-- Added test 'xmllint' to check XML markup files
-- Configuring done
-- Generating done
-- Build files have been written to: /home/root1/lzx_ws/project/vimbax_ros_camera/build/vimbax_camera
[  3%] [32mBuilding CXX object CMakeFiles/vimbax_camera_node.dir/rclcpp_components/node_main_vimbax_camera_node.cpp.o[0m
[  6%] [32mBuilding C object test/unit_tests/CMakeFiles/test_lib.dir/test_lib.c.o[0m
[ 10%] [32mBuilding CXX object gtest/CMakeFiles/gtest_main.dir/src/gtest_main.cc.o[0m
[ 17%] [32mBuilding CXX object gtest/CMakeFiles/gtest.dir/src/gtest-all.cc.o[0m
[ 17%] [32mBuilding CXX object CMakeFiles/vimbax_camera.dir/src/vimbax_camera_node.cpp.o[0m
[ 20%] [32mBuilding CXX object CMakeFiles/vimbax_camera.dir/src/loader/library_loader_unix.cpp.o[0m
[ 24%] [32mBuilding CXX object gmock/CMakeFiles/gmock_main.dir/src/gmock_main.cc.o[0m
[ 27%] [32mBuilding CXX object gmock/CMakeFiles/gmock.dir/opt/ros/humble/src/gtest_vendor/src/gtest-all.cc.o[0m
[ 31%] [32mBuilding CXX object CMakeFiles/vimbax_camera.dir/src/vimbax_camera.cpp.o[0m
[ 34%] [32mBuilding CXX object CMakeFiles/vimbax_camera.dir/src/vimbax_camera_helper.cpp.o[0m
[ 37%] [32mBuilding CXX object gmock/CMakeFiles/gmock.dir/src/gmock-all.cc.o[0m
[ 41%] [32mBuilding CXX object CMakeFiles/vimbax_camera.dir/src/loader/vmbc_api.cpp.o[0m
[ 44%] [32m[1mLinking C shared library libtest_lib.so[0m
[ 44%] Built target test_lib
[ 48%] [32m[1mLinking CXX static library libgtest_main.a[0m
[ 48%] Built target gtest_main
[ 51%] [32m[1mLinking CXX static library libgmock_main.a[0m
[ 51%] Built target gmock_main
[ 55%] [32m[1mLinking CXX static library libgtest.a[0m
[ 55%] Built target gtest
[ 58%] [32m[1mLinking CXX executable vimbax_camera_node[0m
[ 62%] [32m[1mLinking CXX static library libgmock.a[0m
[ 62%] Built target vimbax_camera_node
[ 62%] Built target gmock
[ 65%] [32m[1mLinking CXX shared library libvimbax_camera.so[0m
[ 65%] Built target vimbax_camera
[ 68%] [32mBuilding CXX object test/unit_tests/CMakeFiles/vimbax_camera_library_loader_test.dir/library_loader_test.cpp.o[0m
[ 72%] [32mBuilding CXX object test/unit_tests/CMakeFiles/vimbax_camera_api_loader_test.dir/api_loader_test.cpp.o[0m
[ 75%] [32mBuilding CXX object test/unit_tests/CMakeFiles/vimbax_camera_api_loader_test.dir/mocks/api_mock.cpp.o[0m
[ 82%] [32mBuilding CXX object test/unit_tests/CMakeFiles/vimbax_camera_vimbax_camera_test.dir/vimbax_camera_test.cpp.o[0m
[ 82%] [32mBuilding CXX object test/integration_tests/CMakeFiles/vimbax_camera_vmbc_load_test.dir/vmbc_load_test.cpp.o[0m
[ 86%] [32mBuilding CXX object test/unit_tests/CMakeFiles/vimbax_camera_vimbax_camera_test.dir/mocks/api_mock.cpp.o[0m
[ 89%] [32m[1mLinking CXX executable vimbax_camera_library_loader_test[0m
[ 89%] Built target vimbax_camera_library_loader_test
[ 93%] [32m[1mLinking CXX executable vimbax_camera_vmbc_load_test[0m
[ 93%] Built target vimbax_camera_vmbc_load_test
[ 96%] [32m[1mLinking CXX executable vimbax_camera_api_loader_test[0m
[100%] [32m[1mLinking CXX executable vimbax_camera_vimbax_camera_test[0m
[100%] Built target vimbax_camera_api_loader_test
[100%] Built target vimbax_camera_vimbax_camera_test
-- Install configuration: ""
-- Installing: /home/root1/lzx_ws/project/vimbax_ros_camera/install/vimbax_camera/lib/vimbax_camera/vimbax_camera_node
-- Set runtime path of "/home/root1/lzx_ws/project/vimbax_ros_camera/install/vimbax_camera/lib/vimbax_camera/vimbax_camera_node" to ""
-- Installing: /home/root1/lzx_ws/project/vimbax_ros_camera/install/vimbax_camera/lib/libvimbax_camera.so
-- Set runtime path of "/home/root1/lzx_ws/project/vimbax_ros_camera/install/vimbax_camera/lib/libvimbax_camera.so" to ""
-- Installing: /home/root1/lzx_ws/project/vimbax_ros_camera/install/vimbax_camera/share/vimbax_camera/launch
-- Installing: /home/root1/lzx_ws/project/vimbax_ros_camera/install/vimbax_camera/share/vimbax_camera/launch/vimbax_camera.launch.py
-- Installing: /home/root1/lzx_ws/project/vimbax_ros_camera/install/vimbax_camera/share/vimbax_camera/launch/vimbax_camera_custom_launch.py
-- Installing: /home/root1/lzx_ws/project/vimbax_ros_camera/install/vimbax_camera/share/vimbax_camera/launch/vimbax_camera_launch.py
-- Installing: /home/root1/lzx_ws/project/vimbax_ros_camera/install/vimbax_camera/share/vimbax_camera/config
-- Installing: /home/root1/lzx_ws/project/vimbax_ros_camera/install/vimbax_camera/share/vimbax_camera/config/camera_settings.xml
-- Installing: /home/root1/lzx_ws/project/vimbax_ros_camera/install/vimbax_camera/share/vimbax_camera/config/camera_parameter.yaml
-- Installing: /home/root1/lzx_ws/project/vimbax_ros_camera/install/vimbax_camera/share/vimbax_camera/config/camera_settings_custom.xml
-- Installing: /home/root1/lzx_ws/project/vimbax_ros_camera/install/vimbax_camera/share/vimbax_camera/environment/library_path.sh
-- Installing: /home/root1/lzx_ws/project/vimbax_ros_camera/install/vimbax_camera/share/vimbax_camera/environment/library_path.dsv
-- Installing: /home/root1/lzx_ws/project/vimbax_ros_camera/install/vimbax_camera/share/ament_index/resource_index/package_run_dependencies/vimbax_camera
-- Installing: /home/root1/lzx_ws/project/vimbax_ros_camera/install/vimbax_camera/share/ament_index/resource_index/parent_prefix_path/vimbax_camera
-- Installing: /home/root1/lzx_ws/project/vimbax_ros_camera/install/vimbax_camera/share/vimbax_camera/environment/ament_prefix_path.sh
-- Installing: /home/root1/lzx_ws/project/vimbax_ros_camera/install/vimbax_camera/share/vimbax_camera/environment/ament_prefix_path.dsv
-- Installing: /home/root1/lzx_ws/project/vimbax_ros_camera/install/vimbax_camera/share/vimbax_camera/environment/path.sh
-- Installing: /home/root1/lzx_ws/project/vimbax_ros_camera/install/vimbax_camera/share/vimbax_camera/environment/path.dsv
-- Installing: /home/root1/lzx_ws/project/vimbax_ros_camera/install/vimbax_camera/share/vimbax_camera/local_setup.bash
-- Installing: /home/root1/lzx_ws/project/vimbax_ros_camera/install/vimbax_camera/share/vimbax_camera/local_setup.sh
-- Installing: /home/root1/lzx_ws/project/vimbax_ros_camera/install/vimbax_camera/share/vimbax_camera/local_setup.zsh
-- Installing: /home/root1/lzx_ws/project/vimbax_ros_camera/install/vimbax_camera/share/vimbax_camera/local_setup.dsv
-- Installing: /home/root1/lzx_ws/project/vimbax_ros_camera/install/vimbax_camera/share/vimbax_camera/package.dsv
-- Installing: /home/root1/lzx_ws/project/vimbax_ros_camera/install/vimbax_camera/share/ament_index/resource_index/packages/vimbax_camera
-- Installing: /home/root1/lzx_ws/project/vimbax_ros_camera/install/vimbax_camera/share/ament_index/resource_index/rclcpp_components/vimbax_camera
-- Installing: /home/root1/lzx_ws/project/vimbax_ros_camera/install/vimbax_camera/share/vimbax_camera/cmake/ament_cmake_export_libraries-extras.cmake
-- Installing: /home/root1/lzx_ws/project/vimbax_ros_camera/install/vimbax_camera/share/vimbax_camera/cmake/vimbax_cameraConfig.cmake
-- Installing: /home/root1/lzx_ws/project/vimbax_ros_camera/install/vimbax_camera/share/vimbax_camera/cmake/vimbax_cameraConfig-version.cmake
-- Installing: /home/root1/lzx_ws/project/vimbax_ros_camera/install/vimbax_camera/share/vimbax_camera/package.xml
