[0.013s] Invoking command in '/home/root1/lzx_ws/project/vimbax_ros_camera/build/vimbax_camera': CMAKE_PREFIX_PATH=/home/root1/lzx_ws/project/vimbax_ros_camera/install/vimbax_camera_events:/home/root1/lzx_ws/project/vimbax_ros_camera/install/vmbc_interface:/home/root1/lzx_ws/project/vimbax_ros_camera/install/vimbax_camera_msgs:/home/root1/lzx_ws/project/vimbax_ros_camera_bak/install/vimbax_camera:/home/root1/lzx_ws/project/vimbax_ros_camera_bak/install/vmbc_interface:/home/root1/lzx_ws/project/vimbax_ros_camera_bak/install/vimbax_camera_examples:/home/root1/lzx_ws/project/vimbax_ros_camera_bak/install/vimbax_camera_msgs:/home/root1/lzx_ws/project/vimbax_ros_camera_bak/install/vimbax_camera_events:/home/root1/lzx_ws/project/vimbax_ros_camera/install/vimbax_camera:/home/root1/lzx_ws/project/vimbax_ros_camera/install/vimbax_camera_examples:/home/root1/ros2_ws/install/robot_interface:/opt/ros/humble:/home/root1/lzx_ws/project/vimbax_ros_camera_bak/install/vimbax_camera_color_correction:/home/root1/lzx_ws/project/vimbax_ros_camera/install/vimbax_camera_color_correction LD_LIBRARY_PATH=/home/root1/lzx_ws/project/vimbax_ros_camera/install/vimbax_camera_events/lib:/home/root1/lzx_ws/project/vimbax_ros_camera/install/vimbax_camera_msgs/lib:/home/root1/lzx_ws/project/vimbax_ros_camera_bak/install/vimbax_camera/lib:/home/root1/lzx_ws/project/vimbax_ros_camera_bak/install/vimbax_camera_examples/lib:/home/root1/lzx_ws/project/vimbax_ros_camera_bak/install/vimbax_camera_msgs/lib:/home/root1/lzx_ws/project/vimbax_ros_camera_bak/install/vimbax_camera_events/lib:/home/root1/lzx_ws/project/vimbax_ros_camera/install/vimbax_camera/lib:/home/root1/lzx_ws/project/vimbax_ros_camera/install/vimbax_camera_examples/lib:/home/root1/.local/lib:/home/root1/ros2_ws/install/robot_interface/lib:/opt/ros/humble/opt/rviz_ogre_vendor/lib:/opt/ros/humble/lib/x86_64-linux-gnu:/opt/ros/humble/lib:/usr/local/cuda-12.2/lib64:/usr/local/cuda-12.2/lib64:/usr/local/cuda-12.2/lib64 /usr/bin/cmake /home/root1/lzx_ws/project/vimbax_ros_camera/src/vimbax_ros2_driver/vimbax_camera -DCMAKE_INSTALL_PREFIX=/home/root1/lzx_ws/project/vimbax_ros_camera/install/vimbax_camera
[0.055s] -- The C compiler identification is GNU 11.4.0
[0.104s] -- The CXX compiler identification is GNU 11.4.0
[0.113s] -- Detecting C compiler ABI info
[0.160s] -- Detecting C compiler ABI info - done
[0.167s] -- Check for working C compiler: /usr/bin/cc - skipped
[0.167s] -- Detecting C compile features
[0.167s] -- Detecting C compile features - done
[0.170s] -- Detecting CXX compiler ABI info
[0.229s] -- Detecting CXX compiler ABI info - done
[0.236s] -- Check for working CXX compiler: /usr/bin/c++ - skipped
[0.236s] -- Detecting CXX compile features
[0.237s] -- Detecting CXX compile features - done
[0.239s] -- Found ament_cmake: 1.3.12 (/opt/ros/humble/share/ament_cmake/cmake)
[0.534s] -- Found Python3: /usr/bin/python3 (found version "3.10.12") found components: Interpreter 
[0.618s] -- Found rclcpp: 16.0.16 (/opt/ros/humble/share/rclcpp/cmake)
[0.664s] -- Found rosidl_generator_c: 3.1.7 (/opt/ros/humble/share/rosidl_generator_c/cmake)
[0.674s] -- Found rosidl_adapter: 3.1.7 (/opt/ros/humble/share/rosidl_adapter/cmake)
[0.681s] -- Found rosidl_generator_cpp: 3.1.7 (/opt/ros/humble/share/rosidl_generator_cpp/cmake)
[0.693s] -- Using all available rosidl_typesupport_c: rosidl_typesupport_fastrtps_c;rosidl_typesupport_introspection_c
[0.710s] -- Using all available rosidl_typesupport_cpp: rosidl_typesupport_fastrtps_cpp;rosidl_typesupport_introspection_cpp
[0.758s] -- Found rmw_implementation_cmake: 6.1.2 (/opt/ros/humble/share/rmw_implementation_cmake/cmake)
[0.761s] -- Found rmw_cyclonedds_cpp: 1.3.4 (/opt/ros/humble/share/rmw_cyclonedds_cpp/cmake)
[0.786s] -- Using RMW implementation 'rmw_cyclonedds_cpp' as default
[0.795s] -- Performing Test CMAKE_HAVE_LIBC_PTHREAD
[0.849s] -- Performing Test CMAKE_HAVE_LIBC_PTHREAD - Success
[0.850s] -- Found Threads: TRUE  
[0.903s] -- Found rclcpp_components: 16.0.16 (/opt/ros/humble/share/rclcpp_components/cmake)
[0.936s] -- Found image_transport: 3.1.12 (/opt/ros/humble/share/image_transport/cmake)
[1.020s] -- Found camera_info_manager: 3.1.12 (/opt/ros/humble/share/camera_info_manager/cmake)
[1.040s] -- Found vimbax_camera_msgs: 1.0.2 (/home/root1/lzx_ws/project/vimbax_ros_camera/install/vimbax_camera_msgs/share/vimbax_camera_msgs/cmake)
[1.050s] -- Found vimbax_camera_events: 1.0.2 (/home/root1/lzx_ws/project/vimbax_ros_camera/install/vimbax_camera_events/share/vimbax_camera_events/cmake)
[1.052s] -- Found vmbc_interface: 1.0.2 (/home/root1/lzx_ws/project/vimbax_ros_camera/install/vmbc_interface/share/vmbc_interface/cmake)
[1.056s] -- Setting executor non-default value MultiThreadedExecutor
[1.061s] -- Found ament_lint_auto: 0.12.14 (/opt/ros/humble/share/ament_lint_auto/cmake)
[1.173s] -- Found ament_cmake_gtest: 1.3.12 (/opt/ros/humble/share/ament_cmake_gtest/cmake)
[1.175s] -- Found ament_cmake_gmock: 1.3.12 (/opt/ros/humble/share/ament_cmake_gmock/cmake)
[1.180s] -- Found gtest sources under '/opt/ros/humble/src/gtest_vendor': C++ tests using 'Google Test' will be built
[1.187s] -- Found gmock sources under '/opt/ros/humble/src/gmock_vendor': C++ tests using 'Google Mock' will be built
[1.192s] -- Found gtest sources under '/opt/ros/humble/src/gtest_vendor': C++ tests using 'Google Test' will be built
[1.198s] -- Added test 'copyright' to check source files copyright and LICENSE
[1.201s] -- Added test 'cppcheck' to perform static code analysis on C / C++ code
[1.202s] -- Configured cppcheck include dirs: $<BUILD_INTERFACE:/home/root1/lzx_ws/project/vimbax_ros_camera/src/vimbax_ros2_driver/vimbax_camera/include>
[1.202s] -- Configured cppcheck exclude dirs and/or files: 
[1.205s] -- Added test 'cpplint' to check C / C++ code against the Google style
[1.205s] -- Configured cpplint exclude dirs and/or files: 
[1.206s] -- Added test 'flake8' to check Python code syntax and style conventions
[1.207s] -- Added test 'lint_cmake' to check CMake code style
[1.208s] -- Added test 'pep257' to check Python code against some of the docstring style conventions in PEP 257
[1.211s] -- Added test 'uncrustify' to check C / C++ code style
[1.211s] -- Configured uncrustify additional arguments: 
[1.212s] -- Added test 'xmllint' to check XML markup files
[1.214s] -- Configuring done
[1.260s] -- Generating done
[1.292s] -- Build files have been written to: /home/root1/lzx_ws/project/vimbax_ros_camera/build/vimbax_camera
[1.308s] Invoked command in '/home/root1/lzx_ws/project/vimbax_ros_camera/build/vimbax_camera' returned '0': CMAKE_PREFIX_PATH=/home/root1/lzx_ws/project/vimbax_ros_camera/install/vimbax_camera_events:/home/root1/lzx_ws/project/vimbax_ros_camera/install/vmbc_interface:/home/root1/lzx_ws/project/vimbax_ros_camera/install/vimbax_camera_msgs:/home/root1/lzx_ws/project/vimbax_ros_camera_bak/install/vimbax_camera:/home/root1/lzx_ws/project/vimbax_ros_camera_bak/install/vmbc_interface:/home/root1/lzx_ws/project/vimbax_ros_camera_bak/install/vimbax_camera_examples:/home/root1/lzx_ws/project/vimbax_ros_camera_bak/install/vimbax_camera_msgs:/home/root1/lzx_ws/project/vimbax_ros_camera_bak/install/vimbax_camera_events:/home/root1/lzx_ws/project/vimbax_ros_camera/install/vimbax_camera:/home/root1/lzx_ws/project/vimbax_ros_camera/install/vimbax_camera_examples:/home/root1/ros2_ws/install/robot_interface:/opt/ros/humble:/home/root1/lzx_ws/project/vimbax_ros_camera_bak/install/vimbax_camera_color_correction:/home/root1/lzx_ws/project/vimbax_ros_camera/install/vimbax_camera_color_correction LD_LIBRARY_PATH=/home/root1/lzx_ws/project/vimbax_ros_camera/install/vimbax_camera_events/lib:/home/root1/lzx_ws/project/vimbax_ros_camera/install/vimbax_camera_msgs/lib:/home/root1/lzx_ws/project/vimbax_ros_camera_bak/install/vimbax_camera/lib:/home/root1/lzx_ws/project/vimbax_ros_camera_bak/install/vimbax_camera_examples/lib:/home/root1/lzx_ws/project/vimbax_ros_camera_bak/install/vimbax_camera_msgs/lib:/home/root1/lzx_ws/project/vimbax_ros_camera_bak/install/vimbax_camera_events/lib:/home/root1/lzx_ws/project/vimbax_ros_camera/install/vimbax_camera/lib:/home/root1/lzx_ws/project/vimbax_ros_camera/install/vimbax_camera_examples/lib:/home/root1/.local/lib:/home/root1/ros2_ws/install/robot_interface/lib:/opt/ros/humble/opt/rviz_ogre_vendor/lib:/opt/ros/humble/lib/x86_64-linux-gnu:/opt/ros/humble/lib:/usr/local/cuda-12.2/lib64:/usr/local/cuda-12.2/lib64:/usr/local/cuda-12.2/lib64 /usr/bin/cmake /home/root1/lzx_ws/project/vimbax_ros_camera/src/vimbax_ros2_driver/vimbax_camera -DCMAKE_INSTALL_PREFIX=/home/root1/lzx_ws/project/vimbax_ros_camera/install/vimbax_camera
[1.309s] Invoking command in '/home/root1/lzx_ws/project/vimbax_ros_camera/build/vimbax_camera': CMAKE_PREFIX_PATH=/home/root1/lzx_ws/project/vimbax_ros_camera/install/vimbax_camera_events:/home/root1/lzx_ws/project/vimbax_ros_camera/install/vmbc_interface:/home/root1/lzx_ws/project/vimbax_ros_camera/install/vimbax_camera_msgs:/home/root1/lzx_ws/project/vimbax_ros_camera_bak/install/vimbax_camera:/home/root1/lzx_ws/project/vimbax_ros_camera_bak/install/vmbc_interface:/home/root1/lzx_ws/project/vimbax_ros_camera_bak/install/vimbax_camera_examples:/home/root1/lzx_ws/project/vimbax_ros_camera_bak/install/vimbax_camera_msgs:/home/root1/lzx_ws/project/vimbax_ros_camera_bak/install/vimbax_camera_events:/home/root1/lzx_ws/project/vimbax_ros_camera/install/vimbax_camera:/home/root1/lzx_ws/project/vimbax_ros_camera/install/vimbax_camera_examples:/home/root1/ros2_ws/install/robot_interface:/opt/ros/humble:/home/root1/lzx_ws/project/vimbax_ros_camera_bak/install/vimbax_camera_color_correction:/home/root1/lzx_ws/project/vimbax_ros_camera/install/vimbax_camera_color_correction LD_LIBRARY_PATH=/home/root1/lzx_ws/project/vimbax_ros_camera/install/vimbax_camera_events/lib:/home/root1/lzx_ws/project/vimbax_ros_camera/install/vimbax_camera_msgs/lib:/home/root1/lzx_ws/project/vimbax_ros_camera_bak/install/vimbax_camera/lib:/home/root1/lzx_ws/project/vimbax_ros_camera_bak/install/vimbax_camera_examples/lib:/home/root1/lzx_ws/project/vimbax_ros_camera_bak/install/vimbax_camera_msgs/lib:/home/root1/lzx_ws/project/vimbax_ros_camera_bak/install/vimbax_camera_events/lib:/home/root1/lzx_ws/project/vimbax_ros_camera/install/vimbax_camera/lib:/home/root1/lzx_ws/project/vimbax_ros_camera/install/vimbax_camera_examples/lib:/home/root1/.local/lib:/home/root1/ros2_ws/install/robot_interface/lib:/opt/ros/humble/opt/rviz_ogre_vendor/lib:/opt/ros/humble/lib/x86_64-linux-gnu:/opt/ros/humble/lib:/usr/local/cuda-12.2/lib64:/usr/local/cuda-12.2/lib64:/usr/local/cuda-12.2/lib64 /usr/bin/cmake --build /home/root1/lzx_ws/project/vimbax_ros_camera/build/vimbax_camera -- -j16 -l16
[1.339s] [  3%] [32mBuilding CXX object CMakeFiles/vimbax_camera_node.dir/rclcpp_components/node_main_vimbax_camera_node.cpp.o[0m
[1.339s] [  6%] [32mBuilding C object test/unit_tests/CMakeFiles/test_lib.dir/test_lib.c.o[0m
[1.340s] [ 10%] [32mBuilding CXX object gtest/CMakeFiles/gtest_main.dir/src/gtest_main.cc.o[0m
[1.340s] [ 17%] [32mBuilding CXX object gtest/CMakeFiles/gtest.dir/src/gtest-all.cc.o[0m
[1.340s] [ 17%] [32mBuilding CXX object CMakeFiles/vimbax_camera.dir/src/vimbax_camera_node.cpp.o[0m
[1.340s] [ 20%] [32mBuilding CXX object CMakeFiles/vimbax_camera.dir/src/loader/library_loader_unix.cpp.o[0m
[1.340s] [ 24%] [32mBuilding CXX object gmock/CMakeFiles/gmock_main.dir/src/gmock_main.cc.o[0m
[1.343s] [ 27%] [32mBuilding CXX object gmock/CMakeFiles/gmock.dir/opt/ros/humble/src/gtest_vendor/src/gtest-all.cc.o[0m
[1.344s] [ 31%] [32mBuilding CXX object CMakeFiles/vimbax_camera.dir/src/vimbax_camera.cpp.o[0m
[1.344s] [ 34%] [32mBuilding CXX object CMakeFiles/vimbax_camera.dir/src/vimbax_camera_helper.cpp.o[0m
[1.344s] [ 37%] [32mBuilding CXX object gmock/CMakeFiles/gmock.dir/src/gmock-all.cc.o[0m
[1.345s] [ 41%] [32mBuilding CXX object CMakeFiles/vimbax_camera.dir/src/loader/vmbc_api.cpp.o[0m
[1.377s] [ 44%] [32m[1mLinking C shared library libtest_lib.so[0m
[1.421s] [ 44%] Built target test_lib
[2.842s] [ 48%] [32m[1mLinking CXX static library libgtest_main.a[0m
[2.905s] [ 48%] Built target gtest_main
[3.879s] [ 51%] [32m[1mLinking CXX static library libgmock_main.a[0m
[4.015s] [ 51%] Built target gmock_main
[12.326s] [ 55%] [32m[1mLinking CXX static library libgtest.a[0m
[12.722s] [ 55%] Built target gtest
[12.915s] [ 58%] [32m[1mLinking CXX executable vimbax_camera_node[0m
[12.974s] [ 62%] [32m[1mLinking CXX static library libgmock.a[0m
[13.215s] [ 62%] Built target vimbax_camera_node
[13.331s] [ 62%] Built target gmock
[29.451s] [ 65%] [32m[1mLinking CXX shared library libvimbax_camera.so[0m
[30.619s] [ 65%] Built target vimbax_camera
[30.628s] [ 68%] [32mBuilding CXX object test/unit_tests/CMakeFiles/vimbax_camera_library_loader_test.dir/library_loader_test.cpp.o[0m
[30.628s] [ 72%] [32mBuilding CXX object test/unit_tests/CMakeFiles/vimbax_camera_api_loader_test.dir/api_loader_test.cpp.o[0m
[30.628s] [ 75%] [32mBuilding CXX object test/unit_tests/CMakeFiles/vimbax_camera_api_loader_test.dir/mocks/api_mock.cpp.o[0m
[30.628s] [ 82%] [32mBuilding CXX object test/unit_tests/CMakeFiles/vimbax_camera_vimbax_camera_test.dir/vimbax_camera_test.cpp.o[0m
[30.628s] [ 82%] [32mBuilding CXX object test/integration_tests/CMakeFiles/vimbax_camera_vmbc_load_test.dir/vmbc_load_test.cpp.o[0m
[30.628s] [ 86%] [32mBuilding CXX object test/unit_tests/CMakeFiles/vimbax_camera_vimbax_camera_test.dir/mocks/api_mock.cpp.o[0m
[31.772s] [ 89%] [32m[1mLinking CXX executable vimbax_camera_library_loader_test[0m
[32.495s] [ 89%] Built target vimbax_camera_library_loader_test
[33.904s] [ 93%] [32m[1mLinking CXX executable vimbax_camera_vmbc_load_test[0m
[34.550s] [ 93%] Built target vimbax_camera_vmbc_load_test
[37.857s] [ 96%] [32m[1mLinking CXX executable vimbax_camera_api_loader_test[0m
[38.318s] [100%] [32m[1mLinking CXX executable vimbax_camera_vimbax_camera_test[0m
[38.694s] [100%] Built target vimbax_camera_api_loader_test
[39.153s] [100%] Built target vimbax_camera_vimbax_camera_test
[39.157s] Invoked command in '/home/root1/lzx_ws/project/vimbax_ros_camera/build/vimbax_camera' returned '0': CMAKE_PREFIX_PATH=/home/root1/lzx_ws/project/vimbax_ros_camera/install/vimbax_camera_events:/home/root1/lzx_ws/project/vimbax_ros_camera/install/vmbc_interface:/home/root1/lzx_ws/project/vimbax_ros_camera/install/vimbax_camera_msgs:/home/root1/lzx_ws/project/vimbax_ros_camera_bak/install/vimbax_camera:/home/root1/lzx_ws/project/vimbax_ros_camera_bak/install/vmbc_interface:/home/root1/lzx_ws/project/vimbax_ros_camera_bak/install/vimbax_camera_examples:/home/root1/lzx_ws/project/vimbax_ros_camera_bak/install/vimbax_camera_msgs:/home/root1/lzx_ws/project/vimbax_ros_camera_bak/install/vimbax_camera_events:/home/root1/lzx_ws/project/vimbax_ros_camera/install/vimbax_camera:/home/root1/lzx_ws/project/vimbax_ros_camera/install/vimbax_camera_examples:/home/root1/ros2_ws/install/robot_interface:/opt/ros/humble:/home/root1/lzx_ws/project/vimbax_ros_camera_bak/install/vimbax_camera_color_correction:/home/root1/lzx_ws/project/vimbax_ros_camera/install/vimbax_camera_color_correction LD_LIBRARY_PATH=/home/root1/lzx_ws/project/vimbax_ros_camera/install/vimbax_camera_events/lib:/home/root1/lzx_ws/project/vimbax_ros_camera/install/vimbax_camera_msgs/lib:/home/root1/lzx_ws/project/vimbax_ros_camera_bak/install/vimbax_camera/lib:/home/root1/lzx_ws/project/vimbax_ros_camera_bak/install/vimbax_camera_examples/lib:/home/root1/lzx_ws/project/vimbax_ros_camera_bak/install/vimbax_camera_msgs/lib:/home/root1/lzx_ws/project/vimbax_ros_camera_bak/install/vimbax_camera_events/lib:/home/root1/lzx_ws/project/vimbax_ros_camera/install/vimbax_camera/lib:/home/root1/lzx_ws/project/vimbax_ros_camera/install/vimbax_camera_examples/lib:/home/root1/.local/lib:/home/root1/ros2_ws/install/robot_interface/lib:/opt/ros/humble/opt/rviz_ogre_vendor/lib:/opt/ros/humble/lib/x86_64-linux-gnu:/opt/ros/humble/lib:/usr/local/cuda-12.2/lib64:/usr/local/cuda-12.2/lib64:/usr/local/cuda-12.2/lib64 /usr/bin/cmake --build /home/root1/lzx_ws/project/vimbax_ros_camera/build/vimbax_camera -- -j16 -l16
[39.159s] Invoking command in '/home/root1/lzx_ws/project/vimbax_ros_camera/build/vimbax_camera': CMAKE_PREFIX_PATH=/home/root1/lzx_ws/project/vimbax_ros_camera/install/vimbax_camera_events:/home/root1/lzx_ws/project/vimbax_ros_camera/install/vmbc_interface:/home/root1/lzx_ws/project/vimbax_ros_camera/install/vimbax_camera_msgs:/home/root1/lzx_ws/project/vimbax_ros_camera_bak/install/vimbax_camera:/home/root1/lzx_ws/project/vimbax_ros_camera_bak/install/vmbc_interface:/home/root1/lzx_ws/project/vimbax_ros_camera_bak/install/vimbax_camera_examples:/home/root1/lzx_ws/project/vimbax_ros_camera_bak/install/vimbax_camera_msgs:/home/root1/lzx_ws/project/vimbax_ros_camera_bak/install/vimbax_camera_events:/home/root1/lzx_ws/project/vimbax_ros_camera/install/vimbax_camera:/home/root1/lzx_ws/project/vimbax_ros_camera/install/vimbax_camera_examples:/home/root1/ros2_ws/install/robot_interface:/opt/ros/humble:/home/root1/lzx_ws/project/vimbax_ros_camera_bak/install/vimbax_camera_color_correction:/home/root1/lzx_ws/project/vimbax_ros_camera/install/vimbax_camera_color_correction LD_LIBRARY_PATH=/home/root1/lzx_ws/project/vimbax_ros_camera/install/vimbax_camera_events/lib:/home/root1/lzx_ws/project/vimbax_ros_camera/install/vimbax_camera_msgs/lib:/home/root1/lzx_ws/project/vimbax_ros_camera_bak/install/vimbax_camera/lib:/home/root1/lzx_ws/project/vimbax_ros_camera_bak/install/vimbax_camera_examples/lib:/home/root1/lzx_ws/project/vimbax_ros_camera_bak/install/vimbax_camera_msgs/lib:/home/root1/lzx_ws/project/vimbax_ros_camera_bak/install/vimbax_camera_events/lib:/home/root1/lzx_ws/project/vimbax_ros_camera/install/vimbax_camera/lib:/home/root1/lzx_ws/project/vimbax_ros_camera/install/vimbax_camera_examples/lib:/home/root1/.local/lib:/home/root1/ros2_ws/install/robot_interface/lib:/opt/ros/humble/opt/rviz_ogre_vendor/lib:/opt/ros/humble/lib/x86_64-linux-gnu:/opt/ros/humble/lib:/usr/local/cuda-12.2/lib64:/usr/local/cuda-12.2/lib64:/usr/local/cuda-12.2/lib64 /usr/bin/cmake --install /home/root1/lzx_ws/project/vimbax_ros_camera/build/vimbax_camera
[39.160s] -- Install configuration: ""
[39.161s] -- Installing: /home/root1/lzx_ws/project/vimbax_ros_camera/install/vimbax_camera/lib/vimbax_camera/vimbax_camera_node
[39.161s] -- Set runtime path of "/home/root1/lzx_ws/project/vimbax_ros_camera/install/vimbax_camera/lib/vimbax_camera/vimbax_camera_node" to ""
[39.161s] -- Installing: /home/root1/lzx_ws/project/vimbax_ros_camera/install/vimbax_camera/lib/libvimbax_camera.so
[39.181s] -- Set runtime path of "/home/root1/lzx_ws/project/vimbax_ros_camera/install/vimbax_camera/lib/libvimbax_camera.so" to ""
[39.182s] -- Installing: /home/root1/lzx_ws/project/vimbax_ros_camera/install/vimbax_camera/share/vimbax_camera/launch
[39.182s] -- Installing: /home/root1/lzx_ws/project/vimbax_ros_camera/install/vimbax_camera/share/vimbax_camera/launch/vimbax_camera.launch.py
[39.182s] -- Installing: /home/root1/lzx_ws/project/vimbax_ros_camera/install/vimbax_camera/share/vimbax_camera/launch/vimbax_camera_custom_launch.py
[39.182s] -- Installing: /home/root1/lzx_ws/project/vimbax_ros_camera/install/vimbax_camera/share/vimbax_camera/launch/vimbax_camera_launch.py
[39.182s] -- Installing: /home/root1/lzx_ws/project/vimbax_ros_camera/install/vimbax_camera/share/vimbax_camera/config
[39.182s] -- Installing: /home/root1/lzx_ws/project/vimbax_ros_camera/install/vimbax_camera/share/vimbax_camera/config/camera_settings.xml
[39.183s] -- Installing: /home/root1/lzx_ws/project/vimbax_ros_camera/install/vimbax_camera/share/vimbax_camera/config/camera_parameter.yaml
[39.183s] -- Installing: /home/root1/lzx_ws/project/vimbax_ros_camera/install/vimbax_camera/share/vimbax_camera/config/camera_settings_custom.xml
[39.183s] -- Installing: /home/root1/lzx_ws/project/vimbax_ros_camera/install/vimbax_camera/share/vimbax_camera/environment/library_path.sh
[39.183s] -- Installing: /home/root1/lzx_ws/project/vimbax_ros_camera/install/vimbax_camera/share/vimbax_camera/environment/library_path.dsv
[39.183s] -- Installing: /home/root1/lzx_ws/project/vimbax_ros_camera/install/vimbax_camera/share/ament_index/resource_index/package_run_dependencies/vimbax_camera
[39.183s] -- Installing: /home/root1/lzx_ws/project/vimbax_ros_camera/install/vimbax_camera/share/ament_index/resource_index/parent_prefix_path/vimbax_camera
[39.184s] -- Installing: /home/root1/lzx_ws/project/vimbax_ros_camera/install/vimbax_camera/share/vimbax_camera/environment/ament_prefix_path.sh
[39.184s] -- Installing: /home/root1/lzx_ws/project/vimbax_ros_camera/install/vimbax_camera/share/vimbax_camera/environment/ament_prefix_path.dsv
[39.184s] -- Installing: /home/root1/lzx_ws/project/vimbax_ros_camera/install/vimbax_camera/share/vimbax_camera/environment/path.sh
[39.184s] -- Installing: /home/root1/lzx_ws/project/vimbax_ros_camera/install/vimbax_camera/share/vimbax_camera/environment/path.dsv
[39.184s] -- Installing: /home/root1/lzx_ws/project/vimbax_ros_camera/install/vimbax_camera/share/vimbax_camera/local_setup.bash
[39.184s] -- Installing: /home/root1/lzx_ws/project/vimbax_ros_camera/install/vimbax_camera/share/vimbax_camera/local_setup.sh
[39.184s] -- Installing: /home/root1/lzx_ws/project/vimbax_ros_camera/install/vimbax_camera/share/vimbax_camera/local_setup.zsh
[39.184s] -- Installing: /home/root1/lzx_ws/project/vimbax_ros_camera/install/vimbax_camera/share/vimbax_camera/local_setup.dsv
[39.184s] -- Installing: /home/root1/lzx_ws/project/vimbax_ros_camera/install/vimbax_camera/share/vimbax_camera/package.dsv
[39.184s] -- Installing: /home/root1/lzx_ws/project/vimbax_ros_camera/install/vimbax_camera/share/ament_index/resource_index/packages/vimbax_camera
[39.185s] -- Installing: /home/root1/lzx_ws/project/vimbax_ros_camera/install/vimbax_camera/share/ament_index/resource_index/rclcpp_components/vimbax_camera
[39.185s] -- Installing: /home/root1/lzx_ws/project/vimbax_ros_camera/install/vimbax_camera/share/vimbax_camera/cmake/ament_cmake_export_libraries-extras.cmake
[39.185s] -- Installing: /home/root1/lzx_ws/project/vimbax_ros_camera/install/vimbax_camera/share/vimbax_camera/cmake/vimbax_cameraConfig.cmake
[39.185s] -- Installing: /home/root1/lzx_ws/project/vimbax_ros_camera/install/vimbax_camera/share/vimbax_camera/cmake/vimbax_cameraConfig-version.cmake
[39.185s] -- Installing: /home/root1/lzx_ws/project/vimbax_ros_camera/install/vimbax_camera/share/vimbax_camera/package.xml
[39.187s] Invoked command in '/home/root1/lzx_ws/project/vimbax_ros_camera/build/vimbax_camera' returned '0': CMAKE_PREFIX_PATH=/home/root1/lzx_ws/project/vimbax_ros_camera/install/vimbax_camera_events:/home/root1/lzx_ws/project/vimbax_ros_camera/install/vmbc_interface:/home/root1/lzx_ws/project/vimbax_ros_camera/install/vimbax_camera_msgs:/home/root1/lzx_ws/project/vimbax_ros_camera_bak/install/vimbax_camera:/home/root1/lzx_ws/project/vimbax_ros_camera_bak/install/vmbc_interface:/home/root1/lzx_ws/project/vimbax_ros_camera_bak/install/vimbax_camera_examples:/home/root1/lzx_ws/project/vimbax_ros_camera_bak/install/vimbax_camera_msgs:/home/root1/lzx_ws/project/vimbax_ros_camera_bak/install/vimbax_camera_events:/home/root1/lzx_ws/project/vimbax_ros_camera/install/vimbax_camera:/home/root1/lzx_ws/project/vimbax_ros_camera/install/vimbax_camera_examples:/home/root1/ros2_ws/install/robot_interface:/opt/ros/humble:/home/root1/lzx_ws/project/vimbax_ros_camera_bak/install/vimbax_camera_color_correction:/home/root1/lzx_ws/project/vimbax_ros_camera/install/vimbax_camera_color_correction LD_LIBRARY_PATH=/home/root1/lzx_ws/project/vimbax_ros_camera/install/vimbax_camera_events/lib:/home/root1/lzx_ws/project/vimbax_ros_camera/install/vimbax_camera_msgs/lib:/home/root1/lzx_ws/project/vimbax_ros_camera_bak/install/vimbax_camera/lib:/home/root1/lzx_ws/project/vimbax_ros_camera_bak/install/vimbax_camera_examples/lib:/home/root1/lzx_ws/project/vimbax_ros_camera_bak/install/vimbax_camera_msgs/lib:/home/root1/lzx_ws/project/vimbax_ros_camera_bak/install/vimbax_camera_events/lib:/home/root1/lzx_ws/project/vimbax_ros_camera/install/vimbax_camera/lib:/home/root1/lzx_ws/project/vimbax_ros_camera/install/vimbax_camera_examples/lib:/home/root1/.local/lib:/home/root1/ros2_ws/install/robot_interface/lib:/opt/ros/humble/opt/rviz_ogre_vendor/lib:/opt/ros/humble/lib/x86_64-linux-gnu:/opt/ros/humble/lib:/usr/local/cuda-12.2/lib64:/usr/local/cuda-12.2/lib64:/usr/local/cuda-12.2/lib64 /usr/bin/cmake --install /home/root1/lzx_ws/project/vimbax_ros_camera/build/vimbax_camera
