[1.090s] Invoking command in '/home/root1/lzx_ws/project/vimbax_ros_camera/build/vimbax_camera_color_correction': AMENT_PREFIX_PATH=/home/root1/lzx_ws/project/vimbax_ros_camera/install/vimbax_camera_msgs:${AMENT_PREFIX_PATH} CMAKE_PREFIX_PATH=/home/root1/lzx_ws/project/vimbax_ros_camera/install/vimbax_camera_msgs:${CMAKE_PREFIX_PATH} LD_LIBRARY_PATH=/home/root1/lzx_ws/project/vimbax_ros_camera/install/vimbax_camera_msgs/lib:${LD_LIBRARY_PATH} PYTHONPATH=/home/root1/lzx_ws/project/vimbax_ros_camera/build/vimbax_camera_color_correction/prefix_override:/usr/lib/python3/dist-packages/colcon_core/task/python/colcon_distutils_commands:/home/root1/lzx_ws/project/vimbax_ros_camera/install/vimbax_camera_color_correction/lib/python3.10/site-packages:/home/root1/lzx_ws/project/vimbax_ros_camera/install/vimbax_camera_msgs/local/lib/python3.10/dist-packages:${PYTHONPATH} /usr/bin/python3 -W ignore:setup.py install is deprecated -W ignore:easy_install command is deprecated setup.py develop --editable --build-directory /home/root1/lzx_ws/project/vimbax_ros_camera/build/vimbax_camera_color_correction/build --no-deps symlink_data
[1.461s] running develop
[1.743s] running egg_info
[1.743s] creating vimbax_camera_color_correction.egg-info
[1.778s] writing vimbax_camera_color_correction.egg-info/PKG-INFO
[1.778s] writing dependency_links to vimbax_camera_color_correction.egg-info/dependency_links.txt
[1.778s] writing entry points to vimbax_camera_color_correction.egg-info/entry_points.txt
[1.778s] writing requirements to vimbax_camera_color_correction.egg-info/requires.txt
[1.778s] writing top-level names to vimbax_camera_color_correction.egg-info/top_level.txt
[1.779s] writing manifest file 'vimbax_camera_color_correction.egg-info/SOURCES.txt'
[1.822s] reading manifest file 'vimbax_camera_color_correction.egg-info/SOURCES.txt'
[1.823s] writing manifest file 'vimbax_camera_color_correction.egg-info/SOURCES.txt'
[1.845s] running build_ext
[1.845s] Creating /home/root1/lzx_ws/project/vimbax_ros_camera/install/vimbax_camera_color_correction/lib/python3.10/site-packages/vimbax-camera-color-correction.egg-link (link to .)
[1.846s] Installing color_correction_node script to /home/root1/lzx_ws/project/vimbax_ros_camera/install/vimbax_camera_color_correction/bin
[1.846s] 
[1.846s] Installed /home/root1/lzx_ws/project/vimbax_ros_camera/build/vimbax_camera_color_correction
[1.846s] running symlink_data
[1.846s] creating /home/root1/lzx_ws/project/vimbax_ros_camera/install/vimbax_camera_color_correction/share/ament_index
[1.846s] creating /home/root1/lzx_ws/project/vimbax_ros_camera/install/vimbax_camera_color_correction/share/ament_index/resource_index
[1.847s] creating /home/root1/lzx_ws/project/vimbax_ros_camera/install/vimbax_camera_color_correction/share/ament_index/resource_index/packages
[1.847s] symbolically linking /home/root1/lzx_ws/project/vimbax_ros_camera/build/vimbax_camera_color_correction/resource/vimbax_camera_color_correction -> /home/root1/lzx_ws/project/vimbax_ros_camera/install/vimbax_camera_color_correction/share/ament_index/resource_index/packages
[1.847s] creating /home/root1/lzx_ws/project/vimbax_ros_camera/install/vimbax_camera_color_correction/share/vimbax_camera_color_correction/launch
[1.847s] symbolically linking /home/root1/lzx_ws/project/vimbax_ros_camera/build/vimbax_camera_color_correction/launch/color_correction.launch.py -> /home/root1/lzx_ws/project/vimbax_ros_camera/install/vimbax_camera_color_correction/share/vimbax_camera_color_correction/launch
[1.894s] Invoked command in '/home/root1/lzx_ws/project/vimbax_ros_camera/build/vimbax_camera_color_correction' returned '0': AMENT_PREFIX_PATH=/home/root1/lzx_ws/project/vimbax_ros_camera/install/vimbax_camera_msgs:${AMENT_PREFIX_PATH} CMAKE_PREFIX_PATH=/home/root1/lzx_ws/project/vimbax_ros_camera/install/vimbax_camera_msgs:${CMAKE_PREFIX_PATH} LD_LIBRARY_PATH=/home/root1/lzx_ws/project/vimbax_ros_camera/install/vimbax_camera_msgs/lib:${LD_LIBRARY_PATH} PYTHONPATH=/home/root1/lzx_ws/project/vimbax_ros_camera/build/vimbax_camera_color_correction/prefix_override:/usr/lib/python3/dist-packages/colcon_core/task/python/colcon_distutils_commands:/home/root1/lzx_ws/project/vimbax_ros_camera/install/vimbax_camera_color_correction/lib/python3.10/site-packages:/home/root1/lzx_ws/project/vimbax_ros_camera/install/vimbax_camera_msgs/local/lib/python3.10/dist-packages:${PYTHONPATH} /usr/bin/python3 -W ignore:setup.py install is deprecated -W ignore:easy_install command is deprecated setup.py develop --editable --build-directory /home/root1/lzx_ws/project/vimbax_ros_camera/build/vimbax_camera_color_correction/build --no-deps symlink_data
