[0.015s] Invoking command in '/home/root1/lzx_ws/project/vimbax_ros_camera/build/vimbax_camera': CMAKE_PREFIX_PATH=/home/root1/lzx_ws/project/vimbax_ros_camera/install/vimbax_camera_events:/home/root1/lzx_ws/project/vimbax_ros_camera/install/vmbc_interface:/home/root1/lzx_ws/project/vimbax_ros_camera/install/vimbax_camera_msgs:/home/root1/lzx_ws/project/vimbax_ros_camera/install/vimbax_camera_lut:/home/root1/lzx_ws/project/vimbax_ros_camera/install/vimbax_camera:/home/root1/lzx_ws/project/vimbax_ros_camera/install/vimbax_camera_examples:/home/root1/ros2_ws/install/robot_interface:/opt/ros/humble:/home/root1/lzx_ws/project/vimbax_ros_camera/install/vimbax_camera_color_correction LD_LIBRARY_PATH=/home/root1/lzx_ws/project/vimbax_ros_camera/install/vimbax_camera_events/lib:/home/root1/lzx_ws/project/vimbax_ros_camera/install/vimbax_camera_msgs/lib:/home/root1/lzx_ws/project/vimbax_ros_camera/install/vimbax_camera/lib:/home/root1/lzx_ws/project/vimbax_ros_camera/install/vimbax_camera_examples/lib:/home/root1/.local/lib:/home/root1/ros2_ws/install/robot_interface/lib:/opt/ros/humble/opt/rviz_ogre_vendor/lib:/opt/ros/humble/lib/x86_64-linux-gnu:/opt/ros/humble/lib:/usr/local/cuda-12.2/lib64:/usr/local/cuda-12.2/lib64:/usr/local/cuda-12.2/lib64 /usr/bin/cmake --build /home/root1/lzx_ws/project/vimbax_ros_camera/build/vimbax_camera -- -j16 -l16
[0.037s] [35m[1mConsolidate compiler generated dependencies of target test_lib[0m
[0.037s] [35m[1mConsolidate compiler generated dependencies of target gtest_main[0m
[0.037s] [35m[1mConsolidate compiler generated dependencies of target gtest[0m
[0.037s] [35m[1mConsolidate compiler generated dependencies of target vimbax_camera_node[0m
[0.038s] [35m[1mConsolidate compiler generated dependencies of target gmock_main[0m
[0.040s] [35m[1mConsolidate compiler generated dependencies of target gmock[0m
[0.042s] [  6%] Built target test_lib
[0.043s] [35m[1mConsolidate compiler generated dependencies of target vimbax_camera[0m
[0.047s] [ 13%] Built target gtest_main
[0.050s] [ 20%] Built target gtest
[0.051s] [ 27%] Built target gmock_main
[0.055s] [ 37%] Built target gmock
[0.056s] [ 44%] Built target vimbax_camera_node
[0.081s] [ 65%] Built target vimbax_camera
[0.087s] [35m[1mConsolidate compiler generated dependencies of target vimbax_camera_library_loader_test[0m
[0.088s] [35m[1mConsolidate compiler generated dependencies of target vimbax_camera_api_loader_test[0m
[0.089s] [35m[1mConsolidate compiler generated dependencies of target vimbax_camera_vimbax_camera_test[0m
[0.090s] [35m[1mConsolidate compiler generated dependencies of target vimbax_camera_vmbc_load_test[0m
[0.098s] [ 72%] Built target vimbax_camera_library_loader_test
[0.108s] [ 82%] Built target vimbax_camera_api_loader_test
[0.109s] [ 93%] Built target vimbax_camera_vimbax_camera_test
[0.109s] [100%] Built target vimbax_camera_vmbc_load_test
[0.115s] Invoked command in '/home/root1/lzx_ws/project/vimbax_ros_camera/build/vimbax_camera' returned '0': CMAKE_PREFIX_PATH=/home/root1/lzx_ws/project/vimbax_ros_camera/install/vimbax_camera_events:/home/root1/lzx_ws/project/vimbax_ros_camera/install/vmbc_interface:/home/root1/lzx_ws/project/vimbax_ros_camera/install/vimbax_camera_msgs:/home/root1/lzx_ws/project/vimbax_ros_camera/install/vimbax_camera_lut:/home/root1/lzx_ws/project/vimbax_ros_camera/install/vimbax_camera:/home/root1/lzx_ws/project/vimbax_ros_camera/install/vimbax_camera_examples:/home/root1/ros2_ws/install/robot_interface:/opt/ros/humble:/home/root1/lzx_ws/project/vimbax_ros_camera/install/vimbax_camera_color_correction LD_LIBRARY_PATH=/home/root1/lzx_ws/project/vimbax_ros_camera/install/vimbax_camera_events/lib:/home/root1/lzx_ws/project/vimbax_ros_camera/install/vimbax_camera_msgs/lib:/home/root1/lzx_ws/project/vimbax_ros_camera/install/vimbax_camera/lib:/home/root1/lzx_ws/project/vimbax_ros_camera/install/vimbax_camera_examples/lib:/home/root1/.local/lib:/home/root1/ros2_ws/install/robot_interface/lib:/opt/ros/humble/opt/rviz_ogre_vendor/lib:/opt/ros/humble/lib/x86_64-linux-gnu:/opt/ros/humble/lib:/usr/local/cuda-12.2/lib64:/usr/local/cuda-12.2/lib64:/usr/local/cuda-12.2/lib64 /usr/bin/cmake --build /home/root1/lzx_ws/project/vimbax_ros_camera/build/vimbax_camera -- -j16 -l16
[0.117s] Invoking command in '/home/root1/lzx_ws/project/vimbax_ros_camera/build/vimbax_camera': CMAKE_PREFIX_PATH=/home/root1/lzx_ws/project/vimbax_ros_camera/install/vimbax_camera_events:/home/root1/lzx_ws/project/vimbax_ros_camera/install/vmbc_interface:/home/root1/lzx_ws/project/vimbax_ros_camera/install/vimbax_camera_msgs:/home/root1/lzx_ws/project/vimbax_ros_camera/install/vimbax_camera_lut:/home/root1/lzx_ws/project/vimbax_ros_camera/install/vimbax_camera:/home/root1/lzx_ws/project/vimbax_ros_camera/install/vimbax_camera_examples:/home/root1/ros2_ws/install/robot_interface:/opt/ros/humble:/home/root1/lzx_ws/project/vimbax_ros_camera/install/vimbax_camera_color_correction LD_LIBRARY_PATH=/home/root1/lzx_ws/project/vimbax_ros_camera/install/vimbax_camera_events/lib:/home/root1/lzx_ws/project/vimbax_ros_camera/install/vimbax_camera_msgs/lib:/home/root1/lzx_ws/project/vimbax_ros_camera/install/vimbax_camera/lib:/home/root1/lzx_ws/project/vimbax_ros_camera/install/vimbax_camera_examples/lib:/home/root1/.local/lib:/home/root1/ros2_ws/install/robot_interface/lib:/opt/ros/humble/opt/rviz_ogre_vendor/lib:/opt/ros/humble/lib/x86_64-linux-gnu:/opt/ros/humble/lib:/usr/local/cuda-12.2/lib64:/usr/local/cuda-12.2/lib64:/usr/local/cuda-12.2/lib64 /usr/bin/cmake --install /home/root1/lzx_ws/project/vimbax_ros_camera/build/vimbax_camera
[0.119s] -- Install configuration: ""
[0.119s] -- Up-to-date: /home/root1/lzx_ws/project/vimbax_ros_camera/install/vimbax_camera/lib/vimbax_camera/vimbax_camera_node
[0.120s] -- Up-to-date: /home/root1/lzx_ws/project/vimbax_ros_camera/install/vimbax_camera/lib/libvimbax_camera.so
[0.120s] -- Up-to-date: /home/root1/lzx_ws/project/vimbax_ros_camera/install/vimbax_camera/share/vimbax_camera/launch
[0.120s] -- Up-to-date: /home/root1/lzx_ws/project/vimbax_ros_camera/install/vimbax_camera/share/vimbax_camera/launch/vimbax_camera_param_launch.py
[0.120s] -- Up-to-date: /home/root1/lzx_ws/project/vimbax_ros_camera/install/vimbax_camera/share/vimbax_camera/config
[0.120s] -- Up-to-date: /home/root1/lzx_ws/project/vimbax_ros_camera/install/vimbax_camera/share/vimbax_camera/config/camera_settings.xml
[0.120s] -- Up-to-date: /home/root1/lzx_ws/project/vimbax_ros_camera/install/vimbax_camera/share/vimbax_camera/config/color_correction_lut copy.npy
[0.121s] -- Up-to-date: /home/root1/lzx_ws/project/vimbax_ros_camera/install/vimbax_camera/share/vimbax_camera/config/image3.lut_33.npy
[0.121s] -- Up-to-date: /home/root1/lzx_ws/project/vimbax_ros_camera/install/vimbax_camera/share/vimbax_camera/config/camera_parameter.yaml
[0.121s] -- Up-to-date: /home/root1/lzx_ws/project/vimbax_ros_camera/install/vimbax_camera/share/vimbax_camera/config/camera_settings_custom.xml
[0.121s] -- Installing: /home/root1/lzx_ws/project/vimbax_ros_camera/install/vimbax_camera/share/vimbax_camera/config/color_correction_lut.npy
[0.122s] -- Up-to-date: /home/root1/lzx_ws/project/vimbax_ros_camera/install/vimbax_camera/share/vimbax_camera/environment/library_path.sh
[0.122s] -- Up-to-date: /home/root1/lzx_ws/project/vimbax_ros_camera/install/vimbax_camera/share/vimbax_camera/environment/library_path.dsv
[0.122s] -- Up-to-date: /home/root1/lzx_ws/project/vimbax_ros_camera/install/vimbax_camera/share/ament_index/resource_index/package_run_dependencies/vimbax_camera
[0.122s] -- Up-to-date: /home/root1/lzx_ws/project/vimbax_ros_camera/install/vimbax_camera/share/ament_index/resource_index/parent_prefix_path/vimbax_camera
[0.122s] -- Up-to-date: /home/root1/lzx_ws/project/vimbax_ros_camera/install/vimbax_camera/share/vimbax_camera/environment/ament_prefix_path.sh
[0.122s] -- Up-to-date: /home/root1/lzx_ws/project/vimbax_ros_camera/install/vimbax_camera/share/vimbax_camera/environment/ament_prefix_path.dsv
[0.123s] -- Up-to-date: /home/root1/lzx_ws/project/vimbax_ros_camera/install/vimbax_camera/share/vimbax_camera/environment/path.sh
[0.123s] -- Up-to-date: /home/root1/lzx_ws/project/vimbax_ros_camera/install/vimbax_camera/share/vimbax_camera/environment/path.dsv
[0.123s] -- Up-to-date: /home/root1/lzx_ws/project/vimbax_ros_camera/install/vimbax_camera/share/vimbax_camera/local_setup.bash
[0.123s] -- Up-to-date: /home/root1/lzx_ws/project/vimbax_ros_camera/install/vimbax_camera/share/vimbax_camera/local_setup.sh
[0.123s] -- Up-to-date: /home/root1/lzx_ws/project/vimbax_ros_camera/install/vimbax_camera/share/vimbax_camera/local_setup.zsh
[0.123s] -- Up-to-date: /home/root1/lzx_ws/project/vimbax_ros_camera/install/vimbax_camera/share/vimbax_camera/local_setup.dsv
[0.123s] -- Installing: /home/root1/lzx_ws/project/vimbax_ros_camera/install/vimbax_camera/share/vimbax_camera/package.dsv
[0.123s] -- Up-to-date: /home/root1/lzx_ws/project/vimbax_ros_camera/install/vimbax_camera/share/ament_index/resource_index/packages/vimbax_camera
[0.123s] -- Up-to-date: /home/root1/lzx_ws/project/vimbax_ros_camera/install/vimbax_camera/share/ament_index/resource_index/rclcpp_components/vimbax_camera
[0.124s] -- Up-to-date: /home/root1/lzx_ws/project/vimbax_ros_camera/install/vimbax_camera/share/vimbax_camera/cmake/ament_cmake_export_libraries-extras.cmake
[0.124s] -- Up-to-date: /home/root1/lzx_ws/project/vimbax_ros_camera/install/vimbax_camera/share/vimbax_camera/cmake/vimbax_cameraConfig.cmake
[0.124s] -- Up-to-date: /home/root1/lzx_ws/project/vimbax_ros_camera/install/vimbax_camera/share/vimbax_camera/cmake/vimbax_cameraConfig-version.cmake
[0.124s] -- Up-to-date: /home/root1/lzx_ws/project/vimbax_ros_camera/install/vimbax_camera/share/vimbax_camera/package.xml
[0.126s] Invoked command in '/home/root1/lzx_ws/project/vimbax_ros_camera/build/vimbax_camera' returned '0': CMAKE_PREFIX_PATH=/home/root1/lzx_ws/project/vimbax_ros_camera/install/vimbax_camera_events:/home/root1/lzx_ws/project/vimbax_ros_camera/install/vmbc_interface:/home/root1/lzx_ws/project/vimbax_ros_camera/install/vimbax_camera_msgs:/home/root1/lzx_ws/project/vimbax_ros_camera/install/vimbax_camera_lut:/home/root1/lzx_ws/project/vimbax_ros_camera/install/vimbax_camera:/home/root1/lzx_ws/project/vimbax_ros_camera/install/vimbax_camera_examples:/home/root1/ros2_ws/install/robot_interface:/opt/ros/humble:/home/root1/lzx_ws/project/vimbax_ros_camera/install/vimbax_camera_color_correction LD_LIBRARY_PATH=/home/root1/lzx_ws/project/vimbax_ros_camera/install/vimbax_camera_events/lib:/home/root1/lzx_ws/project/vimbax_ros_camera/install/vimbax_camera_msgs/lib:/home/root1/lzx_ws/project/vimbax_ros_camera/install/vimbax_camera/lib:/home/root1/lzx_ws/project/vimbax_ros_camera/install/vimbax_camera_examples/lib:/home/root1/.local/lib:/home/root1/ros2_ws/install/robot_interface/lib:/opt/ros/humble/opt/rviz_ogre_vendor/lib:/opt/ros/humble/lib/x86_64-linux-gnu:/opt/ros/humble/lib:/usr/local/cuda-12.2/lib64:/usr/local/cuda-12.2/lib64:/usr/local/cuda-12.2/lib64 /usr/bin/cmake --install /home/root1/lzx_ws/project/vimbax_ros_camera/build/vimbax_camera
