running develop
running egg_info
creating vimbax_camera_color_correction.egg-info
writing vimbax_camera_color_correction.egg-info/PKG-INFO
writing dependency_links to vimbax_camera_color_correction.egg-info/dependency_links.txt
writing entry points to vimbax_camera_color_correction.egg-info/entry_points.txt
writing requirements to vimbax_camera_color_correction.egg-info/requires.txt
writing top-level names to vimbax_camera_color_correction.egg-info/top_level.txt
writing manifest file 'vimbax_camera_color_correction.egg-info/SOURCES.txt'
reading manifest file 'vimbax_camera_color_correction.egg-info/SOURCES.txt'
writing manifest file 'vimbax_camera_color_correction.egg-info/SOURCES.txt'
running build_ext
Creating /home/root1/lzx_ws/project/vimbax_ros_camera/install/vimbax_camera_color_correction/lib/python3.10/site-packages/vimbax-camera-color-correction.egg-link (link to .)
Installing color_correction_node script to /home/root1/lzx_ws/project/vimbax_ros_camera/install/vimbax_camera_color_correction/lib/vimbax_camera_color_correction

Installed /home/root1/lzx_ws/project/vimbax_ros_camera/build/vimbax_camera_color_correction
running symlink_data
creating /home/root1/lzx_ws/project/vimbax_ros_camera/install/vimbax_camera_color_correction/share/ament_index
creating /home/root1/lzx_ws/project/vimbax_ros_camera/install/vimbax_camera_color_correction/share/ament_index/resource_index
creating /home/root1/lzx_ws/project/vimbax_ros_camera/install/vimbax_camera_color_correction/share/ament_index/resource_index/packages
symbolically linking /home/root1/lzx_ws/project/vimbax_ros_camera/build/vimbax_camera_color_correction/resource/vimbax_camera_color_correction -> /home/root1/lzx_ws/project/vimbax_ros_camera/install/vimbax_camera_color_correction/share/ament_index/resource_index/packages
creating /home/root1/lzx_ws/project/vimbax_ros_camera/install/vimbax_camera_color_correction/share/vimbax_camera_color_correction/launch
symbolically linking /home/root1/lzx_ws/project/vimbax_ros_camera/build/vimbax_camera_color_correction/launch/color_correction.launch.py -> /home/root1/lzx_ws/project/vimbax_ros_camera/install/vimbax_camera_color_correction/share/vimbax_camera_color_correction/launch
symbolically linking /home/root1/lzx_ws/project/vimbax_ros_camera/build/vimbax_camera_color_correction/package.xml -> /home/root1/lzx_ws/project/vimbax_ros_camera/install/vimbax_camera_color_correction/share/vimbax_camera_color_correction
