[1.443s] Invoking command in '/home/root1/lzx_ws/project/vimbax_ros_camera/src/vimbax_camera_color_correction': AMENT_PREFIX_PATH=/home/root1/lzx_ws/project/vimbax_ros_camera/install/vimbax_camera_msgs:${AMENT_PREFIX_PATH} CMAKE_PREFIX_PATH=/home/root1/lzx_ws/project/vimbax_ros_camera/install/vimbax_camera_msgs:${CMAKE_PREFIX_PATH} LD_LIBRARY_PATH=/home/root1/lzx_ws/project/vimbax_ros_camera/install/vimbax_camera_msgs/lib:${LD_LIBRARY_PATH} PYTHONPATH=/home/root1/lzx_ws/project/vimbax_ros_camera/build/vimbax_camera_color_correction/prefix_override:/usr/lib/python3/dist-packages/colcon_core/task/python/colcon_distutils_commands:/home/root1/lzx_ws/project/vimbax_ros_camera/install/vimbax_camera_color_correction/lib/python3.10/site-packages:/home/root1/lzx_ws/project/vimbax_ros_camera/install/vimbax_camera_msgs/local/lib/python3.10/dist-packages:${PYTHONPATH} /usr/bin/python3 -W ignore:setup.py install is deprecated -W ignore:easy_install command is deprecated setup.py egg_info --egg-base ../../build/vimbax_camera_color_correction build --build-base /home/root1/lzx_ws/project/vimbax_ros_camera/build/vimbax_camera_color_correction/build install --record /home/root1/lzx_ws/project/vimbax_ros_camera/build/vimbax_camera_color_correction/install.log --single-version-externally-managed install_data
[1.804s] running egg_info
[1.826s] writing ../../build/vimbax_camera_color_correction/vimbax_camera_color_correction.egg-info/PKG-INFO
[1.827s] writing dependency_links to ../../build/vimbax_camera_color_correction/vimbax_camera_color_correction.egg-info/dependency_links.txt
[1.827s] writing entry points to ../../build/vimbax_camera_color_correction/vimbax_camera_color_correction.egg-info/entry_points.txt
[1.827s] writing requirements to ../../build/vimbax_camera_color_correction/vimbax_camera_color_correction.egg-info/requires.txt
[1.828s] writing top-level names to ../../build/vimbax_camera_color_correction/vimbax_camera_color_correction.egg-info/top_level.txt
[2.019s] reading manifest file '../../build/vimbax_camera_color_correction/vimbax_camera_color_correction.egg-info/SOURCES.txt'
[2.020s] writing manifest file '../../build/vimbax_camera_color_correction/vimbax_camera_color_correction.egg-info/SOURCES.txt'
[2.020s] running build
[2.020s] running build_py
[2.021s] copying vimbax_camera_color_correction/__init__.py -> /home/root1/lzx_ws/project/vimbax_ros_camera/build/vimbax_camera_color_correction/build/lib/vimbax_camera_color_correction
[2.021s] copying vimbax_camera_color_correction/ccm_apply_node.py -> /home/root1/lzx_ws/project/vimbax_ros_camera/build/vimbax_camera_color_correction/build/lib/vimbax_camera_color_correction
[2.021s] copying vimbax_camera_color_correction/color_correction_node.py -> /home/root1/lzx_ws/project/vimbax_ros_camera/build/vimbax_camera_color_correction/build/lib/vimbax_camera_color_correction
[2.021s] running install
[2.029s] running install_lib
[2.059s] copying /home/root1/lzx_ws/project/vimbax_ros_camera/build/vimbax_camera_color_correction/build/lib/vimbax_camera_color_correction/color_correction_node.py -> /home/root1/lzx_ws/project/vimbax_ros_camera/install/vimbax_camera_color_correction/lib/python3.10/site-packages/vimbax_camera_color_correction
[2.060s] byte-compiling /home/root1/lzx_ws/project/vimbax_ros_camera/install/vimbax_camera_color_correction/lib/python3.10/site-packages/vimbax_camera_color_correction/color_correction_node.py to color_correction_node.cpython-310.pyc
[2.063s] running install_data
[2.063s] copying resource/vimbax_camera_color_correction -> /home/root1/lzx_ws/project/vimbax_ros_camera/install/vimbax_camera_color_correction/share/ament_index/resource_index/packages
[2.063s] copying launch/color_correction.launch.py -> /home/root1/lzx_ws/project/vimbax_ros_camera/install/vimbax_camera_color_correction/share/vimbax_camera_color_correction/launch
[2.064s] copying launch/ccm_apply.launch.py -> /home/root1/lzx_ws/project/vimbax_ros_camera/install/vimbax_camera_color_correction/share/vimbax_camera_color_correction/launch
[2.064s] copying package.xml -> /home/root1/lzx_ws/project/vimbax_ros_camera/install/vimbax_camera_color_correction/share/vimbax_camera_color_correction
[2.064s] running install_egg_info
[2.090s] removing '/home/root1/lzx_ws/project/vimbax_ros_camera/install/vimbax_camera_color_correction/lib/python3.10/site-packages/vimbax_camera_color_correction-1.0.0-py3.10.egg-info' (and everything under it)
[2.090s] Copying ../../build/vimbax_camera_color_correction/vimbax_camera_color_correction.egg-info to /home/root1/lzx_ws/project/vimbax_ros_camera/install/vimbax_camera_color_correction/lib/python3.10/site-packages/vimbax_camera_color_correction-1.0.0-py3.10.egg-info
[2.092s] running install_scripts
[2.160s] Installing ccm_apply_node script to /home/root1/lzx_ws/project/vimbax_ros_camera/install/vimbax_camera_color_correction/lib/vimbax_camera_color_correction
[2.160s] Installing color_correction_node script to /home/root1/lzx_ws/project/vimbax_ros_camera/install/vimbax_camera_color_correction/lib/vimbax_camera_color_correction
[2.161s] writing list of installed files to '/home/root1/lzx_ws/project/vimbax_ros_camera/build/vimbax_camera_color_correction/install.log'
[2.245s] Invoked command in '/home/root1/lzx_ws/project/vimbax_ros_camera/src/vimbax_camera_color_correction' returned '0': AMENT_PREFIX_PATH=/home/root1/lzx_ws/project/vimbax_ros_camera/install/vimbax_camera_msgs:${AMENT_PREFIX_PATH} CMAKE_PREFIX_PATH=/home/root1/lzx_ws/project/vimbax_ros_camera/install/vimbax_camera_msgs:${CMAKE_PREFIX_PATH} LD_LIBRARY_PATH=/home/root1/lzx_ws/project/vimbax_ros_camera/install/vimbax_camera_msgs/lib:${LD_LIBRARY_PATH} PYTHONPATH=/home/root1/lzx_ws/project/vimbax_ros_camera/build/vimbax_camera_color_correction/prefix_override:/usr/lib/python3/dist-packages/colcon_core/task/python/colcon_distutils_commands:/home/root1/lzx_ws/project/vimbax_ros_camera/install/vimbax_camera_color_correction/lib/python3.10/site-packages:/home/root1/lzx_ws/project/vimbax_ros_camera/install/vimbax_camera_msgs/local/lib/python3.10/dist-packages:${PYTHONPATH} /usr/bin/python3 -W ignore:setup.py install is deprecated -W ignore:easy_install command is deprecated setup.py egg_info --egg-base ../../build/vimbax_camera_color_correction build --build-base /home/root1/lzx_ws/project/vimbax_ros_camera/build/vimbax_camera_color_correction/build install --record /home/root1/lzx_ws/project/vimbax_ros_camera/build/vimbax_camera_color_correction/install.log --single-version-externally-managed install_data
