[0.180s] DEBUG:colcon:Command line arguments: ['/usr/bin/colcon', 'build', '--symlink-install', '--packages-select', 'vimbax_camera_color_correction']
[0.180s] DEBUG:colcon:Parsed command line arguments: Namespace(log_base=None, log_level=None, verb_name='build', build_base='build', install_base='install', merge_install=False, symlink_install=True, test_result_base=None, continue_on_error=False, executor='parallel', parallel_workers=16, event_handlers=None, ignore_user_meta=False, metas=['./colcon.meta'], base_paths=['.'], packages_ignore=None, packages_ignore_regex=None, paths=None, packages_up_to=None, packages_up_to_regex=None, packages_above=None, packages_above_and_dependencies=None, packages_above_depth=None, packages_select_by_dep=None, packages_skip_by_dep=None, packages_skip_up_to=None, packages_select_build_failed=False, packages_skip_build_finished=False, packages_select_test_failures=False, packages_skip_test_passed=False, packages_select=['vimbax_camera_color_correction'], packages_skip=None, packages_select_regex=None, packages_skip_regex=None, packages_start=None, packages_end=None, allow_overriding=[], cmake_args=None, cmake_target=None, cmake_target_skip_unavailable=False, cmake_clean_cache=False, cmake_clean_first=False, cmake_force_configure=False, ament_cmake_args=None, catkin_cmake_args=None, catkin_skip_building_tests=False, verb_parser=<colcon_defaults.argument_parser.defaults.DefaultArgumentsDecorator object at 0x7895509aa020>, verb_extension=<colcon_core.verb.build.BuildVerb object at 0x7895509a83d0>, main=<bound method BuildVerb.main of <colcon_core.verb.build.BuildVerb object at 0x7895509a83d0>>)
[0.222s] Level 1:colcon.colcon_core.package_discovery:discover_packages(colcon_meta) check parameters
[0.222s] Level 1:colcon.colcon_core.package_discovery:discover_packages(recursive) check parameters
[0.222s] Level 1:colcon.colcon_core.package_discovery:discover_packages(ignore) check parameters
[0.222s] Level 1:colcon.colcon_core.package_discovery:discover_packages(path) check parameters
[0.222s] Level 1:colcon.colcon_core.package_discovery:discover_packages(colcon_meta) discover
[0.222s] Level 1:colcon.colcon_core.package_discovery:discover_packages(recursive) discover
[0.222s] INFO:colcon.colcon_core.package_discovery:Crawling recursively for packages in '/home/root1/lzx_ws/project/vimbax_ros_camera'
[0.222s] Level 1:colcon.colcon_core.package_identification:_identify(.) by extensions ['ignore', 'ignore_ament_install']
[0.222s] Level 1:colcon.colcon_core.package_identification:_identify(.) by extension 'ignore'
[0.222s] Level 1:colcon.colcon_core.package_identification:_identify(.) by extension 'ignore_ament_install'
[0.222s] Level 1:colcon.colcon_core.package_identification:_identify(.) by extensions ['colcon_pkg']
[0.222s] Level 1:colcon.colcon_core.package_identification:_identify(.) by extension 'colcon_pkg'
[0.223s] Level 1:colcon.colcon_core.package_identification:_identify(.) by extensions ['colcon_meta']
[0.223s] Level 1:colcon.colcon_core.package_identification:_identify(.) by extension 'colcon_meta'
[0.223s] Level 1:colcon.colcon_core.package_identification:_identify(.) by extensions ['ros']
[0.223s] Level 1:colcon.colcon_core.package_identification:_identify(.) by extension 'ros'
[0.250s] Level 1:colcon.colcon_core.package_identification:_identify(.) by extensions ['cmake', 'python']
[0.250s] Level 1:colcon.colcon_core.package_identification:_identify(.) by extension 'cmake'
[0.251s] Level 1:colcon.colcon_core.package_identification:_identify(.) by extension 'python'
[0.251s] Level 1:colcon.colcon_core.package_identification:_identify(.) by extensions ['python_setup_py']
[0.251s] Level 1:colcon.colcon_core.package_identification:_identify(.) by extension 'python_setup_py'
[0.251s] Level 1:colcon.colcon_core.package_identification:_identify(build) by extensions ['ignore', 'ignore_ament_install']
[0.251s] Level 1:colcon.colcon_core.package_identification:_identify(build) by extension 'ignore'
[0.251s] Level 1:colcon.colcon_core.package_identification:_identify(build) ignored
[0.251s] Level 1:colcon.colcon_core.package_identification:_identify(config) by extensions ['ignore', 'ignore_ament_install']
[0.251s] Level 1:colcon.colcon_core.package_identification:_identify(config) by extension 'ignore'
[0.251s] Level 1:colcon.colcon_core.package_identification:_identify(config) by extension 'ignore_ament_install'
[0.251s] Level 1:colcon.colcon_core.package_identification:_identify(config) by extensions ['colcon_pkg']
[0.251s] Level 1:colcon.colcon_core.package_identification:_identify(config) by extension 'colcon_pkg'
[0.251s] Level 1:colcon.colcon_core.package_identification:_identify(config) by extensions ['colcon_meta']
[0.251s] Level 1:colcon.colcon_core.package_identification:_identify(config) by extension 'colcon_meta'
[0.251s] Level 1:colcon.colcon_core.package_identification:_identify(config) by extensions ['ros']
[0.251s] Level 1:colcon.colcon_core.package_identification:_identify(config) by extension 'ros'
[0.251s] Level 1:colcon.colcon_core.package_identification:_identify(config) by extensions ['cmake', 'python']
[0.251s] Level 1:colcon.colcon_core.package_identification:_identify(config) by extension 'cmake'
[0.252s] Level 1:colcon.colcon_core.package_identification:_identify(config) by extension 'python'
[0.252s] Level 1:colcon.colcon_core.package_identification:_identify(config) by extensions ['python_setup_py']
[0.252s] Level 1:colcon.colcon_core.package_identification:_identify(config) by extension 'python_setup_py'
[0.252s] Level 1:colcon.colcon_core.package_identification:_identify(install) by extensions ['ignore', 'ignore_ament_install']
[0.252s] Level 1:colcon.colcon_core.package_identification:_identify(install) by extension 'ignore'
[0.252s] Level 1:colcon.colcon_core.package_identification:_identify(install) ignored
[0.252s] Level 1:colcon.colcon_core.package_identification:_identify(launch) by extensions ['ignore', 'ignore_ament_install']
[0.252s] Level 1:colcon.colcon_core.package_identification:_identify(launch) by extension 'ignore'
[0.252s] Level 1:colcon.colcon_core.package_identification:_identify(launch) by extension 'ignore_ament_install'
[0.252s] Level 1:colcon.colcon_core.package_identification:_identify(launch) by extensions ['colcon_pkg']
[0.252s] Level 1:colcon.colcon_core.package_identification:_identify(launch) by extension 'colcon_pkg'
[0.252s] Level 1:colcon.colcon_core.package_identification:_identify(launch) by extensions ['colcon_meta']
[0.252s] Level 1:colcon.colcon_core.package_identification:_identify(launch) by extension 'colcon_meta'
[0.252s] Level 1:colcon.colcon_core.package_identification:_identify(launch) by extensions ['ros']
[0.252s] Level 1:colcon.colcon_core.package_identification:_identify(launch) by extension 'ros'
[0.252s] Level 1:colcon.colcon_core.package_identification:_identify(launch) by extensions ['cmake', 'python']
[0.252s] Level 1:colcon.colcon_core.package_identification:_identify(launch) by extension 'cmake'
[0.253s] Level 1:colcon.colcon_core.package_identification:_identify(launch) by extension 'python'
[0.253s] Level 1:colcon.colcon_core.package_identification:_identify(launch) by extensions ['python_setup_py']
[0.253s] Level 1:colcon.colcon_core.package_identification:_identify(launch) by extension 'python_setup_py'
[0.253s] Level 1:colcon.colcon_core.package_identification:_identify(launch/__pycache__) by extensions ['ignore', 'ignore_ament_install']
[0.253s] Level 1:colcon.colcon_core.package_identification:_identify(launch/__pycache__) by extension 'ignore'
[0.253s] Level 1:colcon.colcon_core.package_identification:_identify(launch/__pycache__) by extension 'ignore_ament_install'
[0.253s] Level 1:colcon.colcon_core.package_identification:_identify(launch/__pycache__) by extensions ['colcon_pkg']
[0.253s] Level 1:colcon.colcon_core.package_identification:_identify(launch/__pycache__) by extension 'colcon_pkg'
[0.253s] Level 1:colcon.colcon_core.package_identification:_identify(launch/__pycache__) by extensions ['colcon_meta']
[0.253s] Level 1:colcon.colcon_core.package_identification:_identify(launch/__pycache__) by extension 'colcon_meta'
[0.253s] Level 1:colcon.colcon_core.package_identification:_identify(launch/__pycache__) by extensions ['ros']
[0.253s] Level 1:colcon.colcon_core.package_identification:_identify(launch/__pycache__) by extension 'ros'
[0.253s] Level 1:colcon.colcon_core.package_identification:_identify(launch/__pycache__) by extensions ['cmake', 'python']
[0.253s] Level 1:colcon.colcon_core.package_identification:_identify(launch/__pycache__) by extension 'cmake'
[0.253s] Level 1:colcon.colcon_core.package_identification:_identify(launch/__pycache__) by extension 'python'
[0.253s] Level 1:colcon.colcon_core.package_identification:_identify(launch/__pycache__) by extensions ['python_setup_py']
[0.253s] Level 1:colcon.colcon_core.package_identification:_identify(launch/__pycache__) by extension 'python_setup_py'
[0.253s] Level 1:colcon.colcon_core.package_identification:_identify(log) by extensions ['ignore', 'ignore_ament_install']
[0.254s] Level 1:colcon.colcon_core.package_identification:_identify(log) by extension 'ignore'
[0.254s] Level 1:colcon.colcon_core.package_identification:_identify(log) ignored
[0.254s] Level 1:colcon.colcon_core.package_identification:_identify(src) by extensions ['ignore', 'ignore_ament_install']
[0.254s] Level 1:colcon.colcon_core.package_identification:_identify(src) by extension 'ignore'
[0.254s] Level 1:colcon.colcon_core.package_identification:_identify(src) by extension 'ignore_ament_install'
[0.254s] Level 1:colcon.colcon_core.package_identification:_identify(src) by extensions ['colcon_pkg']
[0.254s] Level 1:colcon.colcon_core.package_identification:_identify(src) by extension 'colcon_pkg'
[0.254s] Level 1:colcon.colcon_core.package_identification:_identify(src) by extensions ['colcon_meta']
[0.254s] Level 1:colcon.colcon_core.package_identification:_identify(src) by extension 'colcon_meta'
[0.254s] Level 1:colcon.colcon_core.package_identification:_identify(src) by extensions ['ros']
[0.254s] Level 1:colcon.colcon_core.package_identification:_identify(src) by extension 'ros'
[0.254s] Level 1:colcon.colcon_core.package_identification:_identify(src) by extensions ['cmake', 'python']
[0.254s] Level 1:colcon.colcon_core.package_identification:_identify(src) by extension 'cmake'
[0.254s] Level 1:colcon.colcon_core.package_identification:_identify(src) by extension 'python'
[0.254s] Level 1:colcon.colcon_core.package_identification:_identify(src) by extensions ['python_setup_py']
[0.254s] Level 1:colcon.colcon_core.package_identification:_identify(src) by extension 'python_setup_py'
[0.254s] Level 1:colcon.colcon_core.package_identification:_identify(src/vimbax_camera_color_correction) by extensions ['ignore', 'ignore_ament_install']
[0.254s] Level 1:colcon.colcon_core.package_identification:_identify(src/vimbax_camera_color_correction) by extension 'ignore'
[0.254s] Level 1:colcon.colcon_core.package_identification:_identify(src/vimbax_camera_color_correction) by extension 'ignore_ament_install'
[0.254s] Level 1:colcon.colcon_core.package_identification:_identify(src/vimbax_camera_color_correction) by extensions ['colcon_pkg']
[0.255s] Level 1:colcon.colcon_core.package_identification:_identify(src/vimbax_camera_color_correction) by extension 'colcon_pkg'
[0.255s] Level 1:colcon.colcon_core.package_identification:_identify(src/vimbax_camera_color_correction) by extensions ['colcon_meta']
[0.255s] Level 1:colcon.colcon_core.package_identification:_identify(src/vimbax_camera_color_correction) by extension 'colcon_meta'
[0.255s] Level 1:colcon.colcon_core.package_identification:_identify(src/vimbax_camera_color_correction) by extensions ['ros']
[0.255s] Level 1:colcon.colcon_core.package_identification:_identify(src/vimbax_camera_color_correction) by extension 'ros'
[0.258s] DEBUG:colcon.colcon_core.package_identification:Package 'src/vimbax_camera_color_correction' with type 'ros.ament_python' and name 'vimbax_camera_color_correction'
[0.258s] Level 1:colcon.colcon_core.package_identification:_identify(src/vimbax_ros2_driver) by extensions ['ignore', 'ignore_ament_install']
[0.258s] Level 1:colcon.colcon_core.package_identification:_identify(src/vimbax_ros2_driver) by extension 'ignore'
[0.258s] Level 1:colcon.colcon_core.package_identification:_identify(src/vimbax_ros2_driver) by extension 'ignore_ament_install'
[0.258s] Level 1:colcon.colcon_core.package_identification:_identify(src/vimbax_ros2_driver) by extensions ['colcon_pkg']
[0.258s] Level 1:colcon.colcon_core.package_identification:_identify(src/vimbax_ros2_driver) by extension 'colcon_pkg'
[0.258s] Level 1:colcon.colcon_core.package_identification:_identify(src/vimbax_ros2_driver) by extensions ['colcon_meta']
[0.258s] Level 1:colcon.colcon_core.package_identification:_identify(src/vimbax_ros2_driver) by extension 'colcon_meta'
[0.258s] Level 1:colcon.colcon_core.package_identification:_identify(src/vimbax_ros2_driver) by extensions ['ros']
[0.258s] Level 1:colcon.colcon_core.package_identification:_identify(src/vimbax_ros2_driver) by extension 'ros'
[0.258s] Level 1:colcon.colcon_core.package_identification:_identify(src/vimbax_ros2_driver) by extensions ['cmake', 'python']
[0.258s] Level 1:colcon.colcon_core.package_identification:_identify(src/vimbax_ros2_driver) by extension 'cmake'
[0.258s] Level 1:colcon.colcon_core.package_identification:_identify(src/vimbax_ros2_driver) by extension 'python'
[0.258s] Level 1:colcon.colcon_core.package_identification:_identify(src/vimbax_ros2_driver) by extensions ['python_setup_py']
[0.258s] Level 1:colcon.colcon_core.package_identification:_identify(src/vimbax_ros2_driver) by extension 'python_setup_py'
[0.258s] Level 1:colcon.colcon_core.package_identification:_identify(src/vimbax_ros2_driver/vimbax_camera) by extensions ['ignore', 'ignore_ament_install']
[0.259s] Level 1:colcon.colcon_core.package_identification:_identify(src/vimbax_ros2_driver/vimbax_camera) by extension 'ignore'
[0.259s] Level 1:colcon.colcon_core.package_identification:_identify(src/vimbax_ros2_driver/vimbax_camera) by extension 'ignore_ament_install'
[0.259s] Level 1:colcon.colcon_core.package_identification:_identify(src/vimbax_ros2_driver/vimbax_camera) by extensions ['colcon_pkg']
[0.259s] Level 1:colcon.colcon_core.package_identification:_identify(src/vimbax_ros2_driver/vimbax_camera) by extension 'colcon_pkg'
[0.259s] Level 1:colcon.colcon_core.package_identification:_identify(src/vimbax_ros2_driver/vimbax_camera) by extensions ['colcon_meta']
[0.259s] Level 1:colcon.colcon_core.package_identification:_identify(src/vimbax_ros2_driver/vimbax_camera) by extension 'colcon_meta'
[0.259s] Level 1:colcon.colcon_core.package_identification:_identify(src/vimbax_ros2_driver/vimbax_camera) by extensions ['ros']
[0.259s] Level 1:colcon.colcon_core.package_identification:_identify(src/vimbax_ros2_driver/vimbax_camera) by extension 'ros'
[0.260s] DEBUG:colcon.colcon_core.package_identification:Package 'src/vimbax_ros2_driver/vimbax_camera' with type 'ros.ament_cmake' and name 'vimbax_camera'
[0.260s] Level 1:colcon.colcon_core.package_identification:_identify(src/vimbax_ros2_driver/vimbax_camera_events) by extensions ['ignore', 'ignore_ament_install']
[0.260s] Level 1:colcon.colcon_core.package_identification:_identify(src/vimbax_ros2_driver/vimbax_camera_events) by extension 'ignore'
[0.260s] Level 1:colcon.colcon_core.package_identification:_identify(src/vimbax_ros2_driver/vimbax_camera_events) by extension 'ignore_ament_install'
[0.260s] Level 1:colcon.colcon_core.package_identification:_identify(src/vimbax_ros2_driver/vimbax_camera_events) by extensions ['colcon_pkg']
[0.260s] Level 1:colcon.colcon_core.package_identification:_identify(src/vimbax_ros2_driver/vimbax_camera_events) by extension 'colcon_pkg'
[0.260s] Level 1:colcon.colcon_core.package_identification:_identify(src/vimbax_ros2_driver/vimbax_camera_events) by extensions ['colcon_meta']
[0.260s] Level 1:colcon.colcon_core.package_identification:_identify(src/vimbax_ros2_driver/vimbax_camera_events) by extension 'colcon_meta'
[0.260s] Level 1:colcon.colcon_core.package_identification:_identify(src/vimbax_ros2_driver/vimbax_camera_events) by extensions ['ros']
[0.260s] Level 1:colcon.colcon_core.package_identification:_identify(src/vimbax_ros2_driver/vimbax_camera_events) by extension 'ros'
[0.261s] DEBUG:colcon.colcon_core.package_identification:Package 'src/vimbax_ros2_driver/vimbax_camera_events' with type 'ros.ament_cmake' and name 'vimbax_camera_events'
[0.261s] Level 1:colcon.colcon_core.package_identification:_identify(src/vimbax_ros2_driver/vimbax_camera_examples) by extensions ['ignore', 'ignore_ament_install']
[0.261s] Level 1:colcon.colcon_core.package_identification:_identify(src/vimbax_ros2_driver/vimbax_camera_examples) by extension 'ignore'
[0.261s] Level 1:colcon.colcon_core.package_identification:_identify(src/vimbax_ros2_driver/vimbax_camera_examples) by extension 'ignore_ament_install'
[0.261s] Level 1:colcon.colcon_core.package_identification:_identify(src/vimbax_ros2_driver/vimbax_camera_examples) by extensions ['colcon_pkg']
[0.261s] Level 1:colcon.colcon_core.package_identification:_identify(src/vimbax_ros2_driver/vimbax_camera_examples) by extension 'colcon_pkg'
[0.261s] Level 1:colcon.colcon_core.package_identification:_identify(src/vimbax_ros2_driver/vimbax_camera_examples) by extensions ['colcon_meta']
[0.262s] Level 1:colcon.colcon_core.package_identification:_identify(src/vimbax_ros2_driver/vimbax_camera_examples) by extension 'colcon_meta'
[0.262s] Level 1:colcon.colcon_core.package_identification:_identify(src/vimbax_ros2_driver/vimbax_camera_examples) by extensions ['ros']
[0.262s] Level 1:colcon.colcon_core.package_identification:_identify(src/vimbax_ros2_driver/vimbax_camera_examples) by extension 'ros'
[0.263s] DEBUG:colcon.colcon_core.package_identification:Package 'src/vimbax_ros2_driver/vimbax_camera_examples' with type 'ros.ament_cmake' and name 'vimbax_camera_examples'
[0.263s] Level 1:colcon.colcon_core.package_identification:_identify(src/vimbax_ros2_driver/vimbax_camera_msgs) by extensions ['ignore', 'ignore_ament_install']
[0.263s] Level 1:colcon.colcon_core.package_identification:_identify(src/vimbax_ros2_driver/vimbax_camera_msgs) by extension 'ignore'
[0.263s] Level 1:colcon.colcon_core.package_identification:_identify(src/vimbax_ros2_driver/vimbax_camera_msgs) by extension 'ignore_ament_install'
[0.263s] Level 1:colcon.colcon_core.package_identification:_identify(src/vimbax_ros2_driver/vimbax_camera_msgs) by extensions ['colcon_pkg']
[0.263s] Level 1:colcon.colcon_core.package_identification:_identify(src/vimbax_ros2_driver/vimbax_camera_msgs) by extension 'colcon_pkg'
[0.263s] Level 1:colcon.colcon_core.package_identification:_identify(src/vimbax_ros2_driver/vimbax_camera_msgs) by extensions ['colcon_meta']
[0.263s] Level 1:colcon.colcon_core.package_identification:_identify(src/vimbax_ros2_driver/vimbax_camera_msgs) by extension 'colcon_meta'
[0.263s] Level 1:colcon.colcon_core.package_identification:_identify(src/vimbax_ros2_driver/vimbax_camera_msgs) by extensions ['ros']
[0.263s] Level 1:colcon.colcon_core.package_identification:_identify(src/vimbax_ros2_driver/vimbax_camera_msgs) by extension 'ros'
[0.264s] DEBUG:colcon.colcon_core.package_identification:Package 'src/vimbax_ros2_driver/vimbax_camera_msgs' with type 'ros.ament_cmake' and name 'vimbax_camera_msgs'
[0.264s] Level 1:colcon.colcon_core.package_identification:_identify(src/vimbax_ros2_driver/vmbc_interface) by extensions ['ignore', 'ignore_ament_install']
[0.264s] Level 1:colcon.colcon_core.package_identification:_identify(src/vimbax_ros2_driver/vmbc_interface) by extension 'ignore'
[0.264s] Level 1:colcon.colcon_core.package_identification:_identify(src/vimbax_ros2_driver/vmbc_interface) by extension 'ignore_ament_install'
[0.264s] Level 1:colcon.colcon_core.package_identification:_identify(src/vimbax_ros2_driver/vmbc_interface) by extensions ['colcon_pkg']
[0.264s] Level 1:colcon.colcon_core.package_identification:_identify(src/vimbax_ros2_driver/vmbc_interface) by extension 'colcon_pkg'
[0.264s] Level 1:colcon.colcon_core.package_identification:_identify(src/vimbax_ros2_driver/vmbc_interface) by extensions ['colcon_meta']
[0.264s] Level 1:colcon.colcon_core.package_identification:_identify(src/vimbax_ros2_driver/vmbc_interface) by extension 'colcon_meta'
[0.264s] Level 1:colcon.colcon_core.package_identification:_identify(src/vimbax_ros2_driver/vmbc_interface) by extensions ['ros']
[0.264s] Level 1:colcon.colcon_core.package_identification:_identify(src/vimbax_ros2_driver/vmbc_interface) by extension 'ros'
[0.265s] DEBUG:colcon.colcon_core.package_identification:Package 'src/vimbax_ros2_driver/vmbc_interface' with type 'ros.ament_cmake' and name 'vmbc_interface'
[0.265s] Level 1:colcon.colcon_core.package_discovery:discover_packages(recursive) using defaults
[0.265s] Level 1:colcon.colcon_core.package_discovery:discover_packages(ignore) discover
[0.265s] Level 1:colcon.colcon_core.package_discovery:discover_packages(ignore) using defaults
[0.265s] Level 1:colcon.colcon_core.package_discovery:discover_packages(path) discover
[0.265s] Level 1:colcon.colcon_core.package_discovery:discover_packages(path) using defaults
[0.288s] INFO:colcon.colcon_core.package_selection:Skipping not selected package 'vimbax_camera_msgs' in 'src/vimbax_ros2_driver/vimbax_camera_msgs'
[0.288s] INFO:colcon.colcon_core.package_selection:Skipping not selected package 'vmbc_interface' in 'src/vimbax_ros2_driver/vmbc_interface'
[0.288s] INFO:colcon.colcon_core.package_selection:Skipping not selected package 'vimbax_camera_events' in 'src/vimbax_ros2_driver/vimbax_camera_events'
[0.288s] INFO:colcon.colcon_core.package_selection:Skipping not selected package 'vimbax_camera' in 'src/vimbax_ros2_driver/vimbax_camera'
[0.288s] INFO:colcon.colcon_core.package_selection:Skipping not selected package 'vimbax_camera_examples' in 'src/vimbax_ros2_driver/vimbax_camera_examples'
[0.289s] Level 1:colcon.colcon_core.package_discovery:discover_packages(prefix_path) check parameters
[0.289s] Level 1:colcon.colcon_core.package_discovery:discover_packages(prefix_path) discover
[0.292s] DEBUG:colcon.colcon_installed_package_information.package_discovery:Found 6 installed packages in /home/root1/lzx_ws/project/vimbax_ros_camera/install
[0.292s] DEBUG:colcon.colcon_installed_package_information.package_discovery:Found 1 installed packages in /home/root1/ros2_ws/install
[0.293s] DEBUG:colcon.colcon_installed_package_information.package_discovery:Found 284 installed packages in /opt/ros/humble
[0.295s] Level 1:colcon.colcon_core.package_discovery:discover_packages(prefix_path) using defaults
[0.341s] Level 5:colcon.colcon_core.verb:set package 'vimbax_camera_color_correction' build argument 'cmake_args' from command line to 'None'
[0.342s] Level 5:colcon.colcon_core.verb:set package 'vimbax_camera_color_correction' build argument 'cmake_target' from command line to 'None'
[0.342s] Level 5:colcon.colcon_core.verb:set package 'vimbax_camera_color_correction' build argument 'cmake_target_skip_unavailable' from command line to 'False'
[0.342s] Level 5:colcon.colcon_core.verb:set package 'vimbax_camera_color_correction' build argument 'cmake_clean_cache' from command line to 'False'
[0.342s] Level 5:colcon.colcon_core.verb:set package 'vimbax_camera_color_correction' build argument 'cmake_clean_first' from command line to 'False'
[0.342s] Level 5:colcon.colcon_core.verb:set package 'vimbax_camera_color_correction' build argument 'cmake_force_configure' from command line to 'False'
[0.342s] Level 5:colcon.colcon_core.verb:set package 'vimbax_camera_color_correction' build argument 'ament_cmake_args' from command line to 'None'
[0.342s] Level 5:colcon.colcon_core.verb:set package 'vimbax_camera_color_correction' build argument 'catkin_cmake_args' from command line to 'None'
[0.342s] Level 5:colcon.colcon_core.verb:set package 'vimbax_camera_color_correction' build argument 'catkin_skip_building_tests' from command line to 'False'
[0.342s] DEBUG:colcon.colcon_core.verb:Building package 'vimbax_camera_color_correction' with the following arguments: {'ament_cmake_args': None, 'build_base': '/home/root1/lzx_ws/project/vimbax_ros_camera/build/vimbax_camera_color_correction', 'catkin_cmake_args': None, 'catkin_skip_building_tests': False, 'cmake_args': None, 'cmake_clean_cache': False, 'cmake_clean_first': False, 'cmake_force_configure': False, 'cmake_target': None, 'cmake_target_skip_unavailable': False, 'install_base': '/home/root1/lzx_ws/project/vimbax_ros_camera/install/vimbax_camera_color_correction', 'merge_install': False, 'path': '/home/root1/lzx_ws/project/vimbax_ros_camera/src/vimbax_camera_color_correction', 'symlink_install': True, 'test_result_base': None}
[0.342s] INFO:colcon.colcon_core.executor:Executing jobs using 'parallel' executor
[0.343s] DEBUG:colcon.colcon_parallel_executor.executor.parallel:run_until_complete
[0.343s] INFO:colcon.colcon_ros.task.ament_python.build:Building ROS package in '/home/root1/lzx_ws/project/vimbax_ros_camera/src/vimbax_camera_color_correction' with build type 'ament_python'
[0.343s] Level 1:colcon.colcon_core.shell:create_environment_hook('vimbax_camera_color_correction', 'ament_prefix_path')
[0.350s] INFO:colcon.colcon_core.plugin_system:Skipping extension 'colcon_core.shell.bat': Not used on non-Windows systems
[0.350s] INFO:colcon.colcon_core.shell:Creating environment hook '/home/root1/lzx_ws/project/vimbax_ros_camera/install/vimbax_camera_color_correction/share/vimbax_camera_color_correction/hook/ament_prefix_path.ps1'
[0.351s] INFO:colcon.colcon_core.shell:Creating environment descriptor '/home/root1/lzx_ws/project/vimbax_ros_camera/install/vimbax_camera_color_correction/share/vimbax_camera_color_correction/hook/ament_prefix_path.dsv'
[0.352s] INFO:colcon.colcon_core.shell:Creating environment hook '/home/root1/lzx_ws/project/vimbax_ros_camera/install/vimbax_camera_color_correction/share/vimbax_camera_color_correction/hook/ament_prefix_path.sh'
[0.352s] INFO:colcon.colcon_core.shell:Skip shell extension 'powershell' for command environment: Not usable outside of PowerShell
[0.352s] DEBUG:colcon.colcon_core.shell:Skip shell extension 'dsv' for command environment
[0.597s] WARNING:colcon.colcon_ros.task.ament_python.build:Package 'vimbax_camera_color_correction' doesn't explicitly install the 'package.xml' file (colcon-ros currently does it implicitly but that fallback will be removed in the future)
[0.597s] INFO:colcon.colcon_core.task.python.build:Building Python package in '/home/root1/lzx_ws/project/vimbax_ros_camera/src/vimbax_camera_color_correction'
[0.598s] INFO:colcon.colcon_core.shell:Skip shell extension 'powershell' for command environment: Not usable outside of PowerShell
[0.598s] DEBUG:colcon.colcon_core.shell:Skip shell extension 'dsv' for command environment
[1.266s] DEBUG:colcon.colcon_core.task.python.build:While undoing a previous installation files outside the Python library path are being ignored: /home/root1/lzx_ws/project/vimbax_ros_camera/install/vimbax_camera_color_correction/share/ament_index/resource_index/packages/vimbax_camera_color_correction
[1.266s] DEBUG:colcon.colcon_core.task.python.build:While undoing a previous installation files outside the Python library path are being ignored: /home/root1/lzx_ws/project/vimbax_ros_camera/install/vimbax_camera_color_correction/share/vimbax_camera_color_correction/launch/color_correction.launch.py
[1.266s] DEBUG:colcon.colcon_core.task.python.build:While undoing a previous installation files outside the Python library path are being ignored: /home/root1/lzx_ws/project/vimbax_ros_camera/install/vimbax_camera_color_correction/bin/color_correction_node
[1.271s] DEBUG:colcon.colcon_core.event_handler.log_command:Invoking command in '/home/root1/lzx_ws/project/vimbax_ros_camera/build/vimbax_camera_color_correction': CMAKE_PREFIX_PATH=/home/root1/lzx_ws/project/vimbax_ros_camera/install/vimbax_camera_msgs:/home/root1/lzx_ws/project/vimbax_ros_camera/install/vimbax_camera:/home/root1/lzx_ws/project/vimbax_ros_camera/install/vmbc_interface:/home/root1/lzx_ws/project/vimbax_ros_camera/install/vimbax_camera_examples:/home/root1/lzx_ws/project/vimbax_ros_camera/install/vimbax_camera_events:/home/root1/ros2_ws/install/robot_interface:/opt/ros/humble LD_LIBRARY_PATH=/home/root1/lzx_ws/project/vimbax_ros_camera/install/vimbax_camera_msgs/lib:/home/root1/lzx_ws/project/vimbax_ros_camera/install/vimbax_camera/lib:/home/root1/lzx_ws/project/vimbax_ros_camera/install/vimbax_camera_examples/lib:/home/root1/lzx_ws/project/vimbax_ros_camera/install/vimbax_camera_events/lib:/home/root1/.local/lib:/home/root1/ros2_ws/install/robot_interface/lib:/opt/ros/humble/opt/rviz_ogre_vendor/lib:/opt/ros/humble/lib/x86_64-linux-gnu:/opt/ros/humble/lib:/usr/local/cuda-12.2/lib64:/usr/local/cuda-12.2/lib64:/usr/local/cuda-12.2/lib64 PYTHONPATH=/home/root1/lzx_ws/project/vimbax_ros_camera/build/vimbax_camera_color_correction/prefix_override:/usr/lib/python3/dist-packages/colcon_core/task/python/colcon_distutils_commands:/home/root1/lzx_ws/project/vimbax_ros_camera/install/vimbax_camera_color_correction/lib/python3.10/site-packages:${PYTHONPATH} /usr/bin/python3 -W ignore:setup.py install is deprecated -W ignore:easy_install command is deprecated setup.py develop --editable --build-directory /home/root1/lzx_ws/project/vimbax_ros_camera/build/vimbax_camera_color_correction/build --no-deps symlink_data --force
[2.043s] Level 1:colcon.colcon_core.shell:create_environment_hook('vimbax_camera_color_correction', 'pythonpath_develop')
[2.043s] INFO:colcon.colcon_core.shell:Creating environment hook '/home/root1/lzx_ws/project/vimbax_ros_camera/build/vimbax_camera_color_correction/share/vimbax_camera_color_correction/hook/pythonpath_develop.ps1'
[2.043s] DEBUG:colcon.colcon_core.event_handler.log_command:Invoked command in '/home/root1/lzx_ws/project/vimbax_ros_camera/build/vimbax_camera_color_correction' returned '0': CMAKE_PREFIX_PATH=/home/root1/lzx_ws/project/vimbax_ros_camera/install/vimbax_camera_msgs:/home/root1/lzx_ws/project/vimbax_ros_camera/install/vimbax_camera:/home/root1/lzx_ws/project/vimbax_ros_camera/install/vmbc_interface:/home/root1/lzx_ws/project/vimbax_ros_camera/install/vimbax_camera_examples:/home/root1/lzx_ws/project/vimbax_ros_camera/install/vimbax_camera_events:/home/root1/ros2_ws/install/robot_interface:/opt/ros/humble LD_LIBRARY_PATH=/home/root1/lzx_ws/project/vimbax_ros_camera/install/vimbax_camera_msgs/lib:/home/root1/lzx_ws/project/vimbax_ros_camera/install/vimbax_camera/lib:/home/root1/lzx_ws/project/vimbax_ros_camera/install/vimbax_camera_examples/lib:/home/root1/lzx_ws/project/vimbax_ros_camera/install/vimbax_camera_events/lib:/home/root1/.local/lib:/home/root1/ros2_ws/install/robot_interface/lib:/opt/ros/humble/opt/rviz_ogre_vendor/lib:/opt/ros/humble/lib/x86_64-linux-gnu:/opt/ros/humble/lib:/usr/local/cuda-12.2/lib64:/usr/local/cuda-12.2/lib64:/usr/local/cuda-12.2/lib64 PYTHONPATH=/home/root1/lzx_ws/project/vimbax_ros_camera/build/vimbax_camera_color_correction/prefix_override:/usr/lib/python3/dist-packages/colcon_core/task/python/colcon_distutils_commands:/home/root1/lzx_ws/project/vimbax_ros_camera/install/vimbax_camera_color_correction/lib/python3.10/site-packages:${PYTHONPATH} /usr/bin/python3 -W ignore:setup.py install is deprecated -W ignore:easy_install command is deprecated setup.py develop --editable --build-directory /home/root1/lzx_ws/project/vimbax_ros_camera/build/vimbax_camera_color_correction/build --no-deps symlink_data --force
[2.044s] INFO:colcon.colcon_core.shell:Creating environment descriptor '/home/root1/lzx_ws/project/vimbax_ros_camera/build/vimbax_camera_color_correction/share/vimbax_camera_color_correction/hook/pythonpath_develop.dsv'
[2.044s] INFO:colcon.colcon_core.shell:Creating environment hook '/home/root1/lzx_ws/project/vimbax_ros_camera/build/vimbax_camera_color_correction/share/vimbax_camera_color_correction/hook/pythonpath_develop.sh'
[2.050s] Level 1:colcon.colcon_core.environment:checking '/home/root1/lzx_ws/project/vimbax_ros_camera/install/vimbax_camera_color_correction' for CMake module files
[2.051s] Level 1:colcon.colcon_core.environment:checking '/home/root1/lzx_ws/project/vimbax_ros_camera/install/vimbax_camera_color_correction' for CMake config files
[2.052s] Level 1:colcon.colcon_core.environment:checking '/home/root1/lzx_ws/project/vimbax_ros_camera/install/vimbax_camera_color_correction/lib'
[2.052s] Level 1:colcon.colcon_core.environment:checking '/home/root1/lzx_ws/project/vimbax_ros_camera/install/vimbax_camera_color_correction/bin'
[2.052s] Level 1:colcon.colcon_core.shell:create_environment_hook('vimbax_camera_color_correction', 'path')
[2.052s] INFO:colcon.colcon_core.shell:Creating environment hook '/home/root1/lzx_ws/project/vimbax_ros_camera/install/vimbax_camera_color_correction/share/vimbax_camera_color_correction/hook/path.ps1'
[2.053s] INFO:colcon.colcon_core.shell:Creating environment descriptor '/home/root1/lzx_ws/project/vimbax_ros_camera/install/vimbax_camera_color_correction/share/vimbax_camera_color_correction/hook/path.dsv'
[2.053s] INFO:colcon.colcon_core.shell:Creating environment hook '/home/root1/lzx_ws/project/vimbax_ros_camera/install/vimbax_camera_color_correction/share/vimbax_camera_color_correction/hook/path.sh'
[2.054s] Level 1:colcon.colcon_core.environment:checking '/home/root1/lzx_ws/project/vimbax_ros_camera/install/vimbax_camera_color_correction/lib/pkgconfig/vimbax_camera_color_correction.pc'
[2.054s] Level 1:colcon.colcon_core.environment:checking '/home/root1/lzx_ws/project/vimbax_ros_camera/install/vimbax_camera_color_correction/lib/python3.10/site-packages'
[2.054s] Level 1:colcon.colcon_core.shell:create_environment_hook('vimbax_camera_color_correction', 'pythonpath')
[2.054s] INFO:colcon.colcon_core.shell:Creating environment hook '/home/root1/lzx_ws/project/vimbax_ros_camera/install/vimbax_camera_color_correction/share/vimbax_camera_color_correction/hook/pythonpath.ps1'
[2.054s] INFO:colcon.colcon_core.shell:Creating environment descriptor '/home/root1/lzx_ws/project/vimbax_ros_camera/install/vimbax_camera_color_correction/share/vimbax_camera_color_correction/hook/pythonpath.dsv'
[2.055s] INFO:colcon.colcon_core.shell:Creating environment hook '/home/root1/lzx_ws/project/vimbax_ros_camera/install/vimbax_camera_color_correction/share/vimbax_camera_color_correction/hook/pythonpath.sh'
[2.055s] Level 1:colcon.colcon_core.environment:checking '/home/root1/lzx_ws/project/vimbax_ros_camera/install/vimbax_camera_color_correction/bin'
[2.055s] Level 1:colcon.colcon_core.shell:create_environment_hook('vimbax_camera_color_correction', 'pythonscriptspath')
[2.055s] INFO:colcon.colcon_core.shell:Creating environment hook '/home/root1/lzx_ws/project/vimbax_ros_camera/install/vimbax_camera_color_correction/share/vimbax_camera_color_correction/hook/pythonscriptspath.ps1'
[2.056s] INFO:colcon.colcon_core.shell:Creating environment descriptor '/home/root1/lzx_ws/project/vimbax_ros_camera/install/vimbax_camera_color_correction/share/vimbax_camera_color_correction/hook/pythonscriptspath.dsv'
[2.056s] INFO:colcon.colcon_core.shell:Creating environment hook '/home/root1/lzx_ws/project/vimbax_ros_camera/install/vimbax_camera_color_correction/share/vimbax_camera_color_correction/hook/pythonscriptspath.sh'
[2.056s] Level 1:colcon.colcon_core.environment:create_environment_scripts_only(vimbax_camera_color_correction)
[2.057s] INFO:colcon.colcon_core.shell:Creating package script '/home/root1/lzx_ws/project/vimbax_ros_camera/install/vimbax_camera_color_correction/share/vimbax_camera_color_correction/package.ps1'
[2.058s] INFO:colcon.colcon_core.shell:Creating package descriptor '/home/root1/lzx_ws/project/vimbax_ros_camera/install/vimbax_camera_color_correction/share/vimbax_camera_color_correction/package.dsv'
[2.058s] INFO:colcon.colcon_core.shell:Creating package script '/home/root1/lzx_ws/project/vimbax_ros_camera/install/vimbax_camera_color_correction/share/vimbax_camera_color_correction/package.sh'
[2.059s] INFO:colcon.colcon_core.shell:Creating package script '/home/root1/lzx_ws/project/vimbax_ros_camera/install/vimbax_camera_color_correction/share/vimbax_camera_color_correction/package.bash'
[2.060s] INFO:colcon.colcon_core.shell:Creating package script '/home/root1/lzx_ws/project/vimbax_ros_camera/install/vimbax_camera_color_correction/share/vimbax_camera_color_correction/package.zsh'
[2.060s] Level 1:colcon.colcon_core.environment:create_file_with_runtime_dependencies(/home/root1/lzx_ws/project/vimbax_ros_camera/install/vimbax_camera_color_correction/share/colcon-core/packages/vimbax_camera_color_correction)
[2.061s] DEBUG:colcon.colcon_parallel_executor.executor.parallel:closing loop
[2.061s] DEBUG:colcon.colcon_parallel_executor.executor.parallel:loop closed
[2.061s] DEBUG:colcon.colcon_parallel_executor.executor.parallel:run_until_complete finished with '0'
[2.061s] DEBUG:colcon.colcon_core.event_reactor:joining thread
[2.069s] INFO:colcon.colcon_core.plugin_system:Skipping extension 'colcon_notification.desktop_notification.terminal_notifier': Not used on non-Darwin systems
[2.069s] INFO:colcon.colcon_core.plugin_system:Skipping extension 'colcon_notification.desktop_notification.win32': Not used on non-Windows systems
[2.069s] INFO:colcon.colcon_notification.desktop_notification:Sending desktop notification using 'notify2'
[2.079s] DEBUG:colcon.colcon_core.event_reactor:joined thread
[2.080s] INFO:colcon.colcon_core.shell:Creating prefix script '/home/root1/lzx_ws/project/vimbax_ros_camera/install/local_setup.ps1'
[2.081s] INFO:colcon.colcon_core.shell:Creating prefix util module '/home/root1/lzx_ws/project/vimbax_ros_camera/install/_local_setup_util_ps1.py'
[2.082s] INFO:colcon.colcon_core.shell:Creating prefix chain script '/home/root1/lzx_ws/project/vimbax_ros_camera/install/setup.ps1'
[2.084s] INFO:colcon.colcon_core.shell:Creating prefix script '/home/root1/lzx_ws/project/vimbax_ros_camera/install/local_setup.sh'
[2.085s] INFO:colcon.colcon_core.shell:Creating prefix util module '/home/root1/lzx_ws/project/vimbax_ros_camera/install/_local_setup_util_sh.py'
[2.086s] INFO:colcon.colcon_core.shell:Creating prefix chain script '/home/root1/lzx_ws/project/vimbax_ros_camera/install/setup.sh'
[2.087s] INFO:colcon.colcon_core.shell:Creating prefix script '/home/root1/lzx_ws/project/vimbax_ros_camera/install/local_setup.bash'
[2.088s] INFO:colcon.colcon_core.shell:Creating prefix chain script '/home/root1/lzx_ws/project/vimbax_ros_camera/install/setup.bash'
[2.089s] INFO:colcon.colcon_core.shell:Creating prefix script '/home/root1/lzx_ws/project/vimbax_ros_camera/install/local_setup.zsh'
[2.089s] INFO:colcon.colcon_core.shell:Creating prefix chain script '/home/root1/lzx_ws/project/vimbax_ros_camera/install/setup.zsh'
