[0.012s] Invoking command in '/home/root1/lzx_ws/project/vimbax_ros_camera/build/vmbc_interface': CMAKE_PREFIX_PATH=${CMAKE_PREFIX_PATH}:/home/root1/lzx_ws/project/vimbax_ros_camera/install/vimbax_camera_color_correction /usr/bin/cmake /home/root1/lzx_ws/project/vimbax_ros_camera/src/vimbax_ros2_driver/vmbc_interface -DCMAKE_INSTALL_PREFIX=/home/root1/lzx_ws/project/vimbax_ros_camera/install/vmbc_interface
[0.579s] -- The C compiler identification is GNU 11.4.0
[1.131s] -- The CXX compiler identification is GNU 11.4.0
[1.148s] -- Detecting C compiler ABI info
[1.230s] -- Detecting C compiler ABI info - done
[1.237s] -- Check for working C compiler: /usr/bin/cc - skipped
[1.238s] -- Detecting C compile features
[1.241s] -- Detecting C compile features - done
[1.245s] -- Detecting CXX compiler ABI info
[1.326s] -- Detecting CXX compiler ABI info - done
[1.334s] -- Check for working CXX compiler: /usr/bin/c++ - skipped
[1.334s] -- Detecting CXX compile features
[1.335s] -- Detecting CXX compile features - done
[1.372s] -- Found ament_cmake: 1.3.12 (/opt/ros/humble/share/ament_cmake/cmake)
[1.689s] -- Found Python3: /usr/bin/python3 (found version "3.10.12") found components: Interpreter 
[1.848s] -- Configuring done
[1.851s] -- Generating done
[1.853s] -- Build files have been written to: /home/root1/lzx_ws/project/vimbax_ros_camera/build/vmbc_interface
[1.857s] Invoked command in '/home/root1/lzx_ws/project/vimbax_ros_camera/build/vmbc_interface' returned '0': CMAKE_PREFIX_PATH=${CMAKE_PREFIX_PATH}:/home/root1/lzx_ws/project/vimbax_ros_camera/install/vimbax_camera_color_correction /usr/bin/cmake /home/root1/lzx_ws/project/vimbax_ros_camera/src/vimbax_ros2_driver/vmbc_interface -DCMAKE_INSTALL_PREFIX=/home/root1/lzx_ws/project/vimbax_ros_camera/install/vmbc_interface
[1.858s] Invoking command in '/home/root1/lzx_ws/project/vimbax_ros_camera/build/vmbc_interface': CMAKE_PREFIX_PATH=${CMAKE_PREFIX_PATH}:/home/root1/lzx_ws/project/vimbax_ros_camera/install/vimbax_camera_color_correction /usr/bin/cmake --build /home/root1/lzx_ws/project/vimbax_ros_camera/build/vmbc_interface -- -j16 -l16
[1.871s] Invoked command in '/home/root1/lzx_ws/project/vimbax_ros_camera/build/vmbc_interface' returned '0': CMAKE_PREFIX_PATH=${CMAKE_PREFIX_PATH}:/home/root1/lzx_ws/project/vimbax_ros_camera/install/vimbax_camera_color_correction /usr/bin/cmake --build /home/root1/lzx_ws/project/vimbax_ros_camera/build/vmbc_interface -- -j16 -l16
[1.874s] Invoking command in '/home/root1/lzx_ws/project/vimbax_ros_camera/build/vmbc_interface': CMAKE_PREFIX_PATH=${CMAKE_PREFIX_PATH}:/home/root1/lzx_ws/project/vimbax_ros_camera/install/vimbax_camera_color_correction /usr/bin/cmake --install /home/root1/lzx_ws/project/vimbax_ros_camera/build/vmbc_interface
[1.876s] -- Install configuration: ""
[1.876s] -- Installing: /home/root1/lzx_ws/project/vimbax_ros_camera/install/vmbc_interface/include
[1.876s] -- Installing: /home/root1/lzx_ws/project/vimbax_ros_camera/install/vmbc_interface/include/VmbC
[1.876s] -- Installing: /home/root1/lzx_ws/project/vimbax_ros_camera/install/vmbc_interface/include/VmbC/VmbC.h
[1.879s] -- Installing: /home/root1/lzx_ws/project/vimbax_ros_camera/install/vmbc_interface/include/VmbC/VmbConstants.h
[1.880s] -- Installing: /home/root1/lzx_ws/project/vimbax_ros_camera/install/vmbc_interface/include/VmbC/VmbCommonTypes.h
[1.881s] -- Installing: /home/root1/lzx_ws/project/vimbax_ros_camera/install/vmbc_interface/include/VmbC/VmbCTypeDefinitions.h
[1.882s] -- Installing: /home/root1/lzx_ws/project/vimbax_ros_camera/install/vmbc_interface/share/ament_index/resource_index/package_run_dependencies/vmbc_interface
[1.882s] -- Installing: /home/root1/lzx_ws/project/vimbax_ros_camera/install/vmbc_interface/share/ament_index/resource_index/parent_prefix_path/vmbc_interface
[1.882s] -- Installing: /home/root1/lzx_ws/project/vimbax_ros_camera/install/vmbc_interface/share/vmbc_interface/environment/ament_prefix_path.sh
[1.883s] -- Installing: /home/root1/lzx_ws/project/vimbax_ros_camera/install/vmbc_interface/share/vmbc_interface/environment/ament_prefix_path.dsv
[1.883s] -- Installing: /home/root1/lzx_ws/project/vimbax_ros_camera/install/vmbc_interface/share/vmbc_interface/environment/path.sh
[1.883s] -- Installing: /home/root1/lzx_ws/project/vimbax_ros_camera/install/vmbc_interface/share/vmbc_interface/environment/path.dsv
[1.883s] -- Installing: /home/root1/lzx_ws/project/vimbax_ros_camera/install/vmbc_interface/share/vmbc_interface/local_setup.bash
[1.883s] -- Installing: /home/root1/lzx_ws/project/vimbax_ros_camera/install/vmbc_interface/share/vmbc_interface/local_setup.sh
[1.883s] -- Installing: /home/root1/lzx_ws/project/vimbax_ros_camera/install/vmbc_interface/share/vmbc_interface/local_setup.zsh
[1.883s] -- Installing: /home/root1/lzx_ws/project/vimbax_ros_camera/install/vmbc_interface/share/vmbc_interface/local_setup.dsv
[1.883s] -- Installing: /home/root1/lzx_ws/project/vimbax_ros_camera/install/vmbc_interface/share/vmbc_interface/package.dsv
[1.884s] -- Installing: /home/root1/lzx_ws/project/vimbax_ros_camera/install/vmbc_interface/share/ament_index/resource_index/packages/vmbc_interface
[1.884s] -- Installing: /home/root1/lzx_ws/project/vimbax_ros_camera/install/vmbc_interface/share/vmbc_interface/cmake/ament_cmake_export_include_directories-extras.cmake
[1.884s] -- Installing: /home/root1/lzx_ws/project/vimbax_ros_camera/install/vmbc_interface/share/vmbc_interface/cmake/vmbc_interfaceConfig.cmake
[1.884s] -- Installing: /home/root1/lzx_ws/project/vimbax_ros_camera/install/vmbc_interface/share/vmbc_interface/cmake/vmbc_interfaceConfig-version.cmake
[1.884s] -- Installing: /home/root1/lzx_ws/project/vimbax_ros_camera/install/vmbc_interface/share/vmbc_interface/package.xml
[1.885s] Invoked command in '/home/root1/lzx_ws/project/vimbax_ros_camera/build/vmbc_interface' returned '0': CMAKE_PREFIX_PATH=${CMAKE_PREFIX_PATH}:/home/root1/lzx_ws/project/vimbax_ros_camera/install/vimbax_camera_color_correction /usr/bin/cmake --install /home/root1/lzx_ws/project/vimbax_ros_camera/build/vmbc_interface
