[0.888s] Invoking command in '/home/root1/lzx_ws/project/vimbax_ros_camera/src/vimbax_camera_color_correction': CMAKE_PREFIX_PATH=/home/root1/lzx_ws/project/vimbax_ros_camera/install/vimbax_camera_msgs:/home/root1/lzx_ws/project/vimbax_ros_camera/install/vimbax_camera:/home/root1/lzx_ws/project/vimbax_ros_camera/install/vmbc_interface:/home/root1/lzx_ws/project/vimbax_ros_camera/install/vimbax_camera_examples:/home/root1/lzx_ws/project/vimbax_ros_camera/install/vimbax_camera_events:/home/root1/ros2_ws/install/robot_interface:/opt/ros/humble LD_LIBRARY_PATH=/home/root1/lzx_ws/project/vimbax_ros_camera/install/vimbax_camera_msgs/lib:/home/root1/lzx_ws/project/vimbax_ros_camera/install/vimbax_camera/lib:/home/root1/lzx_ws/project/vimbax_ros_camera/install/vimbax_camera_examples/lib:/home/root1/lzx_ws/project/vimbax_ros_camera/install/vimbax_camera_events/lib:/home/root1/.local/lib:/home/root1/ros2_ws/install/robot_interface/lib:/opt/ros/humble/opt/rviz_ogre_vendor/lib:/opt/ros/humble/lib/x86_64-linux-gnu:/opt/ros/humble/lib:/usr/local/cuda-12.2/lib64:/usr/local/cuda-12.2/lib64:/usr/local/cuda-12.2/lib64 PYTHONPATH=/home/root1/lzx_ws/project/vimbax_ros_camera/build/vimbax_camera_color_correction/prefix_override:/usr/lib/python3/dist-packages/colcon_core/task/python/colcon_distutils_commands:/home/root1/lzx_ws/project/vimbax_ros_camera/install/vimbax_camera_color_correction/lib/python3.10/site-packages:${PYTHONPATH} /usr/bin/python3 -W ignore:setup.py install is deprecated -W ignore:easy_install command is deprecated setup.py egg_info --egg-base ../../build/vimbax_camera_color_correction build --build-base /home/root1/lzx_ws/project/vimbax_ros_camera/build/vimbax_camera_color_correction/build install --record /home/root1/lzx_ws/project/vimbax_ros_camera/build/vimbax_camera_color_correction/install.log --single-version-externally-managed install_data
[1.154s] running egg_info
[1.173s] writing ../../build/vimbax_camera_color_correction/vimbax_camera_color_correction.egg-info/PKG-INFO
[1.173s] writing dependency_links to ../../build/vimbax_camera_color_correction/vimbax_camera_color_correction.egg-info/dependency_links.txt
[1.174s] writing entry points to ../../build/vimbax_camera_color_correction/vimbax_camera_color_correction.egg-info/entry_points.txt
[1.174s] writing requirements to ../../build/vimbax_camera_color_correction/vimbax_camera_color_correction.egg-info/requires.txt
[1.175s] writing top-level names to ../../build/vimbax_camera_color_correction/vimbax_camera_color_correction.egg-info/top_level.txt
[1.325s] reading manifest file '../../build/vimbax_camera_color_correction/vimbax_camera_color_correction.egg-info/SOURCES.txt'
[1.326s] writing manifest file '../../build/vimbax_camera_color_correction/vimbax_camera_color_correction.egg-info/SOURCES.txt'
[1.326s] running build
[1.326s] running build_py
[1.326s] copying vimbax_camera_color_correction/__init__.py -> /home/root1/lzx_ws/project/vimbax_ros_camera/build/vimbax_camera_color_correction/build/lib/vimbax_camera_color_correction
[1.327s] copying vimbax_camera_color_correction/ccm_apply_node.py -> /home/root1/lzx_ws/project/vimbax_ros_camera/build/vimbax_camera_color_correction/build/lib/vimbax_camera_color_correction
[1.327s] copying vimbax_camera_color_correction/color_correction_node.py -> /home/root1/lzx_ws/project/vimbax_ros_camera/build/vimbax_camera_color_correction/build/lib/vimbax_camera_color_correction
[1.327s] running install
[1.332s] running install_lib
[1.351s] copying /home/root1/lzx_ws/project/vimbax_ros_camera/build/vimbax_camera_color_correction/build/lib/vimbax_camera_color_correction/__init__.py -> /home/root1/lzx_ws/project/vimbax_ros_camera/install/vimbax_camera_color_correction/lib/python3.10/site-packages/vimbax_camera_color_correction
[1.351s] byte-compiling /home/root1/lzx_ws/project/vimbax_ros_camera/install/vimbax_camera_color_correction/lib/python3.10/site-packages/vimbax_camera_color_correction/__init__.py to __init__.cpython-310.pyc
[1.352s] running install_data
[1.352s] copying resource/vimbax_camera_color_correction -> /home/root1/lzx_ws/project/vimbax_ros_camera/install/vimbax_camera_color_correction/share/ament_index/resource_index/packages
[1.352s] copying launch/color_correction.launch.py -> /home/root1/lzx_ws/project/vimbax_ros_camera/install/vimbax_camera_color_correction/share/vimbax_camera_color_correction/launch
[1.352s] copying launch/ccm_apply.launch.py -> /home/root1/lzx_ws/project/vimbax_ros_camera/install/vimbax_camera_color_correction/share/vimbax_camera_color_correction/launch
[1.352s] copying package.xml -> /home/root1/lzx_ws/project/vimbax_ros_camera/install/vimbax_camera_color_correction/share/vimbax_camera_color_correction
[1.352s] running install_egg_info
[1.372s] removing '/home/root1/lzx_ws/project/vimbax_ros_camera/install/vimbax_camera_color_correction/lib/python3.10/site-packages/vimbax_camera_color_correction-1.0.0-py3.10.egg-info' (and everything under it)
[1.372s] Copying ../../build/vimbax_camera_color_correction/vimbax_camera_color_correction.egg-info to /home/root1/lzx_ws/project/vimbax_ros_camera/install/vimbax_camera_color_correction/lib/python3.10/site-packages/vimbax_camera_color_correction-1.0.0-py3.10.egg-info
[1.373s] running install_scripts
[1.419s] Installing ccm_apply_node script to /home/root1/lzx_ws/project/vimbax_ros_camera/install/vimbax_camera_color_correction/lib/vimbax_camera_color_correction
[1.419s] Installing color_correction_node script to /home/root1/lzx_ws/project/vimbax_ros_camera/install/vimbax_camera_color_correction/lib/vimbax_camera_color_correction
[1.420s] writing list of installed files to '/home/root1/lzx_ws/project/vimbax_ros_camera/build/vimbax_camera_color_correction/install.log'
[1.447s] Invoked command in '/home/root1/lzx_ws/project/vimbax_ros_camera/src/vimbax_camera_color_correction' returned '0': CMAKE_PREFIX_PATH=/home/root1/lzx_ws/project/vimbax_ros_camera/install/vimbax_camera_msgs:/home/root1/lzx_ws/project/vimbax_ros_camera/install/vimbax_camera:/home/root1/lzx_ws/project/vimbax_ros_camera/install/vmbc_interface:/home/root1/lzx_ws/project/vimbax_ros_camera/install/vimbax_camera_examples:/home/root1/lzx_ws/project/vimbax_ros_camera/install/vimbax_camera_events:/home/root1/ros2_ws/install/robot_interface:/opt/ros/humble LD_LIBRARY_PATH=/home/root1/lzx_ws/project/vimbax_ros_camera/install/vimbax_camera_msgs/lib:/home/root1/lzx_ws/project/vimbax_ros_camera/install/vimbax_camera/lib:/home/root1/lzx_ws/project/vimbax_ros_camera/install/vimbax_camera_examples/lib:/home/root1/lzx_ws/project/vimbax_ros_camera/install/vimbax_camera_events/lib:/home/root1/.local/lib:/home/root1/ros2_ws/install/robot_interface/lib:/opt/ros/humble/opt/rviz_ogre_vendor/lib:/opt/ros/humble/lib/x86_64-linux-gnu:/opt/ros/humble/lib:/usr/local/cuda-12.2/lib64:/usr/local/cuda-12.2/lib64:/usr/local/cuda-12.2/lib64 PYTHONPATH=/home/root1/lzx_ws/project/vimbax_ros_camera/build/vimbax_camera_color_correction/prefix_override:/usr/lib/python3/dist-packages/colcon_core/task/python/colcon_distutils_commands:/home/root1/lzx_ws/project/vimbax_ros_camera/install/vimbax_camera_color_correction/lib/python3.10/site-packages:${PYTHONPATH} /usr/bin/python3 -W ignore:setup.py install is deprecated -W ignore:easy_install command is deprecated setup.py egg_info --egg-base ../../build/vimbax_camera_color_correction build --build-base /home/root1/lzx_ws/project/vimbax_ros_camera/build/vimbax_camera_color_correction/build install --record /home/root1/lzx_ws/project/vimbax_ros_camera/build/vimbax_camera_color_correction/install.log --single-version-externally-managed install_data
