[  6%] Built target test_lib
[ 13%] Built target gtest_main
[ 20%] Built target gtest
[ 27%] Built target gmock_main
[ 37%] Built target gmock
[ 44%] Built target vimbax_camera_node
[ 65%] Built target vimbax_camera
[ 82%] Built target vimbax_camera_library_loader_test
[ 82%] Built target vimbax_camera_api_loader_test
[ 89%] Built target vimbax_camera_vmbc_load_test
[100%] Built target vimbax_camera_vimbax_camera_test
-- Install configuration: ""
-- Up-to-date: /home/root1/lzx_ws/project/vimbax_ros_camera/install/vimbax_camera/lib/vimbax_camera/vimbax_camera_node
-- Up-to-date: /home/root1/lzx_ws/project/vimbax_ros_camera/install/vimbax_camera/lib/libvimbax_camera.so
-- Up-to-date: /home/root1/lzx_ws/project/vimbax_ros_camera/install/vimbax_camera/share/vimbax_camera/launch
-- Up-to-date: /home/root1/lzx_ws/project/vimbax_ros_camera/install/vimbax_camera/share/vimbax_camera/launch/vimbax_camera.launch.py
-- Up-to-date: /home/root1/lzx_ws/project/vimbax_ros_camera/install/vimbax_camera/share/vimbax_camera/launch/vimbax_camera_custom_launch.py
-- Up-to-date: /home/root1/lzx_ws/project/vimbax_ros_camera/install/vimbax_camera/share/vimbax_camera/launch/vimbax_camera_launch.py
-- Up-to-date: /home/root1/lzx_ws/project/vimbax_ros_camera/install/vimbax_camera/share/vimbax_camera/config
-- Up-to-date: /home/root1/lzx_ws/project/vimbax_ros_camera/install/vimbax_camera/share/vimbax_camera/config/camera_settings.xml
-- Installing: /home/root1/lzx_ws/project/vimbax_ros_camera/install/vimbax_camera/share/vimbax_camera/config/camera_parameter.yaml
-- Up-to-date: /home/root1/lzx_ws/project/vimbax_ros_camera/install/vimbax_camera/share/vimbax_camera/config/camera_settings_custom.xml
-- Up-to-date: /home/root1/lzx_ws/project/vimbax_ros_camera/install/vimbax_camera/share/vimbax_camera/environment/library_path.sh
-- Up-to-date: /home/root1/lzx_ws/project/vimbax_ros_camera/install/vimbax_camera/share/vimbax_camera/environment/library_path.dsv
-- Up-to-date: /home/root1/lzx_ws/project/vimbax_ros_camera/install/vimbax_camera/share/ament_index/resource_index/package_run_dependencies/vimbax_camera
-- Up-to-date: /home/root1/lzx_ws/project/vimbax_ros_camera/install/vimbax_camera/share/ament_index/resource_index/parent_prefix_path/vimbax_camera
-- Up-to-date: /home/root1/lzx_ws/project/vimbax_ros_camera/install/vimbax_camera/share/vimbax_camera/environment/ament_prefix_path.sh
-- Up-to-date: /home/root1/lzx_ws/project/vimbax_ros_camera/install/vimbax_camera/share/vimbax_camera/environment/ament_prefix_path.dsv
-- Up-to-date: /home/root1/lzx_ws/project/vimbax_ros_camera/install/vimbax_camera/share/vimbax_camera/environment/path.sh
-- Up-to-date: /home/root1/lzx_ws/project/vimbax_ros_camera/install/vimbax_camera/share/vimbax_camera/environment/path.dsv
-- Up-to-date: /home/root1/lzx_ws/project/vimbax_ros_camera/install/vimbax_camera/share/vimbax_camera/local_setup.bash
-- Up-to-date: /home/root1/lzx_ws/project/vimbax_ros_camera/install/vimbax_camera/share/vimbax_camera/local_setup.sh
-- Up-to-date: /home/root1/lzx_ws/project/vimbax_ros_camera/install/vimbax_camera/share/vimbax_camera/local_setup.zsh
-- Up-to-date: /home/root1/lzx_ws/project/vimbax_ros_camera/install/vimbax_camera/share/vimbax_camera/local_setup.dsv
-- Installing: /home/root1/lzx_ws/project/vimbax_ros_camera/install/vimbax_camera/share/vimbax_camera/package.dsv
-- Up-to-date: /home/root1/lzx_ws/project/vimbax_ros_camera/install/vimbax_camera/share/ament_index/resource_index/packages/vimbax_camera
-- Up-to-date: /home/root1/lzx_ws/project/vimbax_ros_camera/install/vimbax_camera/share/ament_index/resource_index/rclcpp_components/vimbax_camera
-- Up-to-date: /home/root1/lzx_ws/project/vimbax_ros_camera/install/vimbax_camera/share/vimbax_camera/cmake/ament_cmake_export_libraries-extras.cmake
-- Up-to-date: /home/root1/lzx_ws/project/vimbax_ros_camera/install/vimbax_camera/share/vimbax_camera/cmake/vimbax_cameraConfig.cmake
-- Up-to-date: /home/root1/lzx_ws/project/vimbax_ros_camera/install/vimbax_camera/share/vimbax_camera/cmake/vimbax_cameraConfig-version.cmake
-- Up-to-date: /home/root1/lzx_ws/project/vimbax_ros_camera/install/vimbax_camera/share/vimbax_camera/package.xml
