[0.011s] Invoking command in '/home/root1/lzx_ws/project/vimbax_ros_camera/build/vmbc_interface': CMAKE_PREFIX_PATH=${CMAKE_PREFIX_PATH}:/home/root1/lzx_ws/project/vimbax_ros_camera/install/vimbax_camera_color_correction /usr/bin/cmake --build /home/root1/lzx_ws/project/vimbax_ros_camera/build/vmbc_interface -- -j16 -l16
[0.023s] Invoked command in '/home/root1/lzx_ws/project/vimbax_ros_camera/build/vmbc_interface' returned '0': CMAKE_PREFIX_PATH=${CMAKE_PREFIX_PATH}:/home/root1/lzx_ws/project/vimbax_ros_camera/install/vimbax_camera_color_correction /usr/bin/cmake --build /home/root1/lzx_ws/project/vimbax_ros_camera/build/vmbc_interface -- -j16 -l16
[0.027s] Invoking command in '/home/root1/lzx_ws/project/vimbax_ros_camera/build/vmbc_interface': CMAKE_PREFIX_PATH=${CMAKE_PREFIX_PATH}:/home/root1/lzx_ws/project/vimbax_ros_camera/install/vimbax_camera_color_correction /usr/bin/cmake --install /home/root1/lzx_ws/project/vimbax_ros_camera/build/vmbc_interface
[0.028s] -- Install configuration: ""
[0.028s] -- Up-to-date: /home/root1/lzx_ws/project/vimbax_ros_camera/install/vmbc_interface/include
[0.028s] -- Up-to-date: /home/root1/lzx_ws/project/vimbax_ros_camera/install/vmbc_interface/include/VmbC
[0.029s] -- Up-to-date: /home/root1/lzx_ws/project/vimbax_ros_camera/install/vmbc_interface/include/VmbC/VmbC.h
[0.029s] -- Up-to-date: /home/root1/lzx_ws/project/vimbax_ros_camera/install/vmbc_interface/include/VmbC/VmbConstants.h
[0.029s] -- Up-to-date: /home/root1/lzx_ws/project/vimbax_ros_camera/install/vmbc_interface/include/VmbC/VmbCommonTypes.h
[0.029s] -- Up-to-date: /home/root1/lzx_ws/project/vimbax_ros_camera/install/vmbc_interface/include/VmbC/VmbCTypeDefinitions.h
[0.029s] -- Up-to-date: /home/root1/lzx_ws/project/vimbax_ros_camera/install/vmbc_interface/share/ament_index/resource_index/package_run_dependencies/vmbc_interface
[0.029s] -- Up-to-date: /home/root1/lzx_ws/project/vimbax_ros_camera/install/vmbc_interface/share/ament_index/resource_index/parent_prefix_path/vmbc_interface
[0.029s] -- Up-to-date: /home/root1/lzx_ws/project/vimbax_ros_camera/install/vmbc_interface/share/vmbc_interface/environment/ament_prefix_path.sh
[0.030s] -- Up-to-date: /home/root1/lzx_ws/project/vimbax_ros_camera/install/vmbc_interface/share/vmbc_interface/environment/ament_prefix_path.dsv
[0.030s] -- Up-to-date: /home/root1/lzx_ws/project/vimbax_ros_camera/install/vmbc_interface/share/vmbc_interface/environment/path.sh
[0.030s] -- Up-to-date: /home/root1/lzx_ws/project/vimbax_ros_camera/install/vmbc_interface/share/vmbc_interface/environment/path.dsv
[0.030s] -- Up-to-date: /home/root1/lzx_ws/project/vimbax_ros_camera/install/vmbc_interface/share/vmbc_interface/local_setup.bash
[0.030s] -- Up-to-date: /home/root1/lzx_ws/project/vimbax_ros_camera/install/vmbc_interface/share/vmbc_interface/local_setup.sh
[0.030s] -- Up-to-date: /home/root1/lzx_ws/project/vimbax_ros_camera/install/vmbc_interface/share/vmbc_interface/local_setup.zsh
[0.031s] -- Up-to-date: /home/root1/lzx_ws/project/vimbax_ros_camera/install/vmbc_interface/share/vmbc_interface/local_setup.dsv
[0.031s] -- Installing: /home/root1/lzx_ws/project/vimbax_ros_camera/install/vmbc_interface/share/vmbc_interface/package.dsv
[0.031s] -- Up-to-date: /home/root1/lzx_ws/project/vimbax_ros_camera/install/vmbc_interface/share/ament_index/resource_index/packages/vmbc_interface
[0.031s] -- Up-to-date: /home/root1/lzx_ws/project/vimbax_ros_camera/install/vmbc_interface/share/vmbc_interface/cmake/ament_cmake_export_include_directories-extras.cmake
[0.031s] -- Up-to-date: /home/root1/lzx_ws/project/vimbax_ros_camera/install/vmbc_interface/share/vmbc_interface/cmake/vmbc_interfaceConfig.cmake
[0.031s] -- Up-to-date: /home/root1/lzx_ws/project/vimbax_ros_camera/install/vmbc_interface/share/vmbc_interface/cmake/vmbc_interfaceConfig-version.cmake
[0.031s] -- Up-to-date: /home/root1/lzx_ws/project/vimbax_ros_camera/install/vmbc_interface/share/vmbc_interface/package.xml
[0.032s] Invoked command in '/home/root1/lzx_ws/project/vimbax_ros_camera/build/vmbc_interface' returned '0': CMAKE_PREFIX_PATH=${CMAKE_PREFIX_PATH}:/home/root1/lzx_ws/project/vimbax_ros_camera/install/vimbax_camera_color_correction /usr/bin/cmake --install /home/root1/lzx_ws/project/vimbax_ros_camera/build/vmbc_interface
