[0.020s] Invoking command in '/home/root1/lzx_ws/project/vimbax_ros_camera/build/vimbax_camera_examples': CMAKE_PREFIX_PATH=/home/root1/lzx_ws/project/vimbax_ros_camera/install/vimbax_camera_events:/home/root1/lzx_ws/project/vimbax_ros_camera/install/vimbax_camera_msgs:/home/root1/lzx_ws/project/vimbax_ros_camera/install/vimbax_camera:/home/root1/lzx_ws/project/vimbax_ros_camera/install/vmbc_interface:/home/root1/lzx_ws/project/vimbax_ros_camera/install/vimbax_camera_examples:/home/root1/ros2_ws/install/robot_interface:/opt/ros/humble:/home/root1/lzx_ws/project/vimbax_ros_camera/install/vimbax_camera_color_correction LD_LIBRARY_PATH=/home/root1/lzx_ws/project/vimbax_ros_camera/install/vimbax_camera_events/lib:/home/root1/lzx_ws/project/vimbax_ros_camera/install/vimbax_camera_msgs/lib:/home/root1/lzx_ws/project/vimbax_ros_camera/install/vimbax_camera/lib:/home/root1/lzx_ws/project/vimbax_ros_camera/install/vimbax_camera_examples/lib:/home/root1/.local/lib:/home/root1/ros2_ws/install/robot_interface/lib:/opt/ros/humble/opt/rviz_ogre_vendor/lib:/opt/ros/humble/lib/x86_64-linux-gnu:/opt/ros/humble/lib:/usr/local/cuda-12.2/lib64:/usr/local/cuda-12.2/lib64:/usr/local/cuda-12.2/lib64 /usr/bin/cmake --build /home/root1/lzx_ws/project/vimbax_ros_camera/build/vimbax_camera_examples -- -j16 -l16
[0.088s] [  0%] Built target ament_cmake_python_copy_vimbax_camera_examples_setup
[0.100s] [ 33%] Built target event_viewer_cpp
[0.107s] [ 66%] Built target asynchronous_grab_performance
[0.107s] [ 66%] Built target ament_cmake_python_copy_vimbax_camera_examples
[0.109s] [100%] Built target asynchronous_grab_cpp
[0.373s] running install_scripts
[0.378s] running egg_info
[0.403s] writing vimbax_camera_examples.egg-info/PKG-INFO
[0.405s] writing dependency_links to vimbax_camera_examples.egg-info/dependency_links.txt
[0.406s] writing entry points to vimbax_camera_examples.egg-info/entry_points.txt
[0.407s] writing top-level names to vimbax_camera_examples.egg-info/top_level.txt
[0.421s] /home/root1/.local/lib/python3.10/site-packages/setuptools/_distutils/cmd.py:66: SetuptoolsDeprecationWarning: setup.py install is deprecated.
[0.421s] !!
[0.421s] 
[0.421s]         ********************************************************************************
[0.421s]         Please avoid running ``setup.py`` directly.
[0.421s]         Instead, use pypa/build, pypa/installer or other
[0.421s]         standards-based tools.
[0.421s] 
[0.421s]         See https://blog.ganssle.io/articles/2021/10/setup-py-deprecated.html for details.
[0.421s]         ********************************************************************************
[0.421s] 
[0.421s] !!
[0.421s]   self.initialize_options()
[0.426s] running egg_info
[0.470s] writing vimbax_camera_examples.egg-info/PKG-INFO
[0.470s] writing dependency_links to vimbax_camera_examples.egg-info/dependency_links.txt
[0.471s] writing entry points to vimbax_camera_examples.egg-info/entry_points.txt
[0.471s] writing top-level names to vimbax_camera_examples.egg-info/top_level.txt
[0.605s] reading manifest file 'vimbax_camera_examples.egg-info/SOURCES.txt'
[0.606s] writing manifest file 'vimbax_camera_examples.egg-info/SOURCES.txt'
[0.639s] [100%] Built target ament_cmake_python_build_vimbax_camera_examples_egg
[0.651s] reading manifest file 'vimbax_camera_examples.egg-info/SOURCES.txt'
[0.652s] writing manifest file 'vimbax_camera_examples.egg-info/SOURCES.txt'
[0.683s] Installing asynchronous_grab script to scripts
[0.686s] Installing asynchronous_grab_opencv script to scripts
[0.688s] Installing camera_connected script to scripts
[0.689s] Installing connection_observer script to scripts
[0.690s] Installing event_viewer script to scripts
[0.693s] Installing feature_command_execute script to scripts
[0.696s] Installing feature_get script to scripts
[0.697s] Installing feature_info_get script to scripts
[0.700s] Installing feature_set script to scripts
[0.700s] Installing list_features script to scripts
[0.700s] Installing settings_load_save script to scripts
[0.702s] Installing status_get script to scripts
[0.738s] [100%] Built target ament_cmake_python_build_vimbax_camera_examples_scripts
[0.744s] Invoked command in '/home/root1/lzx_ws/project/vimbax_ros_camera/build/vimbax_camera_examples' returned '0': CMAKE_PREFIX_PATH=/home/root1/lzx_ws/project/vimbax_ros_camera/install/vimbax_camera_events:/home/root1/lzx_ws/project/vimbax_ros_camera/install/vimbax_camera_msgs:/home/root1/lzx_ws/project/vimbax_ros_camera/install/vimbax_camera:/home/root1/lzx_ws/project/vimbax_ros_camera/install/vmbc_interface:/home/root1/lzx_ws/project/vimbax_ros_camera/install/vimbax_camera_examples:/home/root1/ros2_ws/install/robot_interface:/opt/ros/humble:/home/root1/lzx_ws/project/vimbax_ros_camera/install/vimbax_camera_color_correction LD_LIBRARY_PATH=/home/root1/lzx_ws/project/vimbax_ros_camera/install/vimbax_camera_events/lib:/home/root1/lzx_ws/project/vimbax_ros_camera/install/vimbax_camera_msgs/lib:/home/root1/lzx_ws/project/vimbax_ros_camera/install/vimbax_camera/lib:/home/root1/lzx_ws/project/vimbax_ros_camera/install/vimbax_camera_examples/lib:/home/root1/.local/lib:/home/root1/ros2_ws/install/robot_interface/lib:/opt/ros/humble/opt/rviz_ogre_vendor/lib:/opt/ros/humble/lib/x86_64-linux-gnu:/opt/ros/humble/lib:/usr/local/cuda-12.2/lib64:/usr/local/cuda-12.2/lib64:/usr/local/cuda-12.2/lib64 /usr/bin/cmake --build /home/root1/lzx_ws/project/vimbax_ros_camera/build/vimbax_camera_examples -- -j16 -l16
[0.747s] Invoking command in '/home/root1/lzx_ws/project/vimbax_ros_camera/build/vimbax_camera_examples': CMAKE_PREFIX_PATH=/home/root1/lzx_ws/project/vimbax_ros_camera/install/vimbax_camera_events:/home/root1/lzx_ws/project/vimbax_ros_camera/install/vimbax_camera_msgs:/home/root1/lzx_ws/project/vimbax_ros_camera/install/vimbax_camera:/home/root1/lzx_ws/project/vimbax_ros_camera/install/vmbc_interface:/home/root1/lzx_ws/project/vimbax_ros_camera/install/vimbax_camera_examples:/home/root1/ros2_ws/install/robot_interface:/opt/ros/humble:/home/root1/lzx_ws/project/vimbax_ros_camera/install/vimbax_camera_color_correction LD_LIBRARY_PATH=/home/root1/lzx_ws/project/vimbax_ros_camera/install/vimbax_camera_events/lib:/home/root1/lzx_ws/project/vimbax_ros_camera/install/vimbax_camera_msgs/lib:/home/root1/lzx_ws/project/vimbax_ros_camera/install/vimbax_camera/lib:/home/root1/lzx_ws/project/vimbax_ros_camera/install/vimbax_camera_examples/lib:/home/root1/.local/lib:/home/root1/ros2_ws/install/robot_interface/lib:/opt/ros/humble/opt/rviz_ogre_vendor/lib:/opt/ros/humble/lib/x86_64-linux-gnu:/opt/ros/humble/lib:/usr/local/cuda-12.2/lib64:/usr/local/cuda-12.2/lib64:/usr/local/cuda-12.2/lib64 /usr/bin/cmake --install /home/root1/lzx_ws/project/vimbax_ros_camera/build/vimbax_camera_examples
[0.750s] -- Install configuration: ""
[0.752s] -- Up-to-date: /home/root1/lzx_ws/project/vimbax_ros_camera/install/vimbax_camera_examples/lib/libasynchronous_grab_performance.so
[0.753s] -- Up-to-date: /home/root1/lzx_ws/project/vimbax_ros_camera/install/vimbax_camera_examples/lib/vimbax_camera_examples/asynchronous_grab_cpp
[0.755s] -- Up-to-date: /home/root1/lzx_ws/project/vimbax_ros_camera/install/vimbax_camera_examples/lib/vimbax_camera_examples/event_viewer_cpp
[0.755s] -- Up-to-date: /home/root1/lzx_ws/project/vimbax_ros_camera/install/vimbax_camera_examples/share/vimbax_camera_examples//launch
[0.756s] -- Up-to-date: /home/root1/lzx_ws/project/vimbax_ros_camera/install/vimbax_camera_examples/share/vimbax_camera_examples//launch/vimbax_calibration_launch.py
[0.756s] -- Up-to-date: /home/root1/lzx_ws/project/vimbax_ros_camera/install/vimbax_camera_examples/share/vimbax_camera_examples//launch/asynchronous_grab_performance_launch.py
[0.756s] -- Up-to-date: /home/root1/lzx_ws/project/vimbax_ros_camera/install/vimbax_camera_examples/share/vimbax_camera_examples/environment/pythonpath.sh
[0.756s] -- Up-to-date: /home/root1/lzx_ws/project/vimbax_ros_camera/install/vimbax_camera_examples/share/vimbax_camera_examples/environment/pythonpath.dsv
[0.756s] -- Up-to-date: /home/root1/lzx_ws/project/vimbax_ros_camera/install/vimbax_camera_examples/local/lib/python3.10/dist-packages/vimbax_camera_examples-1.0.2-py3.10.egg-info
[0.756s] -- Installing: /home/root1/lzx_ws/project/vimbax_ros_camera/install/vimbax_camera_examples/local/lib/python3.10/dist-packages/vimbax_camera_examples-1.0.2-py3.10.egg-info/entry_points.txt
[0.756s] -- Installing: /home/root1/lzx_ws/project/vimbax_ros_camera/install/vimbax_camera_examples/local/lib/python3.10/dist-packages/vimbax_camera_examples-1.0.2-py3.10.egg-info/dependency_links.txt
[0.756s] -- Installing: /home/root1/lzx_ws/project/vimbax_ros_camera/install/vimbax_camera_examples/local/lib/python3.10/dist-packages/vimbax_camera_examples-1.0.2-py3.10.egg-info/PKG-INFO
[0.757s] -- Installing: /home/root1/lzx_ws/project/vimbax_ros_camera/install/vimbax_camera_examples/local/lib/python3.10/dist-packages/vimbax_camera_examples-1.0.2-py3.10.egg-info/top_level.txt
[0.757s] -- Installing: /home/root1/lzx_ws/project/vimbax_ros_camera/install/vimbax_camera_examples/local/lib/python3.10/dist-packages/vimbax_camera_examples-1.0.2-py3.10.egg-info/SOURCES.txt
[0.757s] -- Up-to-date: /home/root1/lzx_ws/project/vimbax_ros_camera/install/vimbax_camera_examples/lib/vimbax_camera_examples/
[0.757s] -- Installing: /home/root1/lzx_ws/project/vimbax_ros_camera/install/vimbax_camera_examples/lib/vimbax_camera_examples//list_features
[0.758s] -- Installing: /home/root1/lzx_ws/project/vimbax_ros_camera/install/vimbax_camera_examples/lib/vimbax_camera_examples//status_get
[0.758s] -- Installing: /home/root1/lzx_ws/project/vimbax_ros_camera/install/vimbax_camera_examples/lib/vimbax_camera_examples//feature_info_get
[0.758s] -- Installing: /home/root1/lzx_ws/project/vimbax_ros_camera/install/vimbax_camera_examples/lib/vimbax_camera_examples//event_viewer
[0.758s] -- Installing: /home/root1/lzx_ws/project/vimbax_ros_camera/install/vimbax_camera_examples/lib/vimbax_camera_examples//feature_set
[0.759s] -- Installing: /home/root1/lzx_ws/project/vimbax_ros_camera/install/vimbax_camera_examples/lib/vimbax_camera_examples//feature_get
[0.759s] -- Installing: /home/root1/lzx_ws/project/vimbax_ros_camera/install/vimbax_camera_examples/lib/vimbax_camera_examples//feature_command_execute
[0.759s] -- Installing: /home/root1/lzx_ws/project/vimbax_ros_camera/install/vimbax_camera_examples/lib/vimbax_camera_examples//camera_connected
[0.759s] -- Installing: /home/root1/lzx_ws/project/vimbax_ros_camera/install/vimbax_camera_examples/lib/vimbax_camera_examples//settings_load_save
[0.759s] -- Installing: /home/root1/lzx_ws/project/vimbax_ros_camera/install/vimbax_camera_examples/lib/vimbax_camera_examples//asynchronous_grab_opencv
[0.759s] -- Installing: /home/root1/lzx_ws/project/vimbax_ros_camera/install/vimbax_camera_examples/lib/vimbax_camera_examples//asynchronous_grab
[0.759s] -- Installing: /home/root1/lzx_ws/project/vimbax_ros_camera/install/vimbax_camera_examples/lib/vimbax_camera_examples//connection_observer
[0.759s] -- Up-to-date: /home/root1/lzx_ws/project/vimbax_ros_camera/install/vimbax_camera_examples/local/lib/python3.10/dist-packages/vimbax_camera_examples
[0.760s] -- Up-to-date: /home/root1/lzx_ws/project/vimbax_ros_camera/install/vimbax_camera_examples/local/lib/python3.10/dist-packages/vimbax_camera_examples/asynchronous_grab.py
[0.760s] -- Up-to-date: /home/root1/lzx_ws/project/vimbax_ros_camera/install/vimbax_camera_examples/local/lib/python3.10/dist-packages/vimbax_camera_examples/feature_command_execute.py
[0.760s] -- Up-to-date: /home/root1/lzx_ws/project/vimbax_ros_camera/install/vimbax_camera_examples/local/lib/python3.10/dist-packages/vimbax_camera_examples/camera_connected.py
[0.760s] -- Up-to-date: /home/root1/lzx_ws/project/vimbax_ros_camera/install/vimbax_camera_examples/local/lib/python3.10/dist-packages/vimbax_camera_examples/list_features.py
[0.760s] -- Up-to-date: /home/root1/lzx_ws/project/vimbax_ros_camera/install/vimbax_camera_examples/local/lib/python3.10/dist-packages/vimbax_camera_examples/feature_set.py
[0.760s] -- Up-to-date: /home/root1/lzx_ws/project/vimbax_ros_camera/install/vimbax_camera_examples/local/lib/python3.10/dist-packages/vimbax_camera_examples/settings_load_save.py
[0.760s] -- Up-to-date: /home/root1/lzx_ws/project/vimbax_ros_camera/install/vimbax_camera_examples/local/lib/python3.10/dist-packages/vimbax_camera_examples/status_get.py
[0.760s] -- Up-to-date: /home/root1/lzx_ws/project/vimbax_ros_camera/install/vimbax_camera_examples/local/lib/python3.10/dist-packages/vimbax_camera_examples/__init__.py
[0.760s] -- Up-to-date: /home/root1/lzx_ws/project/vimbax_ros_camera/install/vimbax_camera_examples/local/lib/python3.10/dist-packages/vimbax_camera_examples/asynchronous_grab_opencv.py
[0.760s] -- Up-to-date: /home/root1/lzx_ws/project/vimbax_ros_camera/install/vimbax_camera_examples/local/lib/python3.10/dist-packages/vimbax_camera_examples/event_viewer.py
[0.760s] -- Up-to-date: /home/root1/lzx_ws/project/vimbax_ros_camera/install/vimbax_camera_examples/local/lib/python3.10/dist-packages/vimbax_camera_examples/helper.py
[0.761s] -- Up-to-date: /home/root1/lzx_ws/project/vimbax_ros_camera/install/vimbax_camera_examples/local/lib/python3.10/dist-packages/vimbax_camera_examples/feature_get.py
[0.761s] -- Up-to-date: /home/root1/lzx_ws/project/vimbax_ros_camera/install/vimbax_camera_examples/local/lib/python3.10/dist-packages/vimbax_camera_examples/feature_info_get.py
[0.761s] -- Up-to-date: /home/root1/lzx_ws/project/vimbax_ros_camera/install/vimbax_camera_examples/local/lib/python3.10/dist-packages/vimbax_camera_examples/connection_observer.py
[0.819s] Listing '/home/root1/lzx_ws/project/vimbax_ros_camera/install/vimbax_camera_examples/local/lib/python3.10/dist-packages/vimbax_camera_examples'...
[0.827s] -- Up-to-date: /home/root1/lzx_ws/project/vimbax_ros_camera/install/vimbax_camera_examples/share/vimbax_camera_examples/environment/library_path.sh
[0.827s] -- Up-to-date: /home/root1/lzx_ws/project/vimbax_ros_camera/install/vimbax_camera_examples/share/vimbax_camera_examples/environment/library_path.dsv
[0.827s] -- Up-to-date: /home/root1/lzx_ws/project/vimbax_ros_camera/install/vimbax_camera_examples/share/ament_index/resource_index/package_run_dependencies/vimbax_camera_examples
[0.827s] -- Up-to-date: /home/root1/lzx_ws/project/vimbax_ros_camera/install/vimbax_camera_examples/share/ament_index/resource_index/parent_prefix_path/vimbax_camera_examples
[0.827s] -- Up-to-date: /home/root1/lzx_ws/project/vimbax_ros_camera/install/vimbax_camera_examples/share/vimbax_camera_examples/environment/ament_prefix_path.sh
[0.828s] -- Up-to-date: /home/root1/lzx_ws/project/vimbax_ros_camera/install/vimbax_camera_examples/share/vimbax_camera_examples/environment/ament_prefix_path.dsv
[0.828s] -- Up-to-date: /home/root1/lzx_ws/project/vimbax_ros_camera/install/vimbax_camera_examples/share/vimbax_camera_examples/environment/path.sh
[0.828s] -- Up-to-date: /home/root1/lzx_ws/project/vimbax_ros_camera/install/vimbax_camera_examples/share/vimbax_camera_examples/environment/path.dsv
[0.828s] -- Up-to-date: /home/root1/lzx_ws/project/vimbax_ros_camera/install/vimbax_camera_examples/share/vimbax_camera_examples/local_setup.bash
[0.828s] -- Up-to-date: /home/root1/lzx_ws/project/vimbax_ros_camera/install/vimbax_camera_examples/share/vimbax_camera_examples/local_setup.sh
[0.828s] -- Up-to-date: /home/root1/lzx_ws/project/vimbax_ros_camera/install/vimbax_camera_examples/share/vimbax_camera_examples/local_setup.zsh
[0.828s] -- Up-to-date: /home/root1/lzx_ws/project/vimbax_ros_camera/install/vimbax_camera_examples/share/vimbax_camera_examples/local_setup.dsv
[0.828s] -- Installing: /home/root1/lzx_ws/project/vimbax_ros_camera/install/vimbax_camera_examples/share/vimbax_camera_examples/package.dsv
[0.829s] -- Up-to-date: /home/root1/lzx_ws/project/vimbax_ros_camera/install/vimbax_camera_examples/share/ament_index/resource_index/packages/vimbax_camera_examples
[0.829s] -- Up-to-date: /home/root1/lzx_ws/project/vimbax_ros_camera/install/vimbax_camera_examples/share/ament_index/resource_index/rclcpp_components/vimbax_camera_examples
[0.829s] -- Up-to-date: /home/root1/lzx_ws/project/vimbax_ros_camera/install/vimbax_camera_examples/share/vimbax_camera_examples/cmake/ament_cmake_export_libraries-extras.cmake
[0.829s] -- Up-to-date: /home/root1/lzx_ws/project/vimbax_ros_camera/install/vimbax_camera_examples/share/vimbax_camera_examples/cmake/vimbax_camera_examplesConfig.cmake
[0.829s] -- Up-to-date: /home/root1/lzx_ws/project/vimbax_ros_camera/install/vimbax_camera_examples/share/vimbax_camera_examples/cmake/vimbax_camera_examplesConfig-version.cmake
[0.830s] -- Up-to-date: /home/root1/lzx_ws/project/vimbax_ros_camera/install/vimbax_camera_examples/share/vimbax_camera_examples/package.xml
[0.832s] Invoked command in '/home/root1/lzx_ws/project/vimbax_ros_camera/build/vimbax_camera_examples' returned '0': CMAKE_PREFIX_PATH=/home/root1/lzx_ws/project/vimbax_ros_camera/install/vimbax_camera_events:/home/root1/lzx_ws/project/vimbax_ros_camera/install/vimbax_camera_msgs:/home/root1/lzx_ws/project/vimbax_ros_camera/install/vimbax_camera:/home/root1/lzx_ws/project/vimbax_ros_camera/install/vmbc_interface:/home/root1/lzx_ws/project/vimbax_ros_camera/install/vimbax_camera_examples:/home/root1/ros2_ws/install/robot_interface:/opt/ros/humble:/home/root1/lzx_ws/project/vimbax_ros_camera/install/vimbax_camera_color_correction LD_LIBRARY_PATH=/home/root1/lzx_ws/project/vimbax_ros_camera/install/vimbax_camera_events/lib:/home/root1/lzx_ws/project/vimbax_ros_camera/install/vimbax_camera_msgs/lib:/home/root1/lzx_ws/project/vimbax_ros_camera/install/vimbax_camera/lib:/home/root1/lzx_ws/project/vimbax_ros_camera/install/vimbax_camera_examples/lib:/home/root1/.local/lib:/home/root1/ros2_ws/install/robot_interface/lib:/opt/ros/humble/opt/rviz_ogre_vendor/lib:/opt/ros/humble/lib/x86_64-linux-gnu:/opt/ros/humble/lib:/usr/local/cuda-12.2/lib64:/usr/local/cuda-12.2/lib64:/usr/local/cuda-12.2/lib64 /usr/bin/cmake --install /home/root1/lzx_ws/project/vimbax_ros_camera/build/vimbax_camera_examples
