[0.011s] Invoking command in '/home/root1/lzx_ws/project/vimbax_ros_camera/build/vimbax_camera_examples': CMAKE_PREFIX_PATH=/home/root1/lzx_ws/project/vimbax_ros_camera/install/vimbax_camera_events:/home/root1/lzx_ws/project/vimbax_ros_camera/install/vimbax_camera_msgs:/home/root1/lzx_ws/project/vimbax_ros_camera/install/vimbax_camera_lut:/home/root1/lzx_ws/project/vimbax_ros_camera/install/vimbax_camera:/home/root1/lzx_ws/project/vimbax_ros_camera/install/vmbc_interface:/home/root1/lzx_ws/project/vimbax_ros_camera/install/vimbax_camera_examples:/home/root1/ros2_ws/install/robot_interface:/opt/ros/humble:/home/root1/lzx_ws/project/vimbax_ros_camera/install/vimbax_camera_color_correction LD_LIBRARY_PATH=/home/root1/lzx_ws/project/vimbax_ros_camera/install/vimbax_camera_events/lib:/home/root1/lzx_ws/project/vimbax_ros_camera/install/vimbax_camera_msgs/lib:/home/root1/lzx_ws/project/vimbax_ros_camera/install/vimbax_camera/lib:/home/root1/lzx_ws/project/vimbax_ros_camera/install/vimbax_camera_examples/lib:/home/root1/.local/lib:/home/root1/ros2_ws/install/robot_interface/lib:/opt/ros/humble/opt/rviz_ogre_vendor/lib:/opt/ros/humble/lib/x86_64-linux-gnu:/opt/ros/humble/lib:/usr/local/cuda-12.2/lib64:/usr/local/cuda-12.2/lib64:/usr/local/cuda-12.2/lib64 /usr/bin/cmake /home/root1/lzx_ws/project/vimbax_ros_camera/src/vimbax_ros2_driver/vimbax_camera_examples -DCMAKE_INSTALL_PREFIX=/home/root1/lzx_ws/project/vimbax_ros_camera/install/vimbax_camera_examples
[0.053s] -- The C compiler identification is GNU 11.4.0
[0.101s] -- The CXX compiler identification is GNU 11.4.0
[0.109s] -- Detecting C compiler ABI info
[0.156s] -- Detecting C compiler ABI info - done
[0.163s] -- Check for working C compiler: /usr/bin/cc - skipped
[0.163s] -- Detecting C compile features
[0.163s] -- Detecting C compile features - done
[0.166s] -- Detecting CXX compiler ABI info
[0.224s] -- Detecting CXX compiler ABI info - done
[0.231s] -- Check for working CXX compiler: /usr/bin/c++ - skipped
[0.231s] -- Detecting CXX compile features
[0.232s] -- Detecting CXX compile features - done
[0.235s] -- Found ament_cmake: 1.3.12 (/opt/ros/humble/share/ament_cmake/cmake)
[0.547s] -- Found Python3: /usr/bin/python3 (found version "3.10.12") found components: Interpreter 
[0.641s] -- Found rclcpp: 16.0.16 (/opt/ros/humble/share/rclcpp/cmake)
[0.687s] -- Found rosidl_generator_c: 3.1.7 (/opt/ros/humble/share/rosidl_generator_c/cmake)
[0.693s] -- Found rosidl_adapter: 3.1.7 (/opt/ros/humble/share/rosidl_adapter/cmake)
[0.702s] -- Found rosidl_generator_cpp: 3.1.7 (/opt/ros/humble/share/rosidl_generator_cpp/cmake)
[0.715s] -- Using all available rosidl_typesupport_c: rosidl_typesupport_fastrtps_c;rosidl_typesupport_introspection_c
[0.734s] -- Using all available rosidl_typesupport_cpp: rosidl_typesupport_fastrtps_cpp;rosidl_typesupport_introspection_cpp
[0.781s] -- Found rmw_implementation_cmake: 6.1.2 (/opt/ros/humble/share/rmw_implementation_cmake/cmake)
[0.784s] -- Found rmw_cyclonedds_cpp: 1.3.4 (/opt/ros/humble/share/rmw_cyclonedds_cpp/cmake)
[0.807s] -- Using RMW implementation 'rmw_cyclonedds_cpp' as default
[0.817s] -- Performing Test CMAKE_HAVE_LIBC_PTHREAD
[0.869s] -- Performing Test CMAKE_HAVE_LIBC_PTHREAD - Success
[0.870s] -- Found Threads: TRUE  
[0.926s] -- Found rclcpp_components: 16.0.16 (/opt/ros/humble/share/rclcpp_components/cmake)
[0.969s] -- Found rclpy: 3.3.19 (/opt/ros/humble/share/rclpy/cmake)
[0.971s] -- Found image_transport: 3.1.12 (/opt/ros/humble/share/image_transport/cmake)
[1.116s] -- Found vimbax_camera_msgs: 1.0.2 (/home/root1/lzx_ws/project/vimbax_ros_camera/install/vimbax_camera_msgs/share/vimbax_camera_msgs/cmake)
[1.124s] -- Found vimbax_camera_events: 1.0.2 (/home/root1/lzx_ws/project/vimbax_ros_camera/install/vimbax_camera_events/share/vimbax_camera_events/cmake)
[1.131s] -- Found ament_lint_auto: 0.12.14 (/opt/ros/humble/share/ament_lint_auto/cmake)
[1.274s] -- Added test 'copyright' to check source files copyright and LICENSE
[1.277s] -- Added test 'cppcheck' to perform static code analysis on C / C++ code
[1.277s] -- Configured cppcheck include dirs: 
[1.277s] -- Configured cppcheck exclude dirs and/or files: 
[1.280s] -- Added test 'cpplint' to check C / C++ code against the Google style
[1.280s] -- Configured cpplint exclude dirs and/or files: 
[1.280s] -- Added test 'flake8' to check Python code syntax and style conventions
[1.281s] -- Added test 'lint_cmake' to check CMake code style
[1.282s] -- Added test 'pep257' to check Python code against some of the docstring style conventions in PEP 257
[1.284s] -- Added test 'uncrustify' to check C / C++ code style
[1.284s] -- Configured uncrustify additional arguments: 
[1.284s] -- Added test 'xmllint' to check XML markup files
[1.286s] -- Configuring done
[1.309s] -- Generating done
[1.318s] -- Build files have been written to: /home/root1/lzx_ws/project/vimbax_ros_camera/build/vimbax_camera_examples
[1.326s] Invoked command in '/home/root1/lzx_ws/project/vimbax_ros_camera/build/vimbax_camera_examples' returned '0': CMAKE_PREFIX_PATH=/home/root1/lzx_ws/project/vimbax_ros_camera/install/vimbax_camera_events:/home/root1/lzx_ws/project/vimbax_ros_camera/install/vimbax_camera_msgs:/home/root1/lzx_ws/project/vimbax_ros_camera/install/vimbax_camera_lut:/home/root1/lzx_ws/project/vimbax_ros_camera/install/vimbax_camera:/home/root1/lzx_ws/project/vimbax_ros_camera/install/vmbc_interface:/home/root1/lzx_ws/project/vimbax_ros_camera/install/vimbax_camera_examples:/home/root1/ros2_ws/install/robot_interface:/opt/ros/humble:/home/root1/lzx_ws/project/vimbax_ros_camera/install/vimbax_camera_color_correction LD_LIBRARY_PATH=/home/root1/lzx_ws/project/vimbax_ros_camera/install/vimbax_camera_events/lib:/home/root1/lzx_ws/project/vimbax_ros_camera/install/vimbax_camera_msgs/lib:/home/root1/lzx_ws/project/vimbax_ros_camera/install/vimbax_camera/lib:/home/root1/lzx_ws/project/vimbax_ros_camera/install/vimbax_camera_examples/lib:/home/root1/.local/lib:/home/root1/ros2_ws/install/robot_interface/lib:/opt/ros/humble/opt/rviz_ogre_vendor/lib:/opt/ros/humble/lib/x86_64-linux-gnu:/opt/ros/humble/lib:/usr/local/cuda-12.2/lib64:/usr/local/cuda-12.2/lib64:/usr/local/cuda-12.2/lib64 /usr/bin/cmake /home/root1/lzx_ws/project/vimbax_ros_camera/src/vimbax_ros2_driver/vimbax_camera_examples -DCMAKE_INSTALL_PREFIX=/home/root1/lzx_ws/project/vimbax_ros_camera/install/vimbax_camera_examples
[1.327s] Invoking command in '/home/root1/lzx_ws/project/vimbax_ros_camera/build/vimbax_camera_examples': CMAKE_PREFIX_PATH=/home/root1/lzx_ws/project/vimbax_ros_camera/install/vimbax_camera_events:/home/root1/lzx_ws/project/vimbax_ros_camera/install/vimbax_camera_msgs:/home/root1/lzx_ws/project/vimbax_ros_camera/install/vimbax_camera_lut:/home/root1/lzx_ws/project/vimbax_ros_camera/install/vimbax_camera:/home/root1/lzx_ws/project/vimbax_ros_camera/install/vmbc_interface:/home/root1/lzx_ws/project/vimbax_ros_camera/install/vimbax_camera_examples:/home/root1/ros2_ws/install/robot_interface:/opt/ros/humble:/home/root1/lzx_ws/project/vimbax_ros_camera/install/vimbax_camera_color_correction LD_LIBRARY_PATH=/home/root1/lzx_ws/project/vimbax_ros_camera/install/vimbax_camera_events/lib:/home/root1/lzx_ws/project/vimbax_ros_camera/install/vimbax_camera_msgs/lib:/home/root1/lzx_ws/project/vimbax_ros_camera/install/vimbax_camera/lib:/home/root1/lzx_ws/project/vimbax_ros_camera/install/vimbax_camera_examples/lib:/home/root1/.local/lib:/home/root1/ros2_ws/install/robot_interface/lib:/opt/ros/humble/opt/rviz_ogre_vendor/lib:/opt/ros/humble/lib/x86_64-linux-gnu:/opt/ros/humble/lib:/usr/local/cuda-12.2/lib64:/usr/local/cuda-12.2/lib64:/usr/local/cuda-12.2/lib64 /usr/bin/cmake --build /home/root1/lzx_ws/project/vimbax_ros_camera/build/vimbax_camera_examples -- -j16 -l16
[1.346s] [ 16%] [32mBuilding CXX object CMakeFiles/asynchronous_grab_cpp.dir/src/asynchronous_grab.cpp.o[0m
[1.346s] [ 33%] [32mBuilding CXX object CMakeFiles/asynchronous_grab_performance.dir/src/asynchronous_grab_performance.cpp.o[0m
[1.346s] [ 50%] [32mBuilding CXX object CMakeFiles/event_viewer_cpp.dir/src/event_viewer.cpp.o[0m
[1.348s] [ 50%] Built target ament_cmake_python_copy_vimbax_camera_examples_setup
[1.353s] [ 50%] Built target ament_cmake_python_copy_vimbax_camera_examples
[1.647s] running install_scripts
[1.647s] running egg_info
[1.647s] creating vimbax_camera_examples.egg-info
[1.684s] writing vimbax_camera_examples.egg-info/PKG-INFO
[1.685s] writing dependency_links to vimbax_camera_examples.egg-info/dependency_links.txt
[1.685s] writing entry points to vimbax_camera_examples.egg-info/entry_points.txt
[1.686s] writing top-level names to vimbax_camera_examples.egg-info/top_level.txt
[1.713s] /home/root1/.local/lib/python3.10/site-packages/setuptools/_distutils/cmd.py:66: SetuptoolsDeprecationWarning: setup.py install is deprecated.
[1.713s] !!
[1.713s] 
[1.713s]         ********************************************************************************
[1.713s]         Please avoid running ``setup.py`` directly.
[1.713s]         Instead, use pypa/build, pypa/installer or other
[1.713s]         standards-based tools.
[1.713s] 
[1.714s]         See https://blog.ganssle.io/articles/2021/10/setup-py-deprecated.html for details.
[1.714s]         ********************************************************************************
[1.714s] 
[1.714s] !!
[1.714s]   self.initialize_options()
[1.720s] running egg_info
[1.784s] writing vimbax_camera_examples.egg-info/PKG-INFO
[1.785s] writing dependency_links to vimbax_camera_examples.egg-info/dependency_links.txt
[1.785s] writing entry points to vimbax_camera_examples.egg-info/entry_points.txt
[1.786s] writing top-level names to vimbax_camera_examples.egg-info/top_level.txt
[1.867s] writing manifest file 'vimbax_camera_examples.egg-info/SOURCES.txt'
[1.979s] reading manifest file 'vimbax_camera_examples.egg-info/SOURCES.txt'
[1.980s] writing manifest file 'vimbax_camera_examples.egg-info/SOURCES.txt'
[2.069s] [ 50%] Built target ament_cmake_python_build_vimbax_camera_examples_egg
[2.090s] reading manifest file 'vimbax_camera_examples.egg-info/SOURCES.txt'
[2.091s] writing manifest file 'vimbax_camera_examples.egg-info/SOURCES.txt'
[2.148s] Installing asynchronous_grab script to scripts
[2.149s] Installing asynchronous_grab_opencv script to scripts
[2.149s] Installing camera_connected script to scripts
[2.149s] Installing connection_observer script to scripts
[2.149s] Installing event_viewer script to scripts
[2.149s] Installing feature_command_execute script to scripts
[2.150s] Installing feature_get script to scripts
[2.150s] Installing feature_info_get script to scripts
[2.150s] Installing feature_set script to scripts
[2.150s] Installing list_features script to scripts
[2.150s] Installing settings_load_save script to scripts
[2.153s] Installing status_get script to scripts
[2.239s] [ 50%] Built target ament_cmake_python_build_vimbax_camera_examples_scripts
[6.063s] [ 66%] [32m[1mLinking CXX shared library libasynchronous_grab_performance.so[0m
[6.200s] [ 83%] [32m[1mLinking CXX executable asynchronous_grab_cpp[0m
[6.357s] [ 83%] Built target asynchronous_grab_performance
[6.402s] [ 83%] Built target asynchronous_grab_cpp
[11.819s] [100%] [32m[1mLinking CXX executable event_viewer_cpp[0m
[12.218s] [100%] Built target event_viewer_cpp
[12.221s] Invoked command in '/home/root1/lzx_ws/project/vimbax_ros_camera/build/vimbax_camera_examples' returned '0': CMAKE_PREFIX_PATH=/home/root1/lzx_ws/project/vimbax_ros_camera/install/vimbax_camera_events:/home/root1/lzx_ws/project/vimbax_ros_camera/install/vimbax_camera_msgs:/home/root1/lzx_ws/project/vimbax_ros_camera/install/vimbax_camera_lut:/home/root1/lzx_ws/project/vimbax_ros_camera/install/vimbax_camera:/home/root1/lzx_ws/project/vimbax_ros_camera/install/vmbc_interface:/home/root1/lzx_ws/project/vimbax_ros_camera/install/vimbax_camera_examples:/home/root1/ros2_ws/install/robot_interface:/opt/ros/humble:/home/root1/lzx_ws/project/vimbax_ros_camera/install/vimbax_camera_color_correction LD_LIBRARY_PATH=/home/root1/lzx_ws/project/vimbax_ros_camera/install/vimbax_camera_events/lib:/home/root1/lzx_ws/project/vimbax_ros_camera/install/vimbax_camera_msgs/lib:/home/root1/lzx_ws/project/vimbax_ros_camera/install/vimbax_camera/lib:/home/root1/lzx_ws/project/vimbax_ros_camera/install/vimbax_camera_examples/lib:/home/root1/.local/lib:/home/root1/ros2_ws/install/robot_interface/lib:/opt/ros/humble/opt/rviz_ogre_vendor/lib:/opt/ros/humble/lib/x86_64-linux-gnu:/opt/ros/humble/lib:/usr/local/cuda-12.2/lib64:/usr/local/cuda-12.2/lib64:/usr/local/cuda-12.2/lib64 /usr/bin/cmake --build /home/root1/lzx_ws/project/vimbax_ros_camera/build/vimbax_camera_examples -- -j16 -l16
[12.223s] Invoking command in '/home/root1/lzx_ws/project/vimbax_ros_camera/build/vimbax_camera_examples': CMAKE_PREFIX_PATH=/home/root1/lzx_ws/project/vimbax_ros_camera/install/vimbax_camera_events:/home/root1/lzx_ws/project/vimbax_ros_camera/install/vimbax_camera_msgs:/home/root1/lzx_ws/project/vimbax_ros_camera/install/vimbax_camera_lut:/home/root1/lzx_ws/project/vimbax_ros_camera/install/vimbax_camera:/home/root1/lzx_ws/project/vimbax_ros_camera/install/vmbc_interface:/home/root1/lzx_ws/project/vimbax_ros_camera/install/vimbax_camera_examples:/home/root1/ros2_ws/install/robot_interface:/opt/ros/humble:/home/root1/lzx_ws/project/vimbax_ros_camera/install/vimbax_camera_color_correction LD_LIBRARY_PATH=/home/root1/lzx_ws/project/vimbax_ros_camera/install/vimbax_camera_events/lib:/home/root1/lzx_ws/project/vimbax_ros_camera/install/vimbax_camera_msgs/lib:/home/root1/lzx_ws/project/vimbax_ros_camera/install/vimbax_camera/lib:/home/root1/lzx_ws/project/vimbax_ros_camera/install/vimbax_camera_examples/lib:/home/root1/.local/lib:/home/root1/ros2_ws/install/robot_interface/lib:/opt/ros/humble/opt/rviz_ogre_vendor/lib:/opt/ros/humble/lib/x86_64-linux-gnu:/opt/ros/humble/lib:/usr/local/cuda-12.2/lib64:/usr/local/cuda-12.2/lib64:/usr/local/cuda-12.2/lib64 /usr/bin/cmake --install /home/root1/lzx_ws/project/vimbax_ros_camera/build/vimbax_camera_examples
[12.225s] -- Install configuration: ""
[12.225s] -- Installing: /home/root1/lzx_ws/project/vimbax_ros_camera/install/vimbax_camera_examples/lib/libasynchronous_grab_performance.so
[12.226s] -- Set runtime path of "/home/root1/lzx_ws/project/vimbax_ros_camera/install/vimbax_camera_examples/lib/libasynchronous_grab_performance.so" to ""
[12.226s] -- Installing: /home/root1/lzx_ws/project/vimbax_ros_camera/install/vimbax_camera_examples/lib/vimbax_camera_examples/asynchronous_grab_cpp
[12.226s] -- Set runtime path of "/home/root1/lzx_ws/project/vimbax_ros_camera/install/vimbax_camera_examples/lib/vimbax_camera_examples/asynchronous_grab_cpp" to ""
[12.226s] -- Installing: /home/root1/lzx_ws/project/vimbax_ros_camera/install/vimbax_camera_examples/lib/vimbax_camera_examples/event_viewer_cpp
[12.231s] -- Set runtime path of "/home/root1/lzx_ws/project/vimbax_ros_camera/install/vimbax_camera_examples/lib/vimbax_camera_examples/event_viewer_cpp" to ""
[12.231s] -- Installing: /home/root1/lzx_ws/project/vimbax_ros_camera/install/vimbax_camera_examples/share/vimbax_camera_examples//launch
[12.231s] -- Installing: /home/root1/lzx_ws/project/vimbax_ros_camera/install/vimbax_camera_examples/share/vimbax_camera_examples//launch/vimbax_calibration_launch.py
[12.231s] -- Installing: /home/root1/lzx_ws/project/vimbax_ros_camera/install/vimbax_camera_examples/share/vimbax_camera_examples//launch/asynchronous_grab_performance_launch.py
[12.231s] -- Installing: /home/root1/lzx_ws/project/vimbax_ros_camera/install/vimbax_camera_examples/share/vimbax_camera_examples/environment/pythonpath.sh
[12.231s] -- Installing: /home/root1/lzx_ws/project/vimbax_ros_camera/install/vimbax_camera_examples/share/vimbax_camera_examples/environment/pythonpath.dsv
[12.231s] -- Installing: /home/root1/lzx_ws/project/vimbax_ros_camera/install/vimbax_camera_examples/local/lib/python3.10/dist-packages/vimbax_camera_examples-1.0.2-py3.10.egg-info
[12.231s] -- Installing: /home/root1/lzx_ws/project/vimbax_ros_camera/install/vimbax_camera_examples/local/lib/python3.10/dist-packages/vimbax_camera_examples-1.0.2-py3.10.egg-info/entry_points.txt
[12.232s] -- Installing: /home/root1/lzx_ws/project/vimbax_ros_camera/install/vimbax_camera_examples/local/lib/python3.10/dist-packages/vimbax_camera_examples-1.0.2-py3.10.egg-info/dependency_links.txt
[12.232s] -- Installing: /home/root1/lzx_ws/project/vimbax_ros_camera/install/vimbax_camera_examples/local/lib/python3.10/dist-packages/vimbax_camera_examples-1.0.2-py3.10.egg-info/PKG-INFO
[12.232s] -- Installing: /home/root1/lzx_ws/project/vimbax_ros_camera/install/vimbax_camera_examples/local/lib/python3.10/dist-packages/vimbax_camera_examples-1.0.2-py3.10.egg-info/top_level.txt
[12.232s] -- Installing: /home/root1/lzx_ws/project/vimbax_ros_camera/install/vimbax_camera_examples/local/lib/python3.10/dist-packages/vimbax_camera_examples-1.0.2-py3.10.egg-info/SOURCES.txt
[12.232s] -- Up-to-date: /home/root1/lzx_ws/project/vimbax_ros_camera/install/vimbax_camera_examples/lib/vimbax_camera_examples/
[12.232s] -- Installing: /home/root1/lzx_ws/project/vimbax_ros_camera/install/vimbax_camera_examples/lib/vimbax_camera_examples//list_features
[12.232s] -- Installing: /home/root1/lzx_ws/project/vimbax_ros_camera/install/vimbax_camera_examples/lib/vimbax_camera_examples//status_get
[12.232s] -- Installing: /home/root1/lzx_ws/project/vimbax_ros_camera/install/vimbax_camera_examples/lib/vimbax_camera_examples//feature_info_get
[12.232s] -- Installing: /home/root1/lzx_ws/project/vimbax_ros_camera/install/vimbax_camera_examples/lib/vimbax_camera_examples//event_viewer
[12.232s] -- Installing: /home/root1/lzx_ws/project/vimbax_ros_camera/install/vimbax_camera_examples/lib/vimbax_camera_examples//feature_set
[12.232s] -- Installing: /home/root1/lzx_ws/project/vimbax_ros_camera/install/vimbax_camera_examples/lib/vimbax_camera_examples//feature_get
[12.233s] -- Installing: /home/root1/lzx_ws/project/vimbax_ros_camera/install/vimbax_camera_examples/lib/vimbax_camera_examples//feature_command_execute
[12.233s] -- Installing: /home/root1/lzx_ws/project/vimbax_ros_camera/install/vimbax_camera_examples/lib/vimbax_camera_examples//camera_connected
[12.233s] -- Installing: /home/root1/lzx_ws/project/vimbax_ros_camera/install/vimbax_camera_examples/lib/vimbax_camera_examples//settings_load_save
[12.233s] -- Installing: /home/root1/lzx_ws/project/vimbax_ros_camera/install/vimbax_camera_examples/lib/vimbax_camera_examples//asynchronous_grab_opencv
[12.233s] -- Installing: /home/root1/lzx_ws/project/vimbax_ros_camera/install/vimbax_camera_examples/lib/vimbax_camera_examples//asynchronous_grab
[12.233s] -- Installing: /home/root1/lzx_ws/project/vimbax_ros_camera/install/vimbax_camera_examples/lib/vimbax_camera_examples//connection_observer
[12.233s] -- Installing: /home/root1/lzx_ws/project/vimbax_ros_camera/install/vimbax_camera_examples/local/lib/python3.10/dist-packages/vimbax_camera_examples
[12.233s] -- Installing: /home/root1/lzx_ws/project/vimbax_ros_camera/install/vimbax_camera_examples/local/lib/python3.10/dist-packages/vimbax_camera_examples/asynchronous_grab.py
[12.233s] -- Installing: /home/root1/lzx_ws/project/vimbax_ros_camera/install/vimbax_camera_examples/local/lib/python3.10/dist-packages/vimbax_camera_examples/feature_command_execute.py
[12.233s] -- Installing: /home/root1/lzx_ws/project/vimbax_ros_camera/install/vimbax_camera_examples/local/lib/python3.10/dist-packages/vimbax_camera_examples/camera_connected.py
[12.233s] -- Installing: /home/root1/lzx_ws/project/vimbax_ros_camera/install/vimbax_camera_examples/local/lib/python3.10/dist-packages/vimbax_camera_examples/list_features.py
[12.234s] -- Installing: /home/root1/lzx_ws/project/vimbax_ros_camera/install/vimbax_camera_examples/local/lib/python3.10/dist-packages/vimbax_camera_examples/feature_set.py
[12.234s] -- Installing: /home/root1/lzx_ws/project/vimbax_ros_camera/install/vimbax_camera_examples/local/lib/python3.10/dist-packages/vimbax_camera_examples/settings_load_save.py
[12.234s] -- Installing: /home/root1/lzx_ws/project/vimbax_ros_camera/install/vimbax_camera_examples/local/lib/python3.10/dist-packages/vimbax_camera_examples/status_get.py
[12.234s] -- Installing: /home/root1/lzx_ws/project/vimbax_ros_camera/install/vimbax_camera_examples/local/lib/python3.10/dist-packages/vimbax_camera_examples/__init__.py
[12.234s] -- Installing: /home/root1/lzx_ws/project/vimbax_ros_camera/install/vimbax_camera_examples/local/lib/python3.10/dist-packages/vimbax_camera_examples/asynchronous_grab_opencv.py
[12.234s] -- Installing: /home/root1/lzx_ws/project/vimbax_ros_camera/install/vimbax_camera_examples/local/lib/python3.10/dist-packages/vimbax_camera_examples/event_viewer.py
[12.234s] -- Installing: /home/root1/lzx_ws/project/vimbax_ros_camera/install/vimbax_camera_examples/local/lib/python3.10/dist-packages/vimbax_camera_examples/helper.py
[12.234s] -- Installing: /home/root1/lzx_ws/project/vimbax_ros_camera/install/vimbax_camera_examples/local/lib/python3.10/dist-packages/vimbax_camera_examples/feature_get.py
[12.234s] -- Installing: /home/root1/lzx_ws/project/vimbax_ros_camera/install/vimbax_camera_examples/local/lib/python3.10/dist-packages/vimbax_camera_examples/feature_info_get.py
[12.234s] -- Installing: /home/root1/lzx_ws/project/vimbax_ros_camera/install/vimbax_camera_examples/local/lib/python3.10/dist-packages/vimbax_camera_examples/connection_observer.py
[12.271s] Listing '/home/root1/lzx_ws/project/vimbax_ros_camera/install/vimbax_camera_examples/local/lib/python3.10/dist-packages/vimbax_camera_examples'...
[12.271s] Compiling '/home/root1/lzx_ws/project/vimbax_ros_camera/install/vimbax_camera_examples/local/lib/python3.10/dist-packages/vimbax_camera_examples/__init__.py'...
[12.271s] Compiling '/home/root1/lzx_ws/project/vimbax_ros_camera/install/vimbax_camera_examples/local/lib/python3.10/dist-packages/vimbax_camera_examples/asynchronous_grab.py'...
[12.271s] Compiling '/home/root1/lzx_ws/project/vimbax_ros_camera/install/vimbax_camera_examples/local/lib/python3.10/dist-packages/vimbax_camera_examples/asynchronous_grab_opencv.py'...
[12.271s] Compiling '/home/root1/lzx_ws/project/vimbax_ros_camera/install/vimbax_camera_examples/local/lib/python3.10/dist-packages/vimbax_camera_examples/camera_connected.py'...
[12.271s] Compiling '/home/root1/lzx_ws/project/vimbax_ros_camera/install/vimbax_camera_examples/local/lib/python3.10/dist-packages/vimbax_camera_examples/connection_observer.py'...
[12.271s] Compiling '/home/root1/lzx_ws/project/vimbax_ros_camera/install/vimbax_camera_examples/local/lib/python3.10/dist-packages/vimbax_camera_examples/event_viewer.py'...
[12.271s] Compiling '/home/root1/lzx_ws/project/vimbax_ros_camera/install/vimbax_camera_examples/local/lib/python3.10/dist-packages/vimbax_camera_examples/feature_command_execute.py'...
[12.271s] Compiling '/home/root1/lzx_ws/project/vimbax_ros_camera/install/vimbax_camera_examples/local/lib/python3.10/dist-packages/vimbax_camera_examples/feature_get.py'...
[12.271s] Compiling '/home/root1/lzx_ws/project/vimbax_ros_camera/install/vimbax_camera_examples/local/lib/python3.10/dist-packages/vimbax_camera_examples/feature_info_get.py'...
[12.271s] Compiling '/home/root1/lzx_ws/project/vimbax_ros_camera/install/vimbax_camera_examples/local/lib/python3.10/dist-packages/vimbax_camera_examples/feature_set.py'...
[12.271s] Compiling '/home/root1/lzx_ws/project/vimbax_ros_camera/install/vimbax_camera_examples/local/lib/python3.10/dist-packages/vimbax_camera_examples/helper.py'...
[12.271s] Compiling '/home/root1/lzx_ws/project/vimbax_ros_camera/install/vimbax_camera_examples/local/lib/python3.10/dist-packages/vimbax_camera_examples/list_features.py'...
[12.272s] Compiling '/home/root1/lzx_ws/project/vimbax_ros_camera/install/vimbax_camera_examples/local/lib/python3.10/dist-packages/vimbax_camera_examples/settings_load_save.py'...
[12.272s] Compiling '/home/root1/lzx_ws/project/vimbax_ros_camera/install/vimbax_camera_examples/local/lib/python3.10/dist-packages/vimbax_camera_examples/status_get.py'...
[12.275s] -- Installing: /home/root1/lzx_ws/project/vimbax_ros_camera/install/vimbax_camera_examples/share/vimbax_camera_examples/environment/library_path.sh
[12.275s] -- Installing: /home/root1/lzx_ws/project/vimbax_ros_camera/install/vimbax_camera_examples/share/vimbax_camera_examples/environment/library_path.dsv
[12.276s] -- Installing: /home/root1/lzx_ws/project/vimbax_ros_camera/install/vimbax_camera_examples/share/ament_index/resource_index/package_run_dependencies/vimbax_camera_examples
[12.276s] -- Installing: /home/root1/lzx_ws/project/vimbax_ros_camera/install/vimbax_camera_examples/share/ament_index/resource_index/parent_prefix_path/vimbax_camera_examples
[12.276s] -- Installing: /home/root1/lzx_ws/project/vimbax_ros_camera/install/vimbax_camera_examples/share/vimbax_camera_examples/environment/ament_prefix_path.sh
[12.276s] -- Installing: /home/root1/lzx_ws/project/vimbax_ros_camera/install/vimbax_camera_examples/share/vimbax_camera_examples/environment/ament_prefix_path.dsv
[12.276s] -- Installing: /home/root1/lzx_ws/project/vimbax_ros_camera/install/vimbax_camera_examples/share/vimbax_camera_examples/environment/path.sh
[12.276s] -- Installing: /home/root1/lzx_ws/project/vimbax_ros_camera/install/vimbax_camera_examples/share/vimbax_camera_examples/environment/path.dsv
[12.276s] -- Installing: /home/root1/lzx_ws/project/vimbax_ros_camera/install/vimbax_camera_examples/share/vimbax_camera_examples/local_setup.bash
[12.277s] -- Installing: /home/root1/lzx_ws/project/vimbax_ros_camera/install/vimbax_camera_examples/share/vimbax_camera_examples/local_setup.sh
[12.277s] -- Installing: /home/root1/lzx_ws/project/vimbax_ros_camera/install/vimbax_camera_examples/share/vimbax_camera_examples/local_setup.zsh
[12.277s] -- Installing: /home/root1/lzx_ws/project/vimbax_ros_camera/install/vimbax_camera_examples/share/vimbax_camera_examples/local_setup.dsv
[12.277s] -- Installing: /home/root1/lzx_ws/project/vimbax_ros_camera/install/vimbax_camera_examples/share/vimbax_camera_examples/package.dsv
[12.277s] -- Installing: /home/root1/lzx_ws/project/vimbax_ros_camera/install/vimbax_camera_examples/share/ament_index/resource_index/packages/vimbax_camera_examples
[12.277s] -- Installing: /home/root1/lzx_ws/project/vimbax_ros_camera/install/vimbax_camera_examples/share/ament_index/resource_index/rclcpp_components/vimbax_camera_examples
[12.278s] -- Installing: /home/root1/lzx_ws/project/vimbax_ros_camera/install/vimbax_camera_examples/share/vimbax_camera_examples/cmake/ament_cmake_export_libraries-extras.cmake
[12.278s] -- Installing: /home/root1/lzx_ws/project/vimbax_ros_camera/install/vimbax_camera_examples/share/vimbax_camera_examples/cmake/vimbax_camera_examplesConfig.cmake
[12.278s] -- Installing: /home/root1/lzx_ws/project/vimbax_ros_camera/install/vimbax_camera_examples/share/vimbax_camera_examples/cmake/vimbax_camera_examplesConfig-version.cmake
[12.278s] -- Installing: /home/root1/lzx_ws/project/vimbax_ros_camera/install/vimbax_camera_examples/share/vimbax_camera_examples/package.xml
[12.280s] Invoked command in '/home/root1/lzx_ws/project/vimbax_ros_camera/build/vimbax_camera_examples' returned '0': CMAKE_PREFIX_PATH=/home/root1/lzx_ws/project/vimbax_ros_camera/install/vimbax_camera_events:/home/root1/lzx_ws/project/vimbax_ros_camera/install/vimbax_camera_msgs:/home/root1/lzx_ws/project/vimbax_ros_camera/install/vimbax_camera_lut:/home/root1/lzx_ws/project/vimbax_ros_camera/install/vimbax_camera:/home/root1/lzx_ws/project/vimbax_ros_camera/install/vmbc_interface:/home/root1/lzx_ws/project/vimbax_ros_camera/install/vimbax_camera_examples:/home/root1/ros2_ws/install/robot_interface:/opt/ros/humble:/home/root1/lzx_ws/project/vimbax_ros_camera/install/vimbax_camera_color_correction LD_LIBRARY_PATH=/home/root1/lzx_ws/project/vimbax_ros_camera/install/vimbax_camera_events/lib:/home/root1/lzx_ws/project/vimbax_ros_camera/install/vimbax_camera_msgs/lib:/home/root1/lzx_ws/project/vimbax_ros_camera/install/vimbax_camera/lib:/home/root1/lzx_ws/project/vimbax_ros_camera/install/vimbax_camera_examples/lib:/home/root1/.local/lib:/home/root1/ros2_ws/install/robot_interface/lib:/opt/ros/humble/opt/rviz_ogre_vendor/lib:/opt/ros/humble/lib/x86_64-linux-gnu:/opt/ros/humble/lib:/usr/local/cuda-12.2/lib64:/usr/local/cuda-12.2/lib64:/usr/local/cuda-12.2/lib64 /usr/bin/cmake --install /home/root1/lzx_ws/project/vimbax_ros_camera/build/vimbax_camera_examples
