-- Install configuration: ""
-- Up-to-date: /home/root1/lzx_ws/project/vimbax_ros_camera/install/vmbc_interface/include
-- Up-to-date: /home/root1/lzx_ws/project/vimbax_ros_camera/install/vmbc_interface/include/VmbC
-- Up-to-date: /home/root1/lzx_ws/project/vimbax_ros_camera/install/vmbc_interface/include/VmbC/VmbC.h
-- Up-to-date: /home/root1/lzx_ws/project/vimbax_ros_camera/install/vmbc_interface/include/VmbC/VmbConstants.h
-- Up-to-date: /home/root1/lzx_ws/project/vimbax_ros_camera/install/vmbc_interface/include/VmbC/VmbCommonTypes.h
-- Up-to-date: /home/root1/lzx_ws/project/vimbax_ros_camera/install/vmbc_interface/include/VmbC/VmbCTypeDefinitions.h
-- Up-to-date: /home/root1/lzx_ws/project/vimbax_ros_camera/install/vmbc_interface/share/ament_index/resource_index/package_run_dependencies/vmbc_interface
-- Up-to-date: /home/root1/lzx_ws/project/vimbax_ros_camera/install/vmbc_interface/share/ament_index/resource_index/parent_prefix_path/vmbc_interface
-- Up-to-date: /home/root1/lzx_ws/project/vimbax_ros_camera/install/vmbc_interface/share/vmbc_interface/environment/ament_prefix_path.sh
-- Up-to-date: /home/root1/lzx_ws/project/vimbax_ros_camera/install/vmbc_interface/share/vmbc_interface/environment/ament_prefix_path.dsv
-- Up-to-date: /home/root1/lzx_ws/project/vimbax_ros_camera/install/vmbc_interface/share/vmbc_interface/environment/path.sh
-- Up-to-date: /home/root1/lzx_ws/project/vimbax_ros_camera/install/vmbc_interface/share/vmbc_interface/environment/path.dsv
-- Up-to-date: /home/root1/lzx_ws/project/vimbax_ros_camera/install/vmbc_interface/share/vmbc_interface/local_setup.bash
-- Up-to-date: /home/root1/lzx_ws/project/vimbax_ros_camera/install/vmbc_interface/share/vmbc_interface/local_setup.sh
-- Up-to-date: /home/root1/lzx_ws/project/vimbax_ros_camera/install/vmbc_interface/share/vmbc_interface/local_setup.zsh
-- Up-to-date: /home/root1/lzx_ws/project/vimbax_ros_camera/install/vmbc_interface/share/vmbc_interface/local_setup.dsv
-- Up-to-date: /home/root1/lzx_ws/project/vimbax_ros_camera/install/vmbc_interface/share/vmbc_interface/package.dsv
-- Up-to-date: /home/root1/lzx_ws/project/vimbax_ros_camera/install/vmbc_interface/share/ament_index/resource_index/packages/vmbc_interface
-- Up-to-date: /home/root1/lzx_ws/project/vimbax_ros_camera/install/vmbc_interface/share/vmbc_interface/cmake/ament_cmake_export_include_directories-extras.cmake
-- Up-to-date: /home/root1/lzx_ws/project/vimbax_ros_camera/install/vmbc_interface/share/vmbc_interface/cmake/vmbc_interfaceConfig.cmake
-- Up-to-date: /home/root1/lzx_ws/project/vimbax_ros_camera/install/vmbc_interface/share/vmbc_interface/cmake/vmbc_interfaceConfig-version.cmake
-- Up-to-date: /home/root1/lzx_ws/project/vimbax_ros_camera/install/vmbc_interface/share/vmbc_interface/package.xml
