[  0%] Built target ament_cmake_python_copy_vimbax_camera_examples_setup
[  0%] Built target ament_cmake_python_copy_vimbax_camera_examples
[ 33%] Built target event_viewer_cpp
[ 66%] Built target asynchronous_grab_performance
[100%] Built target asynchronous_grab_cpp
running install_scripts
running egg_info
writing vimbax_camera_examples.egg-info/PKG-INFO
writing dependency_links to vimbax_camera_examples.egg-info/dependency_links.txt
writing entry points to vimbax_camera_examples.egg-info/entry_points.txt
writing top-level names to vimbax_camera_examples.egg-info/top_level.txt
/home/root1/.local/lib/python3.10/site-packages/setuptools/_distutils/cmd.py:66: SetuptoolsDeprecationWarning: setup.py install is deprecated.
!!

        ********************************************************************************
        Please avoid running ``setup.py`` directly.
        Instead, use pypa/build, pypa/installer or other
        standards-based tools.

        See https://blog.ganssle.io/articles/2021/10/setup-py-deprecated.html for details.
        ********************************************************************************

!!
  self.initialize_options()
running egg_info
writing vimbax_camera_examples.egg-info/PKG-INFO
writing dependency_links to vimbax_camera_examples.egg-info/dependency_links.txt
writing entry points to vimbax_camera_examples.egg-info/entry_points.txt
writing top-level names to vimbax_camera_examples.egg-info/top_level.txt
reading manifest file 'vimbax_camera_examples.egg-info/SOURCES.txt'
writing manifest file 'vimbax_camera_examples.egg-info/SOURCES.txt'
reading manifest file 'vimbax_camera_examples.egg-info/SOURCES.txt'
writing manifest file 'vimbax_camera_examples.egg-info/SOURCES.txt'
[100%] Built target ament_cmake_python_build_vimbax_camera_examples_egg
Installing asynchronous_grab script to scripts
Installing asynchronous_grab_opencv script to scripts
Installing camera_connected script to scripts
Installing connection_observer script to scripts
Installing event_viewer script to scripts
Installing feature_command_execute script to scripts
Installing feature_get script to scripts
Installing feature_info_get script to scripts
Installing feature_set script to scripts
Installing list_features script to scripts
Installing settings_load_save script to scripts
Installing status_get script to scripts
[100%] Built target ament_cmake_python_build_vimbax_camera_examples_scripts
-- Install configuration: ""
-- Up-to-date: /home/root1/lzx_ws/project/vimbax_ros_camera/install/vimbax_camera_examples/lib/libasynchronous_grab_performance.so
-- Up-to-date: /home/root1/lzx_ws/project/vimbax_ros_camera/install/vimbax_camera_examples/lib/vimbax_camera_examples/asynchronous_grab_cpp
-- Up-to-date: /home/root1/lzx_ws/project/vimbax_ros_camera/install/vimbax_camera_examples/lib/vimbax_camera_examples/event_viewer_cpp
-- Up-to-date: /home/root1/lzx_ws/project/vimbax_ros_camera/install/vimbax_camera_examples/share/vimbax_camera_examples//launch
-- Up-to-date: /home/root1/lzx_ws/project/vimbax_ros_camera/install/vimbax_camera_examples/share/vimbax_camera_examples//launch/vimbax_calibration_launch.py
-- Up-to-date: /home/root1/lzx_ws/project/vimbax_ros_camera/install/vimbax_camera_examples/share/vimbax_camera_examples//launch/asynchronous_grab_performance_launch.py
-- Up-to-date: /home/root1/lzx_ws/project/vimbax_ros_camera/install/vimbax_camera_examples/share/vimbax_camera_examples/environment/pythonpath.sh
-- Up-to-date: /home/root1/lzx_ws/project/vimbax_ros_camera/install/vimbax_camera_examples/share/vimbax_camera_examples/environment/pythonpath.dsv
-- Up-to-date: /home/root1/lzx_ws/project/vimbax_ros_camera/install/vimbax_camera_examples/local/lib/python3.10/dist-packages/vimbax_camera_examples-1.0.2-py3.10.egg-info
-- Installing: /home/root1/lzx_ws/project/vimbax_ros_camera/install/vimbax_camera_examples/local/lib/python3.10/dist-packages/vimbax_camera_examples-1.0.2-py3.10.egg-info/entry_points.txt
-- Installing: /home/root1/lzx_ws/project/vimbax_ros_camera/install/vimbax_camera_examples/local/lib/python3.10/dist-packages/vimbax_camera_examples-1.0.2-py3.10.egg-info/dependency_links.txt
-- Installing: /home/root1/lzx_ws/project/vimbax_ros_camera/install/vimbax_camera_examples/local/lib/python3.10/dist-packages/vimbax_camera_examples-1.0.2-py3.10.egg-info/PKG-INFO
-- Installing: /home/root1/lzx_ws/project/vimbax_ros_camera/install/vimbax_camera_examples/local/lib/python3.10/dist-packages/vimbax_camera_examples-1.0.2-py3.10.egg-info/top_level.txt
-- Installing: /home/root1/lzx_ws/project/vimbax_ros_camera/install/vimbax_camera_examples/local/lib/python3.10/dist-packages/vimbax_camera_examples-1.0.2-py3.10.egg-info/SOURCES.txt
-- Up-to-date: /home/root1/lzx_ws/project/vimbax_ros_camera/install/vimbax_camera_examples/lib/vimbax_camera_examples/
-- Installing: /home/root1/lzx_ws/project/vimbax_ros_camera/install/vimbax_camera_examples/lib/vimbax_camera_examples//list_features
-- Installing: /home/root1/lzx_ws/project/vimbax_ros_camera/install/vimbax_camera_examples/lib/vimbax_camera_examples//status_get
-- Installing: /home/root1/lzx_ws/project/vimbax_ros_camera/install/vimbax_camera_examples/lib/vimbax_camera_examples//feature_info_get
-- Installing: /home/root1/lzx_ws/project/vimbax_ros_camera/install/vimbax_camera_examples/lib/vimbax_camera_examples//event_viewer
-- Installing: /home/root1/lzx_ws/project/vimbax_ros_camera/install/vimbax_camera_examples/lib/vimbax_camera_examples//feature_set
-- Installing: /home/root1/lzx_ws/project/vimbax_ros_camera/install/vimbax_camera_examples/lib/vimbax_camera_examples//feature_get
-- Installing: /home/root1/lzx_ws/project/vimbax_ros_camera/install/vimbax_camera_examples/lib/vimbax_camera_examples//feature_command_execute
-- Installing: /home/root1/lzx_ws/project/vimbax_ros_camera/install/vimbax_camera_examples/lib/vimbax_camera_examples//camera_connected
-- Installing: /home/root1/lzx_ws/project/vimbax_ros_camera/install/vimbax_camera_examples/lib/vimbax_camera_examples//settings_load_save
-- Installing: /home/root1/lzx_ws/project/vimbax_ros_camera/install/vimbax_camera_examples/lib/vimbax_camera_examples//asynchronous_grab_opencv
-- Installing: /home/root1/lzx_ws/project/vimbax_ros_camera/install/vimbax_camera_examples/lib/vimbax_camera_examples//asynchronous_grab
-- Installing: /home/root1/lzx_ws/project/vimbax_ros_camera/install/vimbax_camera_examples/lib/vimbax_camera_examples//connection_observer
-- Up-to-date: /home/root1/lzx_ws/project/vimbax_ros_camera/install/vimbax_camera_examples/local/lib/python3.10/dist-packages/vimbax_camera_examples
-- Up-to-date: /home/root1/lzx_ws/project/vimbax_ros_camera/install/vimbax_camera_examples/local/lib/python3.10/dist-packages/vimbax_camera_examples/asynchronous_grab.py
-- Up-to-date: /home/root1/lzx_ws/project/vimbax_ros_camera/install/vimbax_camera_examples/local/lib/python3.10/dist-packages/vimbax_camera_examples/feature_command_execute.py
-- Up-to-date: /home/root1/lzx_ws/project/vimbax_ros_camera/install/vimbax_camera_examples/local/lib/python3.10/dist-packages/vimbax_camera_examples/camera_connected.py
-- Up-to-date: /home/root1/lzx_ws/project/vimbax_ros_camera/install/vimbax_camera_examples/local/lib/python3.10/dist-packages/vimbax_camera_examples/list_features.py
-- Up-to-date: /home/root1/lzx_ws/project/vimbax_ros_camera/install/vimbax_camera_examples/local/lib/python3.10/dist-packages/vimbax_camera_examples/feature_set.py
-- Up-to-date: /home/root1/lzx_ws/project/vimbax_ros_camera/install/vimbax_camera_examples/local/lib/python3.10/dist-packages/vimbax_camera_examples/settings_load_save.py
-- Up-to-date: /home/root1/lzx_ws/project/vimbax_ros_camera/install/vimbax_camera_examples/local/lib/python3.10/dist-packages/vimbax_camera_examples/status_get.py
-- Up-to-date: /home/root1/lzx_ws/project/vimbax_ros_camera/install/vimbax_camera_examples/local/lib/python3.10/dist-packages/vimbax_camera_examples/__init__.py
-- Up-to-date: /home/root1/lzx_ws/project/vimbax_ros_camera/install/vimbax_camera_examples/local/lib/python3.10/dist-packages/vimbax_camera_examples/asynchronous_grab_opencv.py
-- Up-to-date: /home/root1/lzx_ws/project/vimbax_ros_camera/install/vimbax_camera_examples/local/lib/python3.10/dist-packages/vimbax_camera_examples/event_viewer.py
-- Up-to-date: /home/root1/lzx_ws/project/vimbax_ros_camera/install/vimbax_camera_examples/local/lib/python3.10/dist-packages/vimbax_camera_examples/helper.py
-- Up-to-date: /home/root1/lzx_ws/project/vimbax_ros_camera/install/vimbax_camera_examples/local/lib/python3.10/dist-packages/vimbax_camera_examples/feature_get.py
-- Up-to-date: /home/root1/lzx_ws/project/vimbax_ros_camera/install/vimbax_camera_examples/local/lib/python3.10/dist-packages/vimbax_camera_examples/feature_info_get.py
-- Up-to-date: /home/root1/lzx_ws/project/vimbax_ros_camera/install/vimbax_camera_examples/local/lib/python3.10/dist-packages/vimbax_camera_examples/connection_observer.py
Listing '/home/root1/lzx_ws/project/vimbax_ros_camera/install/vimbax_camera_examples/local/lib/python3.10/dist-packages/vimbax_camera_examples'...
-- Up-to-date: /home/root1/lzx_ws/project/vimbax_ros_camera/install/vimbax_camera_examples/share/vimbax_camera_examples/environment/library_path.sh
-- Up-to-date: /home/root1/lzx_ws/project/vimbax_ros_camera/install/vimbax_camera_examples/share/vimbax_camera_examples/environment/library_path.dsv
-- Up-to-date: /home/root1/lzx_ws/project/vimbax_ros_camera/install/vimbax_camera_examples/share/ament_index/resource_index/package_run_dependencies/vimbax_camera_examples
-- Up-to-date: /home/root1/lzx_ws/project/vimbax_ros_camera/install/vimbax_camera_examples/share/ament_index/resource_index/parent_prefix_path/vimbax_camera_examples
-- Up-to-date: /home/root1/lzx_ws/project/vimbax_ros_camera/install/vimbax_camera_examples/share/vimbax_camera_examples/environment/ament_prefix_path.sh
-- Up-to-date: /home/root1/lzx_ws/project/vimbax_ros_camera/install/vimbax_camera_examples/share/vimbax_camera_examples/environment/ament_prefix_path.dsv
-- Up-to-date: /home/root1/lzx_ws/project/vimbax_ros_camera/install/vimbax_camera_examples/share/vimbax_camera_examples/environment/path.sh
-- Up-to-date: /home/root1/lzx_ws/project/vimbax_ros_camera/install/vimbax_camera_examples/share/vimbax_camera_examples/environment/path.dsv
-- Up-to-date: /home/root1/lzx_ws/project/vimbax_ros_camera/install/vimbax_camera_examples/share/vimbax_camera_examples/local_setup.bash
-- Up-to-date: /home/root1/lzx_ws/project/vimbax_ros_camera/install/vimbax_camera_examples/share/vimbax_camera_examples/local_setup.sh
-- Up-to-date: /home/root1/lzx_ws/project/vimbax_ros_camera/install/vimbax_camera_examples/share/vimbax_camera_examples/local_setup.zsh
-- Up-to-date: /home/root1/lzx_ws/project/vimbax_ros_camera/install/vimbax_camera_examples/share/vimbax_camera_examples/local_setup.dsv
-- Installing: /home/root1/lzx_ws/project/vimbax_ros_camera/install/vimbax_camera_examples/share/vimbax_camera_examples/package.dsv
-- Up-to-date: /home/root1/lzx_ws/project/vimbax_ros_camera/install/vimbax_camera_examples/share/ament_index/resource_index/packages/vimbax_camera_examples
-- Up-to-date: /home/root1/lzx_ws/project/vimbax_ros_camera/install/vimbax_camera_examples/share/ament_index/resource_index/rclcpp_components/vimbax_camera_examples
-- Up-to-date: /home/root1/lzx_ws/project/vimbax_ros_camera/install/vimbax_camera_examples/share/vimbax_camera_examples/cmake/ament_cmake_export_libraries-extras.cmake
-- Up-to-date: /home/root1/lzx_ws/project/vimbax_ros_camera/install/vimbax_camera_examples/share/vimbax_camera_examples/cmake/vimbax_camera_examplesConfig.cmake
-- Up-to-date: /home/root1/lzx_ws/project/vimbax_ros_camera/install/vimbax_camera_examples/share/vimbax_camera_examples/cmake/vimbax_camera_examplesConfig-version.cmake
-- Up-to-date: /home/root1/lzx_ws/project/vimbax_ros_camera/install/vimbax_camera_examples/share/vimbax_camera_examples/package.xml
