[0.019s] Invoking command in '/home/root1/lzx_ws/project/vimbax_ros_camera/build/vimbax_camera_examples': CMAKE_PREFIX_PATH=/home/root1/lzx_ws/project/vimbax_ros_camera/install/vimbax_camera_events:/home/root1/lzx_ws/project/vimbax_ros_camera/install/vimbax_camera_msgs:/home/root1/lzx_ws/project/vimbax_ros_camera/install/vimbax_camera:/home/root1/lzx_ws/project/vimbax_ros_camera/install/vmbc_interface:/home/root1/lzx_ws/project/vimbax_ros_camera/install/vimbax_camera_examples:/home/root1/ros2_ws/install/robot_interface:/opt/ros/humble:/home/root1/lzx_ws/project/vimbax_ros_camera/install/vimbax_camera_color_correction LD_LIBRARY_PATH=/home/root1/lzx_ws/project/vimbax_ros_camera/install/vimbax_camera_events/lib:/home/root1/lzx_ws/project/vimbax_ros_camera/install/vimbax_camera_msgs/lib:/home/root1/lzx_ws/project/vimbax_ros_camera/install/vimbax_camera/lib:/home/root1/lzx_ws/project/vimbax_ros_camera/install/vimbax_camera_examples/lib:/home/root1/.local/lib:/home/root1/ros2_ws/install/robot_interface/lib:/opt/ros/humble/opt/rviz_ogre_vendor/lib:/opt/ros/humble/lib/x86_64-linux-gnu:/opt/ros/humble/lib:/usr/local/cuda-12.2/lib64:/usr/local/cuda-12.2/lib64:/usr/local/cuda-12.2/lib64 /usr/bin/cmake --build /home/root1/lzx_ws/project/vimbax_ros_camera/build/vimbax_camera_examples -- -j16 -l16
[0.050s] [35m[1mConsolidate compiler generated dependencies of target asynchronous_grab_cpp[0m
[0.052s] [35m[1mConsolidate compiler generated dependencies of target event_viewer_cpp[0m
[0.053s] [35m[1mConsolidate compiler generated dependencies of target asynchronous_grab_performance[0m
[0.059s] [  0%] Built target ament_cmake_python_copy_vimbax_camera_examples_setup
[0.059s] [  0%] Built target ament_cmake_python_copy_vimbax_camera_examples
[0.073s] [ 33%] Built target event_viewer_cpp
[0.073s] [ 66%] Built target asynchronous_grab_cpp
[0.074s] [100%] Built target asynchronous_grab_performance
[0.334s] running install_scripts
[0.344s] running egg_info
[0.367s] writing vimbax_camera_examples.egg-info/PKG-INFO
[0.368s] writing dependency_links to vimbax_camera_examples.egg-info/dependency_links.txt
[0.368s] writing entry points to vimbax_camera_examples.egg-info/entry_points.txt
[0.368s] writing top-level names to vimbax_camera_examples.egg-info/top_level.txt
[0.381s] /home/root1/.local/lib/python3.10/site-packages/setuptools/_distutils/cmd.py:66: SetuptoolsDeprecationWarning: setup.py install is deprecated.
[0.381s] !!
[0.381s] 
[0.382s]         ********************************************************************************
[0.382s]         Please avoid running ``setup.py`` directly.
[0.382s]         Instead, use pypa/build, pypa/installer or other
[0.382s]         standards-based tools.
[0.382s] 
[0.382s]         See https://blog.ganssle.io/articles/2021/10/setup-py-deprecated.html for details.
[0.382s]         ********************************************************************************
[0.382s] 
[0.382s] !!
[0.382s]   self.initialize_options()
[0.387s] running egg_info
[0.434s] writing vimbax_camera_examples.egg-info/PKG-INFO
[0.435s] writing dependency_links to vimbax_camera_examples.egg-info/dependency_links.txt
[0.435s] writing entry points to vimbax_camera_examples.egg-info/entry_points.txt
[0.436s] writing top-level names to vimbax_camera_examples.egg-info/top_level.txt
[0.588s] reading manifest file 'vimbax_camera_examples.egg-info/SOURCES.txt'
[0.589s] writing manifest file 'vimbax_camera_examples.egg-info/SOURCES.txt'
[0.627s] reading manifest file 'vimbax_camera_examples.egg-info/SOURCES.txt'
[0.628s] [100%] Built target ament_cmake_python_build_vimbax_camera_examples_egg
[0.628s] writing manifest file 'vimbax_camera_examples.egg-info/SOURCES.txt'
[0.661s] Installing asynchronous_grab script to scripts
[0.661s] Installing asynchronous_grab_opencv script to scripts
[0.661s] Installing camera_connected script to scripts
[0.661s] Installing connection_observer script to scripts
[0.662s] Installing event_viewer script to scripts
[0.662s] Installing feature_command_execute script to scripts
[0.662s] Installing feature_get script to scripts
[0.662s] Installing feature_info_get script to scripts
[0.662s] Installing feature_set script to scripts
[0.663s] Installing list_features script to scripts
[0.663s] Installing settings_load_save script to scripts
[0.663s] Installing status_get script to scripts
[0.702s] [100%] Built target ament_cmake_python_build_vimbax_camera_examples_scripts
[0.707s] Invoked command in '/home/root1/lzx_ws/project/vimbax_ros_camera/build/vimbax_camera_examples' returned '0': CMAKE_PREFIX_PATH=/home/root1/lzx_ws/project/vimbax_ros_camera/install/vimbax_camera_events:/home/root1/lzx_ws/project/vimbax_ros_camera/install/vimbax_camera_msgs:/home/root1/lzx_ws/project/vimbax_ros_camera/install/vimbax_camera:/home/root1/lzx_ws/project/vimbax_ros_camera/install/vmbc_interface:/home/root1/lzx_ws/project/vimbax_ros_camera/install/vimbax_camera_examples:/home/root1/ros2_ws/install/robot_interface:/opt/ros/humble:/home/root1/lzx_ws/project/vimbax_ros_camera/install/vimbax_camera_color_correction LD_LIBRARY_PATH=/home/root1/lzx_ws/project/vimbax_ros_camera/install/vimbax_camera_events/lib:/home/root1/lzx_ws/project/vimbax_ros_camera/install/vimbax_camera_msgs/lib:/home/root1/lzx_ws/project/vimbax_ros_camera/install/vimbax_camera/lib:/home/root1/lzx_ws/project/vimbax_ros_camera/install/vimbax_camera_examples/lib:/home/root1/.local/lib:/home/root1/ros2_ws/install/robot_interface/lib:/opt/ros/humble/opt/rviz_ogre_vendor/lib:/opt/ros/humble/lib/x86_64-linux-gnu:/opt/ros/humble/lib:/usr/local/cuda-12.2/lib64:/usr/local/cuda-12.2/lib64:/usr/local/cuda-12.2/lib64 /usr/bin/cmake --build /home/root1/lzx_ws/project/vimbax_ros_camera/build/vimbax_camera_examples -- -j16 -l16
[0.708s] Invoking command in '/home/root1/lzx_ws/project/vimbax_ros_camera/build/vimbax_camera_examples': CMAKE_PREFIX_PATH=/home/root1/lzx_ws/project/vimbax_ros_camera/install/vimbax_camera_events:/home/root1/lzx_ws/project/vimbax_ros_camera/install/vimbax_camera_msgs:/home/root1/lzx_ws/project/vimbax_ros_camera/install/vimbax_camera:/home/root1/lzx_ws/project/vimbax_ros_camera/install/vmbc_interface:/home/root1/lzx_ws/project/vimbax_ros_camera/install/vimbax_camera_examples:/home/root1/ros2_ws/install/robot_interface:/opt/ros/humble:/home/root1/lzx_ws/project/vimbax_ros_camera/install/vimbax_camera_color_correction LD_LIBRARY_PATH=/home/root1/lzx_ws/project/vimbax_ros_camera/install/vimbax_camera_events/lib:/home/root1/lzx_ws/project/vimbax_ros_camera/install/vimbax_camera_msgs/lib:/home/root1/lzx_ws/project/vimbax_ros_camera/install/vimbax_camera/lib:/home/root1/lzx_ws/project/vimbax_ros_camera/install/vimbax_camera_examples/lib:/home/root1/.local/lib:/home/root1/ros2_ws/install/robot_interface/lib:/opt/ros/humble/opt/rviz_ogre_vendor/lib:/opt/ros/humble/lib/x86_64-linux-gnu:/opt/ros/humble/lib:/usr/local/cuda-12.2/lib64:/usr/local/cuda-12.2/lib64:/usr/local/cuda-12.2/lib64 /usr/bin/cmake --install /home/root1/lzx_ws/project/vimbax_ros_camera/build/vimbax_camera_examples
[0.711s] -- Install configuration: ""
[0.712s] -- Up-to-date: /home/root1/lzx_ws/project/vimbax_ros_camera/install/vimbax_camera_examples/lib/libasynchronous_grab_performance.so
[0.712s] -- Up-to-date: /home/root1/lzx_ws/project/vimbax_ros_camera/install/vimbax_camera_examples/lib/vimbax_camera_examples/asynchronous_grab_cpp
[0.713s] -- Up-to-date: /home/root1/lzx_ws/project/vimbax_ros_camera/install/vimbax_camera_examples/lib/vimbax_camera_examples/event_viewer_cpp
[0.713s] -- Up-to-date: /home/root1/lzx_ws/project/vimbax_ros_camera/install/vimbax_camera_examples/share/vimbax_camera_examples//launch
[0.713s] -- Up-to-date: /home/root1/lzx_ws/project/vimbax_ros_camera/install/vimbax_camera_examples/share/vimbax_camera_examples//launch/vimbax_calibration_launch.py
[0.713s] -- Up-to-date: /home/root1/lzx_ws/project/vimbax_ros_camera/install/vimbax_camera_examples/share/vimbax_camera_examples//launch/asynchronous_grab_performance_launch.py
[0.713s] -- Up-to-date: /home/root1/lzx_ws/project/vimbax_ros_camera/install/vimbax_camera_examples/share/vimbax_camera_examples/environment/pythonpath.sh
[0.713s] -- Up-to-date: /home/root1/lzx_ws/project/vimbax_ros_camera/install/vimbax_camera_examples/share/vimbax_camera_examples/environment/pythonpath.dsv
[0.713s] -- Up-to-date: /home/root1/lzx_ws/project/vimbax_ros_camera/install/vimbax_camera_examples/local/lib/python3.10/dist-packages/vimbax_camera_examples-1.0.2-py3.10.egg-info
[0.714s] -- Installing: /home/root1/lzx_ws/project/vimbax_ros_camera/install/vimbax_camera_examples/local/lib/python3.10/dist-packages/vimbax_camera_examples-1.0.2-py3.10.egg-info/entry_points.txt
[0.714s] -- Installing: /home/root1/lzx_ws/project/vimbax_ros_camera/install/vimbax_camera_examples/local/lib/python3.10/dist-packages/vimbax_camera_examples-1.0.2-py3.10.egg-info/dependency_links.txt
[0.714s] -- Installing: /home/root1/lzx_ws/project/vimbax_ros_camera/install/vimbax_camera_examples/local/lib/python3.10/dist-packages/vimbax_camera_examples-1.0.2-py3.10.egg-info/PKG-INFO
[0.714s] -- Installing: /home/root1/lzx_ws/project/vimbax_ros_camera/install/vimbax_camera_examples/local/lib/python3.10/dist-packages/vimbax_camera_examples-1.0.2-py3.10.egg-info/top_level.txt
[0.714s] -- Installing: /home/root1/lzx_ws/project/vimbax_ros_camera/install/vimbax_camera_examples/local/lib/python3.10/dist-packages/vimbax_camera_examples-1.0.2-py3.10.egg-info/SOURCES.txt
[0.714s] -- Up-to-date: /home/root1/lzx_ws/project/vimbax_ros_camera/install/vimbax_camera_examples/lib/vimbax_camera_examples/
[0.714s] -- Installing: /home/root1/lzx_ws/project/vimbax_ros_camera/install/vimbax_camera_examples/lib/vimbax_camera_examples//list_features
[0.714s] -- Installing: /home/root1/lzx_ws/project/vimbax_ros_camera/install/vimbax_camera_examples/lib/vimbax_camera_examples//status_get
[0.715s] -- Installing: /home/root1/lzx_ws/project/vimbax_ros_camera/install/vimbax_camera_examples/lib/vimbax_camera_examples//feature_info_get
[0.715s] -- Installing: /home/root1/lzx_ws/project/vimbax_ros_camera/install/vimbax_camera_examples/lib/vimbax_camera_examples//event_viewer
[0.715s] -- Installing: /home/root1/lzx_ws/project/vimbax_ros_camera/install/vimbax_camera_examples/lib/vimbax_camera_examples//feature_set
[0.715s] -- Installing: /home/root1/lzx_ws/project/vimbax_ros_camera/install/vimbax_camera_examples/lib/vimbax_camera_examples//feature_get
[0.715s] -- Installing: /home/root1/lzx_ws/project/vimbax_ros_camera/install/vimbax_camera_examples/lib/vimbax_camera_examples//feature_command_execute
[0.715s] -- Installing: /home/root1/lzx_ws/project/vimbax_ros_camera/install/vimbax_camera_examples/lib/vimbax_camera_examples//camera_connected
[0.715s] -- Installing: /home/root1/lzx_ws/project/vimbax_ros_camera/install/vimbax_camera_examples/lib/vimbax_camera_examples//settings_load_save
[0.715s] -- Installing: /home/root1/lzx_ws/project/vimbax_ros_camera/install/vimbax_camera_examples/lib/vimbax_camera_examples//asynchronous_grab_opencv
[0.715s] -- Installing: /home/root1/lzx_ws/project/vimbax_ros_camera/install/vimbax_camera_examples/lib/vimbax_camera_examples//asynchronous_grab
[0.716s] -- Installing: /home/root1/lzx_ws/project/vimbax_ros_camera/install/vimbax_camera_examples/lib/vimbax_camera_examples//connection_observer
[0.716s] -- Up-to-date: /home/root1/lzx_ws/project/vimbax_ros_camera/install/vimbax_camera_examples/local/lib/python3.10/dist-packages/vimbax_camera_examples
[0.716s] -- Up-to-date: /home/root1/lzx_ws/project/vimbax_ros_camera/install/vimbax_camera_examples/local/lib/python3.10/dist-packages/vimbax_camera_examples/asynchronous_grab.py
[0.716s] -- Up-to-date: /home/root1/lzx_ws/project/vimbax_ros_camera/install/vimbax_camera_examples/local/lib/python3.10/dist-packages/vimbax_camera_examples/feature_command_execute.py
[0.716s] -- Up-to-date: /home/root1/lzx_ws/project/vimbax_ros_camera/install/vimbax_camera_examples/local/lib/python3.10/dist-packages/vimbax_camera_examples/camera_connected.py
[0.716s] -- Up-to-date: /home/root1/lzx_ws/project/vimbax_ros_camera/install/vimbax_camera_examples/local/lib/python3.10/dist-packages/vimbax_camera_examples/list_features.py
[0.716s] -- Up-to-date: /home/root1/lzx_ws/project/vimbax_ros_camera/install/vimbax_camera_examples/local/lib/python3.10/dist-packages/vimbax_camera_examples/feature_set.py
[0.717s] -- Up-to-date: /home/root1/lzx_ws/project/vimbax_ros_camera/install/vimbax_camera_examples/local/lib/python3.10/dist-packages/vimbax_camera_examples/settings_load_save.py
[0.717s] -- Up-to-date: /home/root1/lzx_ws/project/vimbax_ros_camera/install/vimbax_camera_examples/local/lib/python3.10/dist-packages/vimbax_camera_examples/status_get.py
[0.717s] -- Up-to-date: /home/root1/lzx_ws/project/vimbax_ros_camera/install/vimbax_camera_examples/local/lib/python3.10/dist-packages/vimbax_camera_examples/__init__.py
[0.717s] -- Up-to-date: /home/root1/lzx_ws/project/vimbax_ros_camera/install/vimbax_camera_examples/local/lib/python3.10/dist-packages/vimbax_camera_examples/asynchronous_grab_opencv.py
[0.717s] -- Up-to-date: /home/root1/lzx_ws/project/vimbax_ros_camera/install/vimbax_camera_examples/local/lib/python3.10/dist-packages/vimbax_camera_examples/event_viewer.py
[0.717s] -- Up-to-date: /home/root1/lzx_ws/project/vimbax_ros_camera/install/vimbax_camera_examples/local/lib/python3.10/dist-packages/vimbax_camera_examples/helper.py
[0.717s] -- Up-to-date: /home/root1/lzx_ws/project/vimbax_ros_camera/install/vimbax_camera_examples/local/lib/python3.10/dist-packages/vimbax_camera_examples/feature_get.py
[0.717s] -- Up-to-date: /home/root1/lzx_ws/project/vimbax_ros_camera/install/vimbax_camera_examples/local/lib/python3.10/dist-packages/vimbax_camera_examples/feature_info_get.py
[0.717s] -- Up-to-date: /home/root1/lzx_ws/project/vimbax_ros_camera/install/vimbax_camera_examples/local/lib/python3.10/dist-packages/vimbax_camera_examples/connection_observer.py
[0.755s] Listing '/home/root1/lzx_ws/project/vimbax_ros_camera/install/vimbax_camera_examples/local/lib/python3.10/dist-packages/vimbax_camera_examples'...
[0.760s] -- Up-to-date: /home/root1/lzx_ws/project/vimbax_ros_camera/install/vimbax_camera_examples/share/vimbax_camera_examples/environment/library_path.sh
[0.760s] -- Up-to-date: /home/root1/lzx_ws/project/vimbax_ros_camera/install/vimbax_camera_examples/share/vimbax_camera_examples/environment/library_path.dsv
[0.760s] -- Up-to-date: /home/root1/lzx_ws/project/vimbax_ros_camera/install/vimbax_camera_examples/share/ament_index/resource_index/package_run_dependencies/vimbax_camera_examples
[0.760s] -- Up-to-date: /home/root1/lzx_ws/project/vimbax_ros_camera/install/vimbax_camera_examples/share/ament_index/resource_index/parent_prefix_path/vimbax_camera_examples
[0.760s] -- Up-to-date: /home/root1/lzx_ws/project/vimbax_ros_camera/install/vimbax_camera_examples/share/vimbax_camera_examples/environment/ament_prefix_path.sh
[0.760s] -- Up-to-date: /home/root1/lzx_ws/project/vimbax_ros_camera/install/vimbax_camera_examples/share/vimbax_camera_examples/environment/ament_prefix_path.dsv
[0.760s] -- Up-to-date: /home/root1/lzx_ws/project/vimbax_ros_camera/install/vimbax_camera_examples/share/vimbax_camera_examples/environment/path.sh
[0.760s] -- Up-to-date: /home/root1/lzx_ws/project/vimbax_ros_camera/install/vimbax_camera_examples/share/vimbax_camera_examples/environment/path.dsv
[0.761s] -- Up-to-date: /home/root1/lzx_ws/project/vimbax_ros_camera/install/vimbax_camera_examples/share/vimbax_camera_examples/local_setup.bash
[0.761s] -- Up-to-date: /home/root1/lzx_ws/project/vimbax_ros_camera/install/vimbax_camera_examples/share/vimbax_camera_examples/local_setup.sh
[0.761s] -- Up-to-date: /home/root1/lzx_ws/project/vimbax_ros_camera/install/vimbax_camera_examples/share/vimbax_camera_examples/local_setup.zsh
[0.761s] -- Up-to-date: /home/root1/lzx_ws/project/vimbax_ros_camera/install/vimbax_camera_examples/share/vimbax_camera_examples/local_setup.dsv
[0.761s] -- Installing: /home/root1/lzx_ws/project/vimbax_ros_camera/install/vimbax_camera_examples/share/vimbax_camera_examples/package.dsv
[0.761s] -- Up-to-date: /home/root1/lzx_ws/project/vimbax_ros_camera/install/vimbax_camera_examples/share/ament_index/resource_index/packages/vimbax_camera_examples
[0.761s] -- Up-to-date: /home/root1/lzx_ws/project/vimbax_ros_camera/install/vimbax_camera_examples/share/ament_index/resource_index/rclcpp_components/vimbax_camera_examples
[0.761s] -- Up-to-date: /home/root1/lzx_ws/project/vimbax_ros_camera/install/vimbax_camera_examples/share/vimbax_camera_examples/cmake/ament_cmake_export_libraries-extras.cmake
[0.761s] -- Up-to-date: /home/root1/lzx_ws/project/vimbax_ros_camera/install/vimbax_camera_examples/share/vimbax_camera_examples/cmake/vimbax_camera_examplesConfig.cmake
[0.761s] -- Up-to-date: /home/root1/lzx_ws/project/vimbax_ros_camera/install/vimbax_camera_examples/share/vimbax_camera_examples/cmake/vimbax_camera_examplesConfig-version.cmake
[0.761s] -- Up-to-date: /home/root1/lzx_ws/project/vimbax_ros_camera/install/vimbax_camera_examples/share/vimbax_camera_examples/package.xml
[0.763s] Invoked command in '/home/root1/lzx_ws/project/vimbax_ros_camera/build/vimbax_camera_examples' returned '0': CMAKE_PREFIX_PATH=/home/root1/lzx_ws/project/vimbax_ros_camera/install/vimbax_camera_events:/home/root1/lzx_ws/project/vimbax_ros_camera/install/vimbax_camera_msgs:/home/root1/lzx_ws/project/vimbax_ros_camera/install/vimbax_camera:/home/root1/lzx_ws/project/vimbax_ros_camera/install/vmbc_interface:/home/root1/lzx_ws/project/vimbax_ros_camera/install/vimbax_camera_examples:/home/root1/ros2_ws/install/robot_interface:/opt/ros/humble:/home/root1/lzx_ws/project/vimbax_ros_camera/install/vimbax_camera_color_correction LD_LIBRARY_PATH=/home/root1/lzx_ws/project/vimbax_ros_camera/install/vimbax_camera_events/lib:/home/root1/lzx_ws/project/vimbax_ros_camera/install/vimbax_camera_msgs/lib:/home/root1/lzx_ws/project/vimbax_ros_camera/install/vimbax_camera/lib:/home/root1/lzx_ws/project/vimbax_ros_camera/install/vimbax_camera_examples/lib:/home/root1/.local/lib:/home/root1/ros2_ws/install/robot_interface/lib:/opt/ros/humble/opt/rviz_ogre_vendor/lib:/opt/ros/humble/lib/x86_64-linux-gnu:/opt/ros/humble/lib:/usr/local/cuda-12.2/lib64:/usr/local/cuda-12.2/lib64:/usr/local/cuda-12.2/lib64 /usr/bin/cmake --install /home/root1/lzx_ws/project/vimbax_ros_camera/build/vimbax_camera_examples
