[0.010s] Invoking command in '/home/root1/lzx_ws/project/vimbax_ros_camera/build/vmbc_interface': CMAKE_PREFIX_PATH=${CMAKE_PREFIX_PATH}:/home/root1/lzx_ws/project/vimbax_ros_camera_bak/install/vimbax_camera_color_correction:/home/root1/lzx_ws/project/vimbax_ros_camera/install/vimbax_camera_color_correction /usr/bin/cmake /home/root1/lzx_ws/project/vimbax_ros_camera/src/vimbax_ros2_driver/vmbc_interface -DCMAKE_INSTALL_PREFIX=/home/root1/lzx_ws/project/vimbax_ros_camera/install/vmbc_interface
[0.525s] -- The C compiler identification is GNU 11.4.0
[0.920s] -- The CXX compiler identification is GNU 11.4.0
[0.935s] -- Detecting C compiler ABI info
[1.021s] -- Detecting C compiler ABI info - done
[1.028s] -- Check for working C compiler: /usr/bin/cc - skipped
[1.028s] -- Detecting C compile features
[1.029s] -- Detecting C compile features - done
[1.033s] -- Detecting CXX compiler ABI info
[1.102s] -- Detecting CXX compiler ABI info - done
[1.111s] -- Check for working CXX compiler: /usr/bin/c++ - skipped
[1.111s] -- Detecting CXX compile features
[1.111s] -- Detecting CXX compile features - done
[1.119s] -- Found ament_cmake: 1.3.12 (/opt/ros/humble/share/ament_cmake/cmake)
[1.408s] -- Found Python3: /usr/bin/python3 (found version "3.10.12") found components: Interpreter 
[1.592s] -- Configuring done
[1.594s] -- Generating done
[1.596s] -- Build files have been written to: /home/root1/lzx_ws/project/vimbax_ros_camera/build/vmbc_interface
[1.599s] Invoked command in '/home/root1/lzx_ws/project/vimbax_ros_camera/build/vmbc_interface' returned '0': CMAKE_PREFIX_PATH=${CMAKE_PREFIX_PATH}:/home/root1/lzx_ws/project/vimbax_ros_camera_bak/install/vimbax_camera_color_correction:/home/root1/lzx_ws/project/vimbax_ros_camera/install/vimbax_camera_color_correction /usr/bin/cmake /home/root1/lzx_ws/project/vimbax_ros_camera/src/vimbax_ros2_driver/vmbc_interface -DCMAKE_INSTALL_PREFIX=/home/root1/lzx_ws/project/vimbax_ros_camera/install/vmbc_interface
[1.601s] Invoking command in '/home/root1/lzx_ws/project/vimbax_ros_camera/build/vmbc_interface': CMAKE_PREFIX_PATH=${CMAKE_PREFIX_PATH}:/home/root1/lzx_ws/project/vimbax_ros_camera_bak/install/vimbax_camera_color_correction:/home/root1/lzx_ws/project/vimbax_ros_camera/install/vimbax_camera_color_correction /usr/bin/cmake --build /home/root1/lzx_ws/project/vimbax_ros_camera/build/vmbc_interface -- -j16 -l16
[1.614s] Invoked command in '/home/root1/lzx_ws/project/vimbax_ros_camera/build/vmbc_interface' returned '0': CMAKE_PREFIX_PATH=${CMAKE_PREFIX_PATH}:/home/root1/lzx_ws/project/vimbax_ros_camera_bak/install/vimbax_camera_color_correction:/home/root1/lzx_ws/project/vimbax_ros_camera/install/vimbax_camera_color_correction /usr/bin/cmake --build /home/root1/lzx_ws/project/vimbax_ros_camera/build/vmbc_interface -- -j16 -l16
[1.618s] Invoking command in '/home/root1/lzx_ws/project/vimbax_ros_camera/build/vmbc_interface': CMAKE_PREFIX_PATH=${CMAKE_PREFIX_PATH}:/home/root1/lzx_ws/project/vimbax_ros_camera_bak/install/vimbax_camera_color_correction:/home/root1/lzx_ws/project/vimbax_ros_camera/install/vimbax_camera_color_correction /usr/bin/cmake --install /home/root1/lzx_ws/project/vimbax_ros_camera/build/vmbc_interface
[1.619s] -- Install configuration: ""
[1.619s] -- Installing: /home/root1/lzx_ws/project/vimbax_ros_camera/install/vmbc_interface/include
[1.619s] -- Installing: /home/root1/lzx_ws/project/vimbax_ros_camera/install/vmbc_interface/include/VmbC
[1.619s] -- Installing: /home/root1/lzx_ws/project/vimbax_ros_camera/install/vmbc_interface/include/VmbC/VmbC.h
[1.620s] -- Installing: /home/root1/lzx_ws/project/vimbax_ros_camera/install/vmbc_interface/include/VmbC/VmbConstants.h
[1.620s] -- Installing: /home/root1/lzx_ws/project/vimbax_ros_camera/install/vmbc_interface/include/VmbC/VmbCommonTypes.h
[1.620s] -- Installing: /home/root1/lzx_ws/project/vimbax_ros_camera/install/vmbc_interface/include/VmbC/VmbCTypeDefinitions.h
[1.620s] -- Installing: /home/root1/lzx_ws/project/vimbax_ros_camera/install/vmbc_interface/share/ament_index/resource_index/package_run_dependencies/vmbc_interface
[1.620s] -- Installing: /home/root1/lzx_ws/project/vimbax_ros_camera/install/vmbc_interface/share/ament_index/resource_index/parent_prefix_path/vmbc_interface
[1.620s] -- Installing: /home/root1/lzx_ws/project/vimbax_ros_camera/install/vmbc_interface/share/vmbc_interface/environment/ament_prefix_path.sh
[1.620s] -- Installing: /home/root1/lzx_ws/project/vimbax_ros_camera/install/vmbc_interface/share/vmbc_interface/environment/ament_prefix_path.dsv
[1.621s] -- Installing: /home/root1/lzx_ws/project/vimbax_ros_camera/install/vmbc_interface/share/vmbc_interface/environment/path.sh
[1.621s] -- Installing: /home/root1/lzx_ws/project/vimbax_ros_camera/install/vmbc_interface/share/vmbc_interface/environment/path.dsv
[1.621s] -- Installing: /home/root1/lzx_ws/project/vimbax_ros_camera/install/vmbc_interface/share/vmbc_interface/local_setup.bash
[1.621s] -- Installing: /home/root1/lzx_ws/project/vimbax_ros_camera/install/vmbc_interface/share/vmbc_interface/local_setup.sh
[1.621s] -- Installing: /home/root1/lzx_ws/project/vimbax_ros_camera/install/vmbc_interface/share/vmbc_interface/local_setup.zsh
[1.621s] -- Installing: /home/root1/lzx_ws/project/vimbax_ros_camera/install/vmbc_interface/share/vmbc_interface/local_setup.dsv
[1.621s] -- Installing: /home/root1/lzx_ws/project/vimbax_ros_camera/install/vmbc_interface/share/vmbc_interface/package.dsv
[1.621s] -- Installing: /home/root1/lzx_ws/project/vimbax_ros_camera/install/vmbc_interface/share/ament_index/resource_index/packages/vmbc_interface
[1.621s] -- Installing: /home/root1/lzx_ws/project/vimbax_ros_camera/install/vmbc_interface/share/vmbc_interface/cmake/ament_cmake_export_include_directories-extras.cmake
[1.622s] -- Installing: /home/root1/lzx_ws/project/vimbax_ros_camera/install/vmbc_interface/share/vmbc_interface/cmake/vmbc_interfaceConfig.cmake
[1.622s] -- Installing: /home/root1/lzx_ws/project/vimbax_ros_camera/install/vmbc_interface/share/vmbc_interface/cmake/vmbc_interfaceConfig-version.cmake
[1.622s] -- Installing: /home/root1/lzx_ws/project/vimbax_ros_camera/install/vmbc_interface/share/vmbc_interface/package.xml
[1.623s] Invoked command in '/home/root1/lzx_ws/project/vimbax_ros_camera/build/vmbc_interface' returned '0': CMAKE_PREFIX_PATH=${CMAKE_PREFIX_PATH}:/home/root1/lzx_ws/project/vimbax_ros_camera_bak/install/vimbax_camera_color_correction:/home/root1/lzx_ws/project/vimbax_ros_camera/install/vimbax_camera_color_correction /usr/bin/cmake --install /home/root1/lzx_ws/project/vimbax_ros_camera/build/vmbc_interface
